_solve_elapsed_time = 7.72822

calculated_sum = 28560300000

target_sum = 28560300000

set_len = 100

x [*] :=
  1 0    11 1    21 1    31 1    41 1    51 0    61 0    71 0    81 1    91 1
  2 0    12 1    22 1    32 1    42 1    52 0    62 0    72 1    82 1    92 0
  3 0    13 1    23 0    33 0    43 1    53 1    63 0    73 0    83 0    93 1
  4 1    14 1    24 1    34 1    44 1    54 0    64 1    74 0    84 0    94 1
  5 1    15 0    25 1    35 0    45 1    55 1    65 0    75 1    85 1    95 1
  6 0    16 0    26 1    36 1    46 0    56 0    66 0    76 0    86 0    96 0
  7 1    17 1    27 0    37 1    47 0    57 0    67 1    77 0    87 1    97 1
  8 1    18 0    28 0    38 1    48 1    58 0    68 0    78 0    88 0    98 0
  9 0    19 0    29 0    39 0    49 0    59 1    69 0    79 1    89 0    99 0
 10 0    20 1    30 1    40 1    50 0    60 0    70 0    80 1    90 0   100 0
;

values [*] :=
  1 1051990000    26  813279000    51  247686000    76  562706000
  2  989593000    27  381501000    52  576806000    77  491630000
  3  909470000    28  357126000    53  902961000    78  329693000
  4  679652000    29 1040360000    54  528441000    79  970748000
  5 1017430000    30  140739000    55  886164000    80    8930000
  6  405290000    31  461475000    56  249485000    81  617763000
  7  668518000    32  573131000    57  420283000    82   89003300
  8  433879000    33  872744000    58  375446000    83  737034000
  9  742990000    34 1059820000    59  607836000    84  272820000
 10  434692000    35  347969000    60   42980400    85  641087000
 11  737827000    36  242203000    61  627618000    86   34320300
 12  628201000    37  979411000    62  187371000    87  159326000
 13  188324000    38  316706000    63  632780000    88  369337000
 14  526896000    39  220874000    64   13047900    89  211613000
 15  603982000    40  370990000    65  819824000    90  280771000
 16 1070350000    41  454894000    66  199116000    91  811638000
 17  675657000    42  259230000    67  899620000    92  141850000
 18  385670000    43  779678000    68  479853000    93 1053690000
 19  932217000    44  586818000    69  542438000    94  937802000
 20  656852000    45  771641000    70  681908000    95   56409500
 21  429442000    46  968683000    71  226365000    96  313689000
 22  206347000    47  115689000    72  702061000    97  893315000
 23  431323000    48  954239000    73  398510000    98  823418000
 24 1046670000    49  274041000    74  893335000    99  632202000
 25  801281000    50  544790000    75  847683000   100  550595000
;

