_solve_elapsed_time = 14.9128

calculated_sum = 28356200000

target_sum = 28356200000

set_len = 100

x [*] :=
  1 0    11 0    21 1    31 1    41 0    51 1    61 0    71 0    81 0    91 1
  2 0    12 1    22 1    32 1    42 0    52 1    62 0    72 0    82 0    92 0
  3 1    13 0    23 1    33 1    43 0    53 1    63 0    73 1    83 1    93 0
  4 1    14 1    24 1    34 1    44 0    54 1    64 1    74 0    84 0    94 1
  5 0    15 0    25 1    35 1    45 1    55 0    65 0    75 0    85 1    95 0
  6 1    16 1    26 1    36 1    46 1    56 0    66 1    76 1    86 0    96 0
  7 0    17 1    27 1    37 1    47 1    57 0    67 0    77 0    87 0    97 0
  8 1    18 1    28 1    38 1    48 1    58 1    68 0    78 1    88 0    98 0
  9 1    19 1    29 1    39 0    49 1    59 0    69 0    79 0    89 1    99 0
 10 1    20 1    30 1    40 1    50 1    60 1    70 0    80 0    90 0   100 0
;

values [*] :=
  1   33836800    26  410147000    51  552411000    76  144827000
  2 1065940000    27  469950000    52  756010000    77  712759000
  3  990021000    28  673936000    53  448194000    78  465421000
  4 1030800000    29  325928000    54  941572000    79   22847200
  5  355092000    30  331757000    55  561256000    80  779134000
  6  126552000    31  387884000    56  461059000    81  773945000
  7  741443000    32  826056000    57  449148000    82  709752000
  8  363376000    33  277835000    58  262268000    83  849265000
  9 1037960000    34  711963000    59  902332000    84  446517000
 10  299144000    35  793826000    60  336345000    85  317358000
 11   92142500    36  672027000    61 1037720000    86   15067600
 12   54790000    37  203230000    62  757215000    87  355606000
 13 1027810000    38  864746000    63  134103000    88  677068000
 14  277904000    39  629527000    64 1051130000    89  100682000
 15  898567000    40  647210000    65    5468570    90  525796000
 16  718818000    41  971747000    66  165834000    91  928993000
 17  640838000    42  261536000    67  366827000    92  760705000
 18  140210000    43   71619000    68 1072260000    93  252712000
 19  705531000    44  707688000    69  964791000    94 1022440000
 20  179090000    45  363947000    70  557735000    95  477932000
 21  649037000    46  238887000    71  720819000    96  449202000
 22  793607000    47  654846000    72  807161000    97 1034670000
 23  387117000    48  805599000    73   86626300    98 1039050000
 24  226914000    49  363031000    74  604408000    99  267225000
 25 1028770000    50  253499000    75  222471000   100 1035670000
;

