_solve_elapsed_time = 0.009078

calculated_sum = 3141490000

target_sum = 3141490000

set_len = 18

x [*] :=
 1  1
 2  1
 3  1
 4  1
 5  1
 6  1
 7  1
 8  1
 9  1
10  0.162211
11  0
12  0
13  0
14  0
15  0
16  0
17  0
18  0
;

values [*] :=
 1   118290000
 2    32610400
 3  1058310000
 4   574960000
 5   265740000
 6   269916000
 7   111723000
 8   575935000
 9   108604000
10   156567000
11   678300000
12   726539000
13    26770000
14   183602000
15   190330000
16   984632000
17   972447000
18   643846000
;

