_solve_elapsed_time = 0.116012

calculated_sum = 6955460000

target_sum = 6955460000

set_len = 18

x [*] :=
 1  1
 2  0
 3  0
 4  0
 5  1
 6  0
 7  1
 8  1
 9  0
10  0
11  1
12  1
13  0
14  1
15  1
16  0
17  0
18  1
;

values [*] :=
 1   713368000
 2   179930000
 3   793983000
 4   130870000
 5   941890000
 6   557161000
 7   618111000
 8   993105000
 9   611469000
10   858246000
11   584489000
12  1034530000
13   321022000
14   370424000
15   806429000
16   759989000
17   409199000
18   893107000
;

