_solve_elapsed_time = 0.009022

calculated_sum = 8752820000

target_sum = 8752820000

set_len = 26

x [*] :=
 1 1            7 1           13 1           19 0           25 0
 2 1            8 1           14 0.0398619   20 0           26 0
 3 1            9 1           15 0           21 0
 4 1           10 1           16 0           22 0
 5 1           11 1           17 0           23 0
 6 1           12 1           18 0           24 0
;

values [*] :=
 1    2588370    7  656646000   13  941716000   19 1055930000   25  142848000
 2  942443000    8 1022650000   14  764106000   20  366145000   26  528356000
 3  934389000    9  686082000   15  574197000   21  803071000
 4  322907000   10  538596000   16 1013070000   22  271777000
 5  161783000   11  934576000   17  385399000   23  480713000
 6  746312000   12  831673000   18  153586000   24  200411000
;

