_solve_elapsed_time = 0.010452

calculated_sum = 6521390000

target_sum = 6521390000

set_len = 26

x [*] :=
 1 1           7 1          13 0.468517   19 0          25 0
 2 1           8 1          14 0          20 0          26 0
 3 1           9 1          15 0          21 0
 4 1          10 1          16 0          22 0
 5 1          11 1          17 0          23 0
 6 1          12 1          18 0          24 0
;

values [*] :=
 1  790075000    7  497126000   13 1063100000   19  447869000   25  332076000
 2  392733000    8  585214000   14  214832000   20  487638000   26  478763000
 3  203446000    9   56996300   15  718388000   21 1025250000
 4  174825000   10  114202000   16  763411000   22  592016000
 5  189178000   11  954896000   17  203221000   23  607122000
 6 1034120000   12 1030500000   18  258640000   24   26301200
;

