_solve_elapsed_time = 0.008943

calculated_sum = 6918970000

target_sum = 6918970000

set_len = 28

x [*] :=
 1 1            7 1           13 1           19 0.0277475   25 0
 2 1            8 1           14 1           20 0           26 0
 3 1            9 1           15 1           21 0           27 0
 4 1           10 1           16 1           22 0           28 0
 5 1           11 1           17 1           23 0
 6 1           12 1           18 1           24 0
;

values [*] :=
 1 323036000    7  43613600   13  36247700   19 651470000   25 955215000
 2 235879000    8 631496000   14 366017000   20 574714000   26 409687000
 3 281178000    9  39279500   15 593533000   21 277217000   27 642912000
 4  84856700   10 352036000   16 684622000   22 896799000   28 154952000
 5 219965000   11 612383000   17 342569000   23 137004000
 6 744980000   12 925032000   18 384167000   24 696152000
;

