_solve_elapsed_time = 0.008657

calculated_sum = 6966440000

target_sum = 6966440000

set_len = 28

x [*] :=
 1 1            7 1           13 1           19 0           25 0
 2 1            8 1           14 1           20 0           26 0
 3 1            9 1           15 1           21 0           27 0
 4 1           10 1           16 1           22 0           28 0
 5 1           11 1           17 1           23 0
 6 1           12 1           18 0.0304393   24 0
;

values [*] :=
 1  97287900    7 194654000   13 926641000   19 988791000   25 939619000
 2 402491000    8  68827400   14 332833000   20 310236000   26 672994000
 3 669091000    9 740569000   15  23574400   21 690001000   27 946622000
 4 191575000   10  58936400   16 730573000   22 691800000   28 650111000
 5 891832000   11 517790000   17 484333000   23 672055000
 6 597786000   12  22645500   18 492677000   24  94733800
;

