_solve_elapsed_time = 0.008767

calculated_sum = 9178450000

target_sum = 9178450000

set_len = 30

x [*] :=
 1 1           7 1          13 1          19 1          25 0
 2 1           8 1          14 1          20 0.547755   26 0
 3 1           9 1          15 1          21 0          27 0
 4 1          10 1          16 1          22 0          28 0
 5 1          11 1          17 1          23 0          29 0
 6 1          12 1          18 1          24 0          30 0
;

values [*] :=
 1  822033000    7  642531000   13  248041000   19  135444000   25  671985000
 2  272393000    8  192548000   14  511363000   20 1003040000   26  733831000
 3  870713000    9  356385000   15  294837000   21  497115000   27  994942000
 4  961522000   10  332219000   16  246251000   22  837744000   28  673303000
 5  815355000   11  946050000   17  155422000   23 1063600000   29  338256000
 6   58219600   12  338002000   18  429699000   24  436210000   30  556364000
;

