_solve_elapsed_time = 0.008745

calculated_sum = 10225800000

target_sum = 10225800000

set_len = 32

x [*] :=
 1 1           8 1          15 1          22 0          29 0
 2 1           9 1          16 1          23 0          30 0
 3 1          10 1          17 1          24 0          31 0
 4 1          11 1          18 0.335681   25 0          32 0
 5 1          12 1          19 0          26 0
 6 1          13 1          20 0          27 0
 7 1          14 1          21 0          28 0
;

values [*] :=
 1  173435000    8  548247000   15  958689000   22  951867000   29  348862000
 2  980496000    9  295034000   16  343642000   23   29211400   30   38196800
 3 1064600000   10  907738000   17  479418000   24  396491000   31   83134400
 4  389770000   11  766186000   18  738478000   25  720305000   32  395598000
 5  274755000   12  355305000   19  848995000   26  661942000
 6  937471000   13   86804500   20   71760700   27  572516000
 7  796465000   14  619802000   21  230988000   28  871702000
;

