_solve_elapsed_time = 0.008558

calculated_sum = 8700500000

target_sum = 8700500000

set_len = 34

x [*] :=
 1 1          7 1         13 1         19 0         25 0         31 0
 2 1          8 1         14 1         20 0         26 0         32 0
 3 1          9 1         15 1         21 0         27 0         33 0
 4 1         10 1         16 1         22 0         28 0         34 0
 5 1         11 1         17 0.90564   23 0         29 0
 6 1         12 1         18 0         24 0         30 0
;

values [*] :=
 1  448505000          13  304490000          25  444183000
 2   91647600          14  383102000          26  290364000
 3  652510000          15  360665000          27   80139000
 4  272663000          16   13344700          28  370114000
 5  599378000          17 1012620000          29  790075000
 6  534812000          18  350147000          30  128444000
 7  990317000          19   44585700          31  780899000
 8  492865000          20 1013160000          32  338895000
 9  679415000          21  942042000          33  979194000
10  244771000          22  612651000          34  300197000
11  813945000          23  706698000
12          9.01e+08   24  616544000
;

