_solve_elapsed_time = 0.008961

calculated_sum = 11854800000

target_sum = 11854800000

set_len = 34

x [*] :=
 1 1          7 1         13 1         19 0.56941   25 0         31 0
 2 1          8 1         14 1         20 0         26 0         32 0
 3 1          9 1         15 1         21 0         27 0         33 0
 4 1         10 1         16 1         22 0         28 0         34 0
 5 1         11 1         17 1         23 0         29 0
 6 1         12 1         18 1         24 0         30 0
;

values [*] :=
 1   34259000    8  481366000   15  835087000   22  566839000   29  626404000
 2 1055250000    9  407666000   16 1046740000   23  771469000   30  232969000
 3  819389000   10  672211000   17   70530000   24  952660000   31  951798000
 4  931445000   11   22393000   18 1013490000   25  798471000   32  501455000
 5  714791000   12  800009000   19  815044000   26  951669000   33  188237000
 6  407203000   13  997972000   20   31411300   27 1050780000   34  916243000
 7  154745000   14  926129000   21  885016000   28  480373000
;

