_solve_elapsed_time = 0.008162

calculated_sum = 1.0962e+10

target_sum = 1.0962e+10

set_len = 34

x [*] :=
 1 1            8 1           15 1           22 0           29 0
 2 1            9 1           16 1           23 0           30 0
 3 1           10 1           17 1           24 0           31 0
 4 1           11 1           18 1           25 0           32 0
 5 1           12 1           19 1           26 0           33 0
 6 1           13 1           20 0.0105161   27 0           34 0
 7 1           14 1           21 0           28 0
;

values [*] :=
 1  961235000    8  564433000   15  878236000   22  701872000   29  448199000
 2  679941000    9  572135000   16  783930000   23 1035130000   30  970508000
 3  125329000   10  970873000   17  799955000   24 1040100000   31  544954000
 4  333266000   11  473806000   18  637224000   25  535029000   32  614266000
 5  641074000   12  557461000   19  516940000   26  222864000   33  459512000
 6   24831000   13  385282000   20 1009010000   27  432213000   34  769278000
 7  205628000   14  839855000   21  323273000   28  530155000
;

