_solve_elapsed_time = 0.008684

calculated_sum = 7523730000

target_sum = 7523730000

set_len = 36

x [*] :=
 1 1            9 1           17 1           25 0           33 0
 2 1           10 1           18 1           26 0           34 0
 3 1           11 1           19 1           27 0           35 0
 4 1           12 1           20 0.0190553   28 0           36 0
 5 1           13 1           21 0           29 0
 6 1           14 1           22 0           30 0
 7 1           15 1           23 0           31 0
 8 1           16 1           24 0           32 0
;

values [*] :=
 1  46673800    9  14325600   17  42006200   25 338617000   33 384157000
 2 322385000   10 345348000   18 395041000   26 293799000   34  79303100
 3 347348000   11 991011000   19 670752000   27 922894000   35 263021000
 4 623198000   12 635295000   20 995827000   28 729337000   36 820064000
 5 573088000   13 118078000   21 524284000   29 101753000
 6 356532000   14 201548000   22 844140000   30 102342000
 7 268840000   15 551013000   23 229647000   31 658938000
 8 883583000   16 118684000   24 449054000   32 770235000
;

