_solve_elapsed_time = 303.093

calculated_sum = 9186950000

target_sum = 9186950000

set_len = 36

x [*] :=
 1 0    5 0    9 1   13 0   17 1   21 0   25 1   29 1   33 1
 2 0    6 1   10 1   14 0   18 1   22 0   26 0   30 1   34 0
 3 1    7 0   11 0   15 1   19 1   23 0   27 0   31 1   35 1
 4 1    8 0   12 1   16 0   20 1   24 1   28 1   32 1   36 1
;

values [*] :=
 1   2106770    9 586146000   17 445696000   25 388278000   33 189045000
 2 105448000   10 540760000   18 451724000   26 647906000   34  76403500
 3 308340000   11 673562000   19 550915000   27 356649000   35 374747000
 4  82691600   12 101598000   20 504404000   28 743134000   36 341258000
 5 603801000   13 136006000   21 856596000   29 490776000
 6 549276000   14 894952000   22 307828000   30 829079000
 7 137005000   15 937450000   23 730161000   31  29257300
 8 798273000   16 224095000   24 146759000   32 595615000
;

