_solve_elapsed_time = 0.008543

calculated_sum = 11211600000

target_sum = 11211600000

set_len = 38

x [*] :=
 1 1          8 1         15 1         22 0         29 0         36 0
 2 1          9 1         16 1         23 0         30 0         37 0
 3 1         10 1         17 1         24 0         31 0         38 0
 4 1         11 1         18 1         25 0         32 0
 5 1         12 1         19 1         26 0         33 0
 6 1         13 1         20 0.99916   27 0         34 0
 7 1         14 1         21 0         28 0         35 0
;

values [*] :=
 1  816492000    9   38498100   17  916092000   25  328132000   33  328527000
 2  797844000   10  618268000   18  887392000   26  178554000   34  230095000
 3  116394000   11  849918000   19  906064000   27  249724000   35 1031640000
 4  149394000   12  847887000   20  803932000   28  206730000   36  947364000
 5  571237000   13  408344000   21  124928000   29  422331000   37  541055000
 6  766841000   14  152397000   22   46770400   30  525830000   38  890814000
 7  648008000   15  214100000   23   24762300   31  359721000
 8  699762000   16    3451650   24  511435000   32  794602000
;

