_solve_elapsed_time = 0.008982

calculated_sum = 9968740000

target_sum = 9968740000

set_len = 38

x [*] :=
 1 1           9 1          17 1          25 0          33 0
 2 1          10 1          18 1          26 0          34 0
 3 1          11 1          19 1          27 0          35 0
 4 1          12 1          20 0.409913   28 0          36 0
 5 1          13 1          21 0          29 0          37 0
 6 1          14 1          22 0          30 0          38 0
 7 1          15 1          23 0          31 0
 8 1          16 1          24 0          32 0
;

values [*] :=
 1  902563000    9  307439000   17  481638000   25  145640000   33  327614000
 2  618880000   10  920489000   18   18952100   26  989409000   34   65726000
 3  755200000   11  959444000   19  922428000   27  921383000   35  644966000
 4  149743000   12  476698000   20  899617000   28  265389000   36  981927000
 5  584211000   13  139359000   21  420188000   29  523246000   37   55682400
 6  173112000   14  250762000   22  809975000   30  757739000   38  432287000
 7  300931000   15  321953000   23  701081000   31 1014830000
 8  243854000   16 1072330000   24  943017000   32  505533000
;

