_solve_elapsed_time = 0.009052

calculated_sum = 8748180000

target_sum = 8748180000

set_len = 38

x [*] :=
 1 1          8 1         15 1         22 0         29 0         36 0
 2 1          9 1         16 0.91894   23 0         30 0         37 0
 3 1         10 1         17 0         24 0         31 0         38 0
 4 1         11 1         18 0         25 0         32 0
 5 1         12 1         19 0         26 0         33 0
 6 1         13 1         20 0         27 0         34 0
 7 1         14 1         21 0         28 0         35 0
;

values [*] :=
 1 668192000    9 281639000   17  23974200   25  94989600   33 670542000
 2 175147000   10 500602000   18 107505000   26 412938000   34 374484000
 3 452529000   11 882466000   19 358193000   27 805604000   35 100855000
 4 567117000   12 582245000   20 291969000   28 683212000   36   1903370
 5 718231000   13 510404000   21 854077000   29 440426000   37 201190000
 6 902275000   14 402884000   22 245025000   30 639376000   38 376334000
 7 121217000   15 758760000   23 311544000   31 735659000
 8 809153000   16 451951000   24  95387400   32 573510000
;

