_solve_elapsed_time = 0.008899

calculated_sum = 10325100000

target_sum = 10325100000

set_len = 40

x [*] :=
 1 1           9 1          17 1          25 0          33 0
 2 1          10 1          18 1          26 0          34 0
 3 1          11 1          19 0.340378   27 0          35 0
 4 1          12 1          20 0          28 0          36 0
 5 1          13 1          21 0          29 0          37 0
 6 1          14 1          22 0          30 0          38 0
 7 1          15 1          23 0          31 0          39 0
 8 1          16 1          24 0          32 0          40 0
;

values [*] :=
 1 965529000    9 101555000   17 245778000   25 673999000   33 257133000
 2 207551000   10 329085000   18 889826000   26 736029000   34 518787000
 3 753963000   11 783985000   19 790278000   27 156089000   35 628155000
 4 287171000   12 971741000   20 549843000   28 950222000   36  42088800
 5 868926000   13 505238000   21 669005000   29 984403000   37 503188000
 6 694268000   14 292841000   22 483849000   30  87359400   38 222007000
 7 450656000   15 680731000   23 722211000   31 529708000   39 503375000
 8 984774000   16  42441900   24 410527000   32 803421000   40 478918000
;

