_solve_elapsed_time = 59.6568

calculated_sum = 11345400000

target_sum = 11345400000

set_len = 40

x [*] :=
 1 1    5 1    9 0   13 0   17 1   21 1   25 0   29 1   33 1   37 0
 2 0    6 0   10 0   14 1   18 1   22 0   26 0   30 1   34 1   38 1
 3 0    7 0   11 1   15 0   19 0   23 1   27 1   31 0   35 0   39 1
 4 1    8 0   12 0   16 1   20 1   24 1   28 1   32 1   36 0   40 1
;

values [*] :=
 1   12822400    9  195084000   17 1068610000   25  280234000   33  958518000
 2  809446000   10  205522000   18  418348000   26  175543000   34  614277000
 3  852617000   11  469456000   19  590636000   27  652609000   35  868733000
 4  744359000   12  637537000   20  660849000   28  988006000   36  904164000
 5   12988700   13  495118000   21  335992000   29  671697000   37  774677000
 6  746658000   14   56731700   22 1072030000   30 1029960000   38  353655000
 7  675404000   15  859113000   23  417498000   31  239157000   39  238311000
 8  879590000   16  105349000   24  918044000   32  228550000   40  388743000
;

