_solve_elapsed_time = 2.2471

calculated_sum = 13145400000

target_sum = 13145400000

set_len = 42

x [*] :=
 1 1    5 1    9 1   13 1   17 1   21 0   25 1   29 0   33 1   37 0   41 0
 2 1    6 1   10 1   14 1   18 0   22 0   26 1   30 1   34 0   38 1   42 1
 3 0    7 0   11 0   15 0   19 0   23 1   27 1   31 1   35 1   39 1
 4 0    8 1   12 1   16 1   20 1   24 0   28 0   32 1   36 0   40 0
;

values [*] :=
 1  411643000   10  386384000   19  636193000   28  721530000   37  815274000
 2  300562000   11  611030000   20 1026840000   29  310413000   38  871825000
 3  671685000   12  454744000   21  878466000   30  996947000   39  129466000
 4  717150000   13  831843000   22  997806000   31  755242000   40  817433000
 5  971112000   14  295479000   23  145904000   32  120110000   41  184666000
 6  188806000   15  634657000   24  177986000   33  592483000   42  876057000
 7  840657000   16  367301000   25  926891000   34  811034000
 8  938720000   17  134999000   26  471677000   35  114887000
 9  528854000   18  981942000   27  306616000   36  183992000
;

