_solve_elapsed_time = 5.20826

calculated_sum = 11509800000

target_sum = 11509800000

set_len = 42

x [*] :=
 1 0    5 0    9 0   13 1   17 1   21 1   25 0   29 0   33 0   37 0   41 0
 2 1    6 0   10 1   14 1   18 0   22 0   26 0   30 1   34 1   38 1   42 0
 3 0    7 0   11 0   15 1   19 0   23 0   27 1   31 0   35 1   39 1
 4 1    8 1   12 0   16 0   20 0   24 1   28 1   32 1   36 1   40 0
;

values [*] :=
 1  877621000   10  536704000   19   58661100   28  474327000   37  633618000
 2  824418000   11  941958000   20 1046720000   29  912327000   38  258550000
 3  865163000   12  863233000   21 1052810000   30  694221000   39  383349000
 4 1019430000   13  561355000   22  944895000   31  665693000   40   22293400
 5   94903900   14  814518000   23  496160000   32  541556000   41   74472600
 6  882501000   15  257404000   24  272527000   33  473075000   42  219365000
 7   69353200   16  799634000   25  776059000   34  879943000
 8  400834000   17  911464000   26  715287000   35  454452000
 9  171197000   18  281417000   27  687209000   36  484746000
;

