_solve_elapsed_time = 0.009078

calculated_sum = 1.0507e+10

target_sum = 1.0507e+10

set_len = 44

x [*] :=
 1 1           10 1           19 1           28 0           37 0
 2 1           11 1           20 1           29 0           38 0
 3 1           12 1           21 1           30 0           39 0
 4 1           13 1           22 1           31 0           40 0
 5 1           14 1           23 1           32 0           41 0
 6 1           15 1           24 0.0880337   33 0           42 0
 7 1           16 1           25 0           34 0           43 0
 8 1           17 1           26 0           35 0           44 0
 9 1           18 1           27 0           36 0
;

values [*] :=
 1  25374300   10   2674950   19 791251000   28 582685000   37 437194000
 2 446365000   11 321492000   20 684162000   29 557170000   38  83478800
 3 392418000   12 250995000   21 961425000   30 408037000   39  32975500
 4 790596000   13 133179000   22 477979000   31 305130000   40 529604000
 5 416932000   14 233704000   23 703326000   32  58634600   41 903893000
 6 123779000   15 890381000   24 849248000   33  39413900   42 948141000
 7 645585000   16 452709000   25 372153000   34 350044000   43 427809000
 8 907391000   17  38410600   26 189604000   35 351262000   44 272522000
 9 519140000   18 223007000   27  78104900   36 534398000
;

