_solve_elapsed_time = 0.008717

calculated_sum = 11429800000

target_sum = 11429800000

set_len = 44

x [*] :=
 1 1          10 1          19 1          28 0          37 0
 2 1          11 1          20 1          29 0          38 0
 3 1          12 1          21 1          30 0          39 0
 4 1          13 1          22 1          31 0          40 0
 5 1          14 1          23 1          32 0          41 0
 6 1          15 1          24 0.580532   33 0          42 0
 7 1          16 1          25 0          34 0          43 0
 8 1          17 1          26 0          35 0          44 0
 9 1          18 1          27 0          36 0
;

values [*] :=
 1  131535000   10  349045000   19  852810000   28  119542000   37 1059840000
 2  747675000   11  617681000   20  890127000   29  410960000   38  290344000
 3  246213000   12  449010000   21  608449000   30  961897000   39  681565000
 4  399046000   13   46552400   22  337283000   31  480410000   40  559263000
 5  512182000   14  334279000   23   27456800   32   36716300   41  584875000
 6  423541000   15   76328100   24  838981000   33  141654000   42  825647000
 7  946020000   16  267243000   25 1017620000   34  532650000   43  442710000
 8 1021360000   17  620685000   26  160747000   35  390432000   44  470446000
 9  917429000   18  120841000   27  123214000   36  527810000
;

