_solve_elapsed_time = 0.008537

calculated_sum = 9648110000

target_sum = 9648110000

set_len = 44

x [*] :=
 1 1          10 1          19 1          28 0          37 0
 2 1          11 1          20 1          29 0          38 0
 3 1          12 1          21 1          30 0          39 0
 4 1          13 1          22 0.482936   31 0          40 0
 5 1          14 1          23 0          32 0          41 0
 6 1          15 1          24 0          33 0          42 0
 7 1          16 1          25 0          34 0          43 0
 8 1          17 1          26 0          35 0          44 0
 9 1          18 1          27 0          36 0
;

values [*] :=
 1  192339000   10  429556000   19  487287000   28  598675000   37    1537600
 2    2947010   11  606655000   20  145730000   29  316243000   38  121091000
 3  362007000   12   57455000   21  594985000   30  618159000   39  949254000
 4  682366000   13  943751000   22  139430000   31  620261000   40  601381000
 5  126038000   14  391362000   23 1013100000   32  247116000   41  453346000
 6  388690000   15  597421000   24  196781000   33  107001000   42  703488000
 7 1001340000   16  520030000   25  767154000   34  526921000   43  745884000
 8  872153000   17  673739000   26  597849000   35  587159000   44  812511000
 9   13373100   18  491550000   27  427576000   36  500914000
;

