_solve_elapsed_time = 0.009266

calculated_sum = 11488700000

target_sum = 11488700000

set_len = 44

x [*] :=
 1 1          10 1          19 1          28 0          37 0
 2 1          11 1          20 0.086273   29 0          38 0
 3 1          12 1          21 0          30 0          39 0
 4 1          13 1          22 0          31 0          40 0
 5 1          14 1          23 0          32 0          41 0
 6 1          15 1          24 0          33 0          42 0
 7 1          16 1          25 0          34 0          43 0
 8 1          17 1          26 0          35 0          44 0
 9 1          18 1          27 0          36 0
;

values [*] :=
 1  952531000   10  538917000   19  726313000   28  880322000   37  309197000
 2  924376000   11  281712000   20  910744000   29  129769000   38   18719200
 3  546775000   12  458079000   21  423471000   30  425424000   39  452465000
 4  713658000   13 1060970000   22  697349000   31  600406000   40  598300000
 5  837241000   14  275184000   23  238015000   32  277214000   41  449585000
 6  295337000   15  882378000   24  529956000   33  666027000   42  319477000
 7  653688000   16  184298000   25  185533000   34    2880840   43  711698000
 8 1047470000   17  678703000   26  530192000   35  807676000   44  298697000
 9   41951200   18  310538000   27  534954000   36  947742000
;

