_solve_elapsed_time = 43.8939

calculated_sum = 12376200000

target_sum = 12376200000

set_len = 46

x [*] :=
 1 0    6 0   11 0   16 0   21 0   26 0   31 1   36 0   41 0   46 0
 2 1    7 1   12 1   17 0   22 0   27 1   32 0   37 1   42 0
 3 0    8 0   13 0   18 1   23 0   28 1   33 1   38 1   43 1
 4 1    9 1   14 1   19 0   24 1   29 0   34 1   39 0   44 1
 5 0   10 1   15 0   20 1   25 1   30 1   35 1   40 1   45 1
;

values [*] :=
 1  463742000   11  255236000   21  250297000   31  806752000   41  786239000
 2   82451600   12  664119000   22  756325000   32  861862000   42  759249000
 3  786326000   13  862179000   23  923110000   33  743301000   43   79527800
 4  598163000   14  988135000   24  391809000   34    3723280   44  767852000
 5  819761000   15  279722000   25  861489000   35  572462000   45  322793000
 6   19908400   16  788950000   26  700782000   36  273816000   46  595104000
 7  116787000   17  846218000   27  633731000   37  435496000
 8  536540000   18 1009470000   28  685338000   38  483234000
 9  404383000   19 1034130000   29  749190000   39  407196000
10  685342000   20  145363000   30  679532000   40  214903000
;

