_solve_elapsed_time = 2.338

calculated_sum = 11322400000

target_sum = 11322400000

set_len = 46

x [*] :=
 1 0    6 0   11 0   16 1   21 1   26 1   31 0   36 1   41 0   46 0
 2 1    7 0   12 1   17 0   22 0   27 0   32 0   37 0   42 1
 3 0    8 1   13 1   18 1   23 0   28 1   33 0   38 1   43 1
 4 1    9 1   14 0   19 1   24 0   29 0   34 1   39 1   44 1
 5 1   10 1   15 1   20 0   25 1   30 0   35 0   40 0   45 0
;

values [*] :=
 1  855462000   11  875621000   21  557464000   31  158098000   41  561546000
 2  607115000   12  900016000   22  400026000   32 1020970000   42  801976000
 3  513100000   13  907430000   23 1054610000   33 1013020000   43  259957000
 4  125412000   14  425657000   24  719439000   34  273483000   44    4538870
 5   43630600   15  784964000   25  241911000   35  486265000   45  813195000
 6  668905000   16  490169000   26  583665000   36   75977200   46     905637
 7  252852000   17  697694000   27  723949000   37   33215800
 8  929853000   18 1052120000   28  772457000   38  138205000
 9  199484000   19   76371700   29 1008070000   39  435764000
10 1060450000   20   39937600   30  958794000   40  165708000
;

