_solve_elapsed_time = 2.84019

calculated_sum = 14570500000

target_sum = 14570500000

set_len = 46

x [*] :=
 1 1    6 1   11 1   16 0   21 0   26 1   31 0   36 0   41 0   46 1
 2 1    7 0   12 0   17 0   22 0   27 0   32 1   37 1   42 0
 3 0    8 0   13 0   18 0   23 1   28 0   33 1   38 1   43 1
 4 1    9 0   14 0   19 1   24 1   29 0   34 1   39 0   44 1
 5 0   10 1   15 1   20 0   25 0   30 1   35 1   40 1   45 0
;

values [*] :=
 1 1038620000   11  327672000   21  535501000   31  448314000   41  634313000
 2  453750000   12   49691200   22   11749400   32  304170000   42  139432000
 3   94427800   13  613188000   23  952748000   33 1054020000   43  487623000
 4  640583000   14  989810000   24  662916000   34  225446000   44 1072340000
 5  947359000   15  210188000   25  344800000   35  425499000   45  442637000
 6  879563000   16  985521000   26  716729000   36  576706000   46 1023240000
 7  803765000   17  815641000   27  833641000   37  729572000
 8  717150000   18  387431000   28  869196000   38  962023000
 9  896505000   19  602647000   29  893624000   39  268297000
10  282722000   20  567854000   30 1063550000   40  454930000
;

