_solve_elapsed_time = 9.68862

calculated_sum = 12232400000

target_sum = 12232400000

set_len = 46

x [*] :=
 1 0    6 0   11 0   16 1   21 0   26 0   31 0   36 0   41 1   46 0
 2 1    7 1   12 1   17 0   22 0   27 1   32 0   37 0   42 0
 3 0    8 0   13 0   18 0   23 0   28 1   33 0   38 1   43 0
 4 1    9 1   14 1   19 1   24 1   29 1   34 0   39 1   44 0
 5 1   10 1   15 1   20 1   25 0   30 1   35 0   40 1   45 1
;

values [*] :=
 1  399344000   11  974222000   21  139874000   31 1019880000   41 1022550000
 2  129991000   12  863912000   22  882324000   32  269950000   42  318702000
 3  434973000   13 1065560000   23  495803000   33  126832000   43   90677700
 4  986583000   14  571981000   24  394377000   34  277353000   44  180154000
 5   37427300   15  610931000   25  462318000   35 1049750000   45  158985000
 6  405057000   16  789631000   26  854596000   36  315143000   46 1065880000
 7  884930000   17  618856000   27  170717000   37  959017000
 8  982031000   18  953121000   28  203491000   38   65531900
 9  705623000   19  722383000   29   38162200   39 1071730000
10  394711000   20  661670000   30  840891000   40  906237000
;

