_solve_elapsed_time = 0.008968

calculated_sum = 13700900000

target_sum = 13700900000

set_len = 48

x [*] :=
 1 1          11 1          21 1          31 1          41 0
 2 1          12 1          22 1          32 0.778087   42 0
 3 1          13 1          23 1          33 0          43 0
 4 1          14 1          24 1          34 0          44 0
 5 1          15 1          25 1          35 0          45 0
 6 1          16 1          26 1          36 0          46 0
 7 1          17 1          27 1          37 0          47 0
 8 1          18 1          28 1          38 0          48 0
 9 1          19 1          29 1          39 0
10 1          20 1          30 1          40 0
;

values [*] :=
 1  904577000   11  115904000   21  456940000   31  477444000   41  115611000
 2  930952000   12  621880000   22    1256250   32  747367000   42 1030530000
 3   57961700   13  571948000   23  293072000   33 1003360000   43  259801000
 4  512024000   14  106823000   24    8548800   34  518102000   44  449357000
 5  381215000   15   98033400   25  251129000   35  697873000   45  788279000
 6  163839000   16  655410000   26  811272000   36  918799000   46   30409100
 7  113084000   17  262944000   27 1048670000   37  570613000   47  623474000
 8  699615000   18   87568700   28  110613000   38  980429000   48  593719000
 9  956364000   19  752345000   29  387103000   39  731609000
10  203311000   20  783816000   30  293760000   40  487984000
;

