_solve_elapsed_time = 0.008435

calculated_sum = 10359500000

target_sum = 10359500000

set_len = 48

x [*] :=
 1 1            11 1            21 1            31 0            41 0
 2 1            12 1            22 1            32 0            42 0
 3 1            13 1            23 1            33 0            43 0
 4 1            14 1            24 1            34 0            44 0
 5 1            15 1            25 0.00497024   35 0            45 0
 6 1            16 1            26 0            36 0            46 0
 7 1            17 1            27 0            37 0            47 0
 8 1            18 1            28 0            38 0            48 0
 9 1            19 1            29 0            39 0
10 1            20 1            30 0            40 0
;

values [*] :=
 1  324895000   11  203940000   21  997218000   31  128738000   41  649834000
 2  448441000   12  133382000   22  158605000   32  384573000   42   84423800
 3  255032000   13  117485000   23  568729000   33  696163000   43  659892000
 4  255549000   14   92396900   24  546384000   34  920227000   44  497369000
 5  513946000   15  264475000   25  162843000   35  701522000   45  119405000
 6  573496000   16  190773000   26  551528000   36  274095000   46   68860200
 7  851212000   17  626917000   27  781339000   37  812019000   47  292338000
 8  323786000   18  714570000   28  756861000   38 1030590000   48 1010470000
 9  250941000   19 1000750000   29   12223800   39  774754000
10  338604000   20  607200000   30  410889000   40  213059000
;

