_solve_elapsed_time = 0.00911

calculated_sum = 1.1299e+10

target_sum = 1.1299e+10

set_len = 48

x [*] :=
 1 1          9 1         17 1         25 0         33 0         41 0
 2 1         10 1         18 1         26 0         34 0         42 0
 3 1         11 1         19 1         27 0         35 0         43 0
 4 1         12 1         20 0.47942   28 0         36 0         44 0
 5 1         13 1         21 0         29 0         37 0         45 0
 6 1         14 1         22 0         30 0         38 0         46 0
 7 1         15 1         23 0         31 0         39 0         47 0
 8 1         16 1         24 0         32 0         40 0         48 0
;

values [*] :=
 1  491981000   11  818920000   21  711722000   31  126701000   41  324525000
 2  203339000   12 1065910000   22  719115000   32  311065000   42  437878000
 3  347902000   13 1024710000   23  699006000   33  562565000   43  397429000
 4  321907000   14  899417000   24  383956000   34  318074000   44   56755200
 5  255550000   15  819454000   25  699457000   35  188093000   45  446829000
 6  658615000   16  994149000   26  319249000   36  563630000   46 1050200000
 7  595080000   17  779533000   27  745706000   37   16094900   47  496663000
 8  402489000   18  341771000   28  146094000   38  439035000   48  830190000
 9  494022000   19    3730930   29    6173520   39  596399000
10  446071000   20  697554000   30  836409000   40  298211000
;

