_solve_elapsed_time = 0.008838

calculated_sum = 13570900000

target_sum = 13570900000

set_len = 50

x [*] :=
 1 1          11 1          21 1          31 0          41 0
 2 1          12 1          22 1          32 0          42 0
 3 1          13 1          23 1          33 0          43 0
 4 1          14 1          24 1          34 0          44 0
 5 1          15 1          25 1          35 0          45 0
 6 1          16 1          26 1          36 0          46 0
 7 1          17 1          27 1          37 0          47 0
 8 1          18 1          28 1          38 0          48 0
 9 1          19 1          29 0.123936   39 0          49 0
10 1          20 1          30 0          40 0          50 0
;

values [*] :=
 1  139058000   11  745622000   21   81336300   31  135387000   41  757827000
 2  661787000   12  291405000   22  727028000   32  836653000   42  722686000
 3  128638000   13 1047760000   23  210935000   33  490614000   43  500798000
 4   17847400   14  144387000   24  981993000   34  471582000   44  769963000
 5  129153000   15  794930000   25  180809000   35  535545000   45  666001000
 6  962732000   16   74994800   26  363408000   36  562213000   46 1071850000
 7  819211000   17  605735000   27  301867000   37  784197000   47  839381000
 8  275536000   18  784405000   28  993657000   38  301122000   48  622244000
 9  378490000   19  240669000   29  945981000   39  547890000   49  588763000
10  643164000   20  727078000   30 1054220000   40  162255000   50  271157000
;

