_solve_elapsed_time = 0.008692

calculated_sum = 11680700000

target_sum = 11680700000

set_len = 50

x [*] :=
 1 1         10 1         19 1         28 0         37 0         46 0
 2 1         11 1         20 1         29 0         38 0         47 0
 3 1         12 1         21 1         30 0         39 0         48 0
 4 1         13 1         22 0.39384   31 0         40 0         49 0
 5 1         14 1         23 0         32 0         41 0         50 0
 6 1         15 1         24 0         33 0         42 0
 7 1         16 1         25 0         34 0         43 0
 8 1         17 1         26 0         35 0         44 0
 9 1         18 1         27 0         36 0         45 0
;

values [*] :=
 1  541125000   11  862329000   21  577497000   31  741568000   41  352270000
 2  111109000   12  686384000   22  346753000   32  963599000   42  498251000
 3  871509000   13  795188000   23  258126000   33  846468000   43  682274000
 4 1032800000   14  691802000   24  849041000   34  330363000   44  989899000
 5  550880000   15  437677000   25 1018320000   35  572463000   45  317365000
 6   11159100   16  213331000   26  572487000   36   40004000   46  947282000
 7    3681690   17  658181000   27  975317000   37  494067000   47  903582000
 8  430909000   18 1000490000   28  275278000   38  232480000   48  216417000
 9  918340000   19  595196000   29  496461000   39  304182000   49  179006000
10  106798000   20  447762000   30  517109000   40  437166000   50  881246000
;

