_solve_elapsed_time = 0.00947

calculated_sum = 1.5654e+10

target_sum = 1.5654e+10

set_len = 52

x [*] :=
 1 1          12 1          23 1          34 0          45 0
 2 1          13 1          24 1          35 0          46 0
 3 1          14 1          25 1          36 0          47 0
 4 1          15 1          26 1          37 0          48 0
 5 1          16 1          27 1          38 0          49 0
 6 1          17 1          28 1          39 0          50 0
 7 1          18 1          29 1          40 0          51 0
 8 1          19 1          30 1          41 0          52 0
 9 1          20 1          31 1          42 0
10 1          21 1          32 0.731268   43 0
11 1          22 1          33 0          44 0
;

values [*] :=
 1  255025000   12   92322700   23  860307000   34  154369000   45  740491000
 2 1030020000   13  274056000   24  246093000   35  700511000   46     454239
 3  772094000   14 1003480000   25  105078000   36 1072700000   47  944212000
 4  157620000   15  288934000   26  923268000   37  810125000   48   36206200
 5  995663000   16  477155000   27  835441000   38  948258000   49   14556600
 6  623574000   17   14778200   28  323974000   39   96234000   50  508586000
 7  720262000   18  867782000   29   44961200   40  119311000   51  853119000
 8  932262000   19  429321000   30   44751900   41  485462000   52  379609000
 9  339612000   20  538552000   31  219265000   42  876518000
10  573332000   21  320981000   32  554791000   43  801589000
11   11494600   22  926877000   33 1068410000   44  194695000
;

