_solve_elapsed_time = 0.008824

calculated_sum = 9826390000

target_sum = 9826390000

set_len = 52

x [*] :=
 1 1          12 1          23 1          34 0          45 0
 2 1          13 1          24 1          35 0          46 0
 3 1          14 1          25 0.415365   36 0          47 0
 4 1          15 1          26 0          37 0          48 0
 5 1          16 1          27 0          38 0          49 0
 6 1          17 1          28 0          39 0          50 0
 7 1          18 1          29 0          40 0          51 0
 8 1          19 1          30 0          41 0          52 0
 9 1          20 1          31 0          42 0
10 1          21 1          32 0          43 0
11 1          22 1          33 0          44 0
;

values [*] :=
 1  110561000   12   57461000   23  382901000   34  579016000   45  689785000
 2  111442000   13  957500000   24  593221000   35  331664000   46  994545000
 3  225755000   14  464945000   25  729199000   36  167614000   47  111106000
 4   67565600   15  438582000   26  523305000   37  285553000   48  370263000
 5   79195100   16  933543000   27  866490000   38  384008000   49 1053130000
 6  582925000   17  471969000   28  199009000   39  243694000   50    8788300
 7   38337600   18  249567000   29  146322000   40  117838000   51  693375000
 8  281733000   19  553450000   30  216677000   41  824659000   52  920963000
 9  557633000   20 1062140000   31 1036760000   42  553061000
10  151594000   21  676694000   32  656636000   43  313318000
11   25333100   22  449465000   33  788888000   44  244043000
;

