_solve_elapsed_time = 0.008975

calculated_sum = 15963600000

target_sum = 15963600000

set_len = 54

x [*] :=
 1 1          12 1          23 1          34 0          45 0
 2 1          13 1          24 1          35 0          46 0
 3 1          14 1          25 1          36 0          47 0
 4 1          15 1          26 0.597349   37 0          48 0
 5 1          16 1          27 0          38 0          49 0
 6 1          17 1          28 0          39 0          50 0
 7 1          18 1          29 0          40 0          51 0
 8 1          19 1          30 0          41 0          52 0
 9 1          20 1          31 0          42 0          53 0
10 1          21 1          32 0          43 0          54 0
11 1          22 1          33 0          44 0
;

values [*] :=
 1  490467000   12  252887000   23 1051140000   34  687841000   45  750226000
 2  990704000   13  318847000   24  996852000   35  515536000   46  873191000
 3    4337810   14  694961000   25  767485000   36  301092000   47  907299000
 4  778950000   15  383365000   26  645631000   37  980310000   48   22477500
 5 1055690000   16  642436000   27  229721000   38  452686000   49  327581000
 6  506855000   17  539837000   28  355575000   39   61776500   50  842340000
 7  896843000   18   81666500   29  753375000   40  832087000   51  662239000
 8  682373000   19 1044720000   30   57407100   41  541863000   52  961774000
 9  100051000   20  811529000   31  591039000   42  920280000   53  263890000
10 1045080000   21   48316700   32  749557000   43   26321100   54  204471000
11  705771000   22  686807000   33  781985000   44  538666000
;

