_solve_elapsed_time = 0.009122

calculated_sum = 17304800000

target_sum = 17304800000

set_len = 54

x [*] :=
 1 1         10 1         19 1         28 1         37 0         46 0
 2 1         11 1         20 1         29 1         38 0         47 0
 3 1         12 1         21 1         30 1         39 0         48 0
 4 1         13 1         22 1         31 0.78683   40 0         49 0
 5 1         14 1         23 1         32 0         41 0         50 0
 6 1         15 1         24 1         33 0         42 0         51 0
 7 1         16 1         25 1         34 0         43 0         52 0
 8 1         17 1         26 1         35 0         44 0         53 0
 9 1         18 1         27 1         36 0         45 0         54 0
;

values [*] :=
 1  946459000   12  877231000   23  362292000   34  995715000   45  256813000
 2   77218200   13  710432000   24  689771000   35   43403500   46  100956000
 3  760641000   14  338244000   25  106259000   36  964745000   47  905615000
 4  105483000   15  787087000   26  480544000   37 1053200000   48  646677000
 5  753045000   16  151073000   27  938899000   38  806839000   49  263969000
 6  475730000   17  712058000   28  395384000   39  310686000   50 1039680000
 7  834622000   18  986503000   29  318144000   40  674865000   51  851729000
 8   86995700   19 1039820000   30  613561000   41  964997000   52  340366000
 9  560933000   20  390727000   31  832984000   42 1066440000   53  620465000
10  335805000   21  678464000   32  636825000   43   23230200   54  995106000
11 1000830000   22  135077000   33  549486000   44  514253000
;

