_solve_elapsed_time = 0.010465

calculated_sum = 12221600000

target_sum = 12221600000

set_len = 54

x [*] :=
 1 1          12 1          23 1          34 0          45 0
 2 1          13 1          24 1          35 0          46 0
 3 1          14 1          25 1          36 0          47 0
 4 1          15 1          26 0.548425   37 0          48 0
 5 1          16 1          27 0          38 0          49 0
 6 1          17 1          28 0          39 0          50 0
 7 1          18 1          29 0          40 0          51 0
 8 1          19 1          30 0          41 0          52 0
 9 1          20 1          31 0          42 0          53 0
10 1          21 1          32 0          43 0          54 0
11 1          22 1          33 0          44 0
;

values [*] :=
 1  851189000   12  214446000   23  586610000   34 1025570000   45  107532000
 2  607402000   13  367241000   24  954075000   35  603917000   46  456478000
 3  491690000   14  599309000   25  193430000   36 1069580000   47  765399000
 4  198752000   15  956595000   26  854233000   37  680297000   48  296540000
 5 1021640000   16  180344000   27  377824000   38 1060750000   49  134214000
 6  386810000   17  108046000   28  811601000   39  612319000   50   29536500
 7  303094000   18   81276900   29  961509000   40  290736000   51  100710000
 8  259840000   19  625991000   30   94311800   41  158735000   52    8392380
 9  202609000   20  667464000   31  873122000   42  208743000   53  309236000
10  796797000   21  295229000   32  530389000   43   70198600   54 1051150000
11  719316000   22   83966100   33  160994000   44   82017800
;

