_solve_elapsed_time = 21.4708

calculated_sum = 13954400000

target_sum = 13954400000

set_len = 54

x [*] :=
 1 0    6 0   11 0   16 1   21 0   26 1   31 1   36 0   41 0   46 0   51 1
 2 1    7 1   12 1   17 1   22 0   27 0   32 0   37 0   42 0   47 0   52 1
 3 1    8 1   13 1   18 0   23 0   28 0   33 0   38 0   43 0   48 0   53 1
 4 1    9 1   14 1   19 1   24 0   29 0   34 1   39 1   44 1   49 0   54 0
 5 1   10 0   15 1   20 0   25 0   30 0   35 0   40 0   45 1   50 0
;

values [*] :=
 1  123787000          19  701518000          37  711390000
 2  908958000          20  219861000          38  992578000
 3  527937000          21  567033000          39   51370000
 4   48335200          22  878711000          40  583027000
 5  635481000          23  287604000          41   65282500
 6  157076000          24  897256000          42  906024000
 7  731415000          25  925053000          43  373912000
 8  460633000          26   23832100          44  798241000
 9  752305000          27 1010350000          45  789791000
10 1053060000          28   70354900          46  130254000
11  664067000          29  376130000          47  378456000
12 1056460000          30  325381000          48  156477000
13  984336000          31  375142000          49  166340000
14  824267000          32 1037910000          50  209471000
15  724418000          33  688191000          51   20900500
16  877938000          34  978243000          52  198769000
17  877490000          35  651773000          53  606624000
18          4.07e+08   36   60991100          54  534542000
;

