_solve_elapsed_time = 0.009159

calculated_sum = 16614100000

target_sum = 16614100000

set_len = 56

x [*] :=
 1 1         11 1         21 1         31 1         41 0         51 0
 2 1         12 1         22 1         32 1         42 0         52 0
 3 1         13 1         23 1         33 0.45563   43 0         53 0
 4 1         14 1         24 1         34 0         44 0         54 0
 5 1         15 1         25 1         35 0         45 0         55 0
 6 1         16 1         26 1         36 0         46 0         56 0
 7 1         17 1         27 1         37 0         47 0
 8 1         18 1         28 1         38 0         48 0
 9 1         19 1         29 1         39 0         49 0
10 1         20 1         30 1         40 0         50 0
;

values [*] :=
 1  157183000          20  456126000          39  227090000
 2  646069000          21  460244000          40 1007060000
 3  222734000          22  338013000          41  932688000
 4  469913000          23 1042210000          42  497079000
 5    3347140          24  134042000          43  872667000
 6  244418000          25  389643000          44  825637000
 7  847948000          26 1000840000          45 1052120000
 8  604389000          27 1038550000          46          6.55e+08
 9   98348300          28  434288000          47 1070690000
10  451805000          29  574062000          48  631592000
11  231990000          30  553683000          49  846769000
12  735935000          31  333097000          50  324138000
13  281162000          32 1010600000          51  395078000
14  857426000          33  893326000          52   16656100
15  995568000          34  160278000          53  965579000
16  258148000          35  366427000          54  381358000
17   55177200          36   58676900          55  242504000
18  357073000          37  214732000          56 1047680000
19  923028000          38  132843000
;

