_solve_elapsed_time = 0.009222

calculated_sum = 14666600000

target_sum = 14666600000

set_len = 56

x [*] :=
 1 1          13 1          25 1          37 0          49 0
 2 1          14 1          26 1          38 0          50 0
 3 1          15 1          27 1          39 0          51 0
 4 1          16 1          28 1          40 0          52 0
 5 1          17 1          29 1          41 0          53 0
 6 1          18 1          30 0.572555   42 0          54 0
 7 1          19 1          31 0          43 0          55 0
 8 1          20 1          32 0          44 0          56 0
 9 1          21 1          33 0          45 0
10 1          22 1          34 0          46 0
11 1          23 1          35 0          47 0
12 1          24 1          36 0          48 0
;

values [*] :=
 1  665851000   13  279527000   25  119227000   37  595844000   49  724554000
 2  242634000   14  101837000   26  276151000   38  685297000   50  210524000
 3  637952000   15  780933000   27  514072000   39  156424000   51  244646000
 4  661951000   16  821463000   28 1014700000   40 1040980000   52  362497000
 5  138251000   17  613018000   29  281457000   41  216539000   53  478251000
 6  796853000   18  988274000   30  946478000   42  851410000   54  367723000
 7  597634000   19  205455000   31  870226000   43  895205000   55  311411000
 8  672460000   20  571342000   32  501751000   44  400125000   56  776133000
 9   58365500   21  504518000   33  236868000   45  984570000
10  485988000   22   53009200   34  185659000   46  133354000
11   93603000   23  127154000   35  180059000   47  939741000
12  752973000   24 1068050000   36  331115000   48  894219000
;

