_solve_elapsed_time = 0.008779

calculated_sum = 14336900000

target_sum = 14336900000

set_len = 58

x [*] :=
 1 1          13 1          25 1          37 0          49 0
 2 1          14 1          26 1          38 0          50 0
 3 1          15 1          27 1          39 0          51 0
 4 1          16 1          28 1          40 0          52 0
 5 1          17 1          29 0.286922   41 0          53 0
 6 1          18 1          30 0          42 0          54 0
 7 1          19 1          31 0          43 0          55 0
 8 1          20 1          32 0          44 0          56 0
 9 1          21 1          33 0          45 0          57 0
10 1          22 1          34 0          46 0          58 0
11 1          23 1          35 0          47 0
12 1          24 1          36 0          48 0
;

values [*] :=
 1  485887000   13 1069350000   25 1013030000   37  633046000   49  688269000
 2  913529000   14  495444000   26  215862000   38  812933000   50  649070000
 3  587932000   15  429696000   27  298644000   39  452624000   51  355927000
 4  277631000   16  152593000   28   95036400   40  447519000   52 1020510000
 5  571372000   17  714329000   29  503129000   41   95223100   53  673481000
 6  432504000   18  584257000   30  691339000   42  739363000   54  295801000
 7  795602000   19  234020000   31  913066000   43  171845000   55  156955000
 8  221520000   20  847237000   32   27360400   44  443804000   56  265505000
 9  818089000   21  352622000   33  601863000   45  175737000   57  441664000
10  226006000   22  178070000   34  549278000   46  755513000   58  744890000
11  738893000   23  500775000   35  104405000   47  532423000
12  508053000   24  434563000   36  708763000   48  556947000
;

