_solve_elapsed_time = 0.008633

calculated_sum = 1.6322e+10

target_sum = 1.6322e+10

set_len = 58

x [*] :=
 1 1           13 1           25 1           37 0           49 0
 2 1           14 1           26 1           38 0           50 0
 3 1           15 1           27 1           39 0           51 0
 4 1           16 1           28 1           40 0           52 0
 5 1           17 1           29 1           41 0           53 0
 6 1           18 1           30 0.0728226   42 0           54 0
 7 1           19 1           31 0           43 0           55 0
 8 1           20 1           32 0           44 0           56 0
 9 1           21 1           33 0           45 0           57 0
10 1           22 1           34 0           46 0           58 0
11 1           23 1           35 0           47 0
12 1           24 1           36 0           48 0
;

values [*] :=
 1  857656000   13   10195200   25  651454000   37  644217000   49  463495000
 2  410175000   14  392965000   26  909738000   38   68335600   50 1007580000
 3  686708000   15  478758000   27   96802100   39  452677000   51  329128000
 4  455883000   16  992892000   28 1071950000   40  481604000   52  406479000
 5  682314000   17  964395000   29  749226000   41  568944000   53  458051000
 6  330576000   18  903831000   30 1057970000   42  261380000   54  433878000
 7  117813000   19  797062000   31  707686000   43    3316620   55  468264000
 8  848931000   20  241837000   32  902623000   44  903620000   56  312015000
 9   43622200   21  150320000   33  788056000   45  752777000   57  892169000
10  879359000   22  478725000   34   36897500   46  220916000   58   78254000
11  256622000   23  197645000   35  930488000   47  259989000
12 1030520000   24  556931000   36  482371000   48  848987000
;

