_solve_elapsed_time = 0.009132

calculated_sum = 16734400000

target_sum = 16734400000

set_len = 58

x [*] :=
 1 1          13 1          25 1          37 0          49 0
 2 1          14 1          26 1          38 0          50 0
 3 1          15 1          27 1          39 0          51 0
 4 1          16 1          28 1          40 0          52 0
 5 1          17 1          29 1          41 0          53 0
 6 1          18 1          30 1          42 0          54 0
 7 1          19 1          31 1          43 0          55 0
 8 1          20 1          32 1          44 0          56 0
 9 1          21 1          33 0.223593   45 0          57 0
10 1          22 1          34 0          46 0          58 0
11 1          23 1          35 0          47 0
12 1          24 1          36 0          48 0
;

values [*] :=
 1  226707000   13  793983000   25  754781000   37   52137400   49  895841000
 2  940665000   14  340806000   26  354531000   38  388940000   50  701167000
 3  567103000   15   99130900   27  823159000   39   75029700   51  982581000
 4  275339000   16  107989000   28  457126000   40  547170000   52  839221000
 5  758382000   17  116267000   29  726944000   41  355177000   53  892341000
 6  898635000   18  865603000   30  522259000   42 1041530000   54  789334000
 7   61072800   19  602748000   31  734684000   43  866154000   55  555891000
 8  939839000   20  620769000   32   45979600   44  460937000   56  495616000
 9  747663000   21  590070000   33 1049750000   45   21008900   57  564918000
10  168351000   22  214559000   34  759029000   46  626897000   58  189356000
11  684383000   23  673374000   35  843375000   47  873295000
12  130839000   24  655900000   36 1057370000   48  429770000
;

