_solve_elapsed_time = 22.8482

calculated_sum = 16102100000

target_sum = 16102100000

set_len = 60

x [*] :=
 1 1    7 0   13 1   19 1   25 1   31 1   37 1   43 1   49 0   55 1
 2 0    8 1   14 1   20 0   26 1   32 1   38 0   44 1   50 0   56 1
 3 1    9 1   15 0   21 1   27 1   33 0   39 1   45 0   51 0   57 0
 4 0   10 0   16 1   22 0   28 0   34 1   40 1   46 0   52 1   58 1
 5 1   11 1   17 1   23 1   29 1   35 0   41 0   47 1   53 0   59 1
 6 1   12 1   18 0   24 1   30 0   36 1   42 0   48 1   54 0   60 1
;

values [*] :=
 1  655320000   13  270422000   25  481466000   37   15626600   49  998195000
 2  765348000   14  961455000   26  259382000   38 1030650000   50 1051160000
 3  342676000   15  891729000   27  877904000   39  672522000   51  996008000
 4  815009000   16  436695000   28  855323000   40  447512000   52  810904000
 5  239142000   17  267489000   29  325443000   41  253060000   53 1016640000
 6  371064000   18 1012720000   30  846241000   42  585860000   54 1036190000
 7 1054400000   19  773142000   31   53733800   43  480235000   55  377075000
 8   53712000   20   88285100   32  111078000   44  315767000   56  967298000
 9  438939000   21  346686000   33  687589000   45  839492000   57  795161000
10  950322000   22  553165000   34  131576000   46  831994000   58  117089000
11  332728000   23  458154000   35  819504000   47  636932000   59  153746000
12  622183000   24  122221000   36  645527000   48 1071160000   60  458060000
;

