_solve_elapsed_time = 0.009236

calculated_sum = 18093100000

target_sum = 18093100000

set_len = 60

x [*] :=
 1 1          13 1          25 1          37 0          49 0
 2 1          14 1          26 1          38 0          50 0
 3 1          15 1          27 1          39 0          51 0
 4 1          16 1          28 1          40 0          52 0
 5 1          17 1          29 1          41 0          53 0
 6 1          18 1          30 1          42 0          54 0
 7 1          19 1          31 1          43 0          55 0
 8 1          20 1          32 1          44 0          56 0
 9 1          21 1          33 1          45 0          57 0
10 1          22 1          34 0.104951   46 0          58 0
11 1          23 1          35 0          47 0          59 0
12 1          24 1          36 0          48 0          60 0
;

values [*] :=
 1  580998000   13  789301000   25   51383000   37   40417700   49  922386000
 2 1006820000   14  757415000   26  281701000   38  780203000   50 1022900000
 3  976141000   15   39708800   27  156805000   39  356959000   51  742617000
 4  355729000   16  770884000   28  796312000   40  103761000   52  566319000
 5  868940000   17  330378000   29  337846000   41  910298000   53  198363000
 6   36655100   18  619629000   30  756781000   42  478572000   54  861241000
 7  431028000   19 1039110000   31  285674000   43 1019160000   55  384031000
 8 1011250000   20  274316000   32  102223000   44 1045750000   56  874300000
 9  440313000   21  602066000   33  575256000   45  213684000   57  300276000
10  524349000   22  540693000   34  954467000   46  641128000   58  120346000
11 1055040000   23  591662000   35  864587000   47  418833000   59  560404000
12  381874000   24  624665000   36  306677000   48  954746000   60  228767000
;

