_solve_elapsed_time = 0.008681

calculated_sum = 17661600000

target_sum = 17661600000

set_len = 62

x [*] :=
 1 1          14 1          27 1          40 0          53 0
 2 1          15 1          28 1          41 0          54 0
 3 1          16 1          29 1          42 0          55 0
 4 1          17 1          30 1          43 0          56 0
 5 1          18 1          31 1          44 0          57 0
 6 1          19 1          32 1          45 0          58 0
 7 1          20 1          33 0.169731   46 0          59 0
 8 1          21 1          34 0          47 0          60 0
 9 1          22 1          35 0          48 0          61 0
10 1          23 1          36 0          49 0          62 0
11 1          24 1          37 0          50 0
12 1          25 1          38 0          51 0
13 1          26 1          39 0          52 0
;

values [*] :=
 1  730022000   14  368946000   27   46817500   40  154721000   53  564153000
 2  515133000   15  153926000   28    2236550   41  819441000   54  879743000
 3  747158000   16  955542000   29  871041000   42  608162000   55  418267000
 4  289820000   17  827382000   30 1040630000   43 1017970000   56 1015770000
 5  881685000   18  428427000   31  955886000   44  635722000   57  301589000
 6  199066000   19  277744000   32  847876000   45  754710000   58  604109000
 7  896142000   20  684254000   33  462135000   46  365900000   59 1029150000
 8   67212600   21  342420000   34  223953000   47  511579000   60  545416000
 9  238176000   22  777827000   35   33917700   48  191945000   61  185519000
10  316915000   23  570576000   36  593429000   49  802777000   62  736688000
11  726959000   24    7456100   37   63833900   50   89519900
12  589170000   25  161168000   38  448408000   51  196122000
13 1013350000   26 1052220000   39  669340000   52  992881000
;

