_solve_elapsed_time = 0.008533

calculated_sum = 14965800000

target_sum = 14965800000

set_len = 64

x [*] :=
 1 1          14 1          27 1          40 0          53 0
 2 1          15 1          28 1          41 0          54 0
 3 1          16 1          29 0.204389   42 0          55 0
 4 1          17 1          30 0          43 0          56 0
 5 1          18 1          31 0          44 0          57 0
 6 1          19 1          32 0          45 0          58 0
 7 1          20 1          33 0          46 0          59 0
 8 1          21 1          34 0          47 0          60 0
 9 1          22 1          35 0          48 0          61 0
10 1          23 1          36 0          49 0          62 0
11 1          24 1          37 0          50 0          63 0
12 1          25 1          38 0          51 0          64 0
13 1          26 1          39 0          52 0
;

values [*] :=
 1  300490000         23  692362000         45  331645000
 2  432097000         24  780403000         46  522505000
 3  451634000         25  265216000         47 1036400000
 4  203304000         26  911481000         48  280772000
 5 1057930000         27  307345000         49  579999000
 6  391516000         28  808472000         50  142690000
 7  626612000         29  716216000         51  468775000
 8   67512300         30   59593800         52  219226000
 9    4404060         31 1069780000         53  645590000
10  410310000         32  439986000         54   33514200
11 1038060000         33   65862600         55  785549000
12  435109000         34  110675000         56  681934000
13   22186800         35   48912900         57  234471000
14  882775000         36  437168000         58  279817000
15  519318000         37  607030000         59  276085000
16  538427000         38   62936900         60  723990000
17  749742000         39   50861900         61  519671000
18  705534000         40          2.6e+08   62  510440000
19  391313000         41  538516000         63  649392000
20  789501000         42  281074000         64   69426800
21  932150000         43  754732000
22  104190000         44  549740000
;

