_solve_elapsed_time = 0.008811

calculated_sum = 18946700000

target_sum = 18946700000

set_len = 64

x [*] :=
 1 1          14 1          27 1          40 0          53 0
 2 1          15 1          28 1          41 0          54 0
 3 1          16 1          29 1          42 0          55 0
 4 1          17 1          30 1          43 0          56 0
 5 1          18 1          31 1          44 0          57 0
 6 1          19 1          32 1          45 0          58 0
 7 1          20 1          33 0.927198   46 0          59 0
 8 1          21 1          34 0          47 0          60 0
 9 1          22 1          35 0          48 0          61 0
10 1          23 1          36 0          49 0          62 0
11 1          24 1          37 0          50 0          63 0
12 1          25 1          38 0          51 0          64 0
13 1          26 1          39 0          52 0
;

values [*] :=
 1  488675000   14 1040150000   27  151267000   40  328126000   53  658847000
 2 1065130000   15  887711000   28  304809000   41  740886000   54  286028000
 3  585526000   16  904693000   29  250164000   42  796359000   55  793990000
 4  301149000   17  724081000   30  594727000   43 1010290000   56  170415000
 5  584635000   18  275788000   31  843746000   44  196314000   57  818115000
 6   76504700   19  330193000   32  678603000   45  319932000   58  446007000
 7  544707000   20  259832000   33  972810000   46   16905200   59  517838000
 8  995128000   21  891746000   34  752071000   47 1041620000   60  518671000
 9  265034000   22  800594000   35  564224000   48  555926000   61  228214000
10   59950700   23  742204000   36   55617300   49  977276000   62  728845000
11   41921500   24  892370000   37  418217000   50  428246000   63  690212000
12  714634000   25  613503000   38  704015000   51  546890000   64  894622000
13  950744000   26  184752000   39  829492000   52  738664000
;

