_solve_elapsed_time = 2.73362

calculated_sum = 16672900000

target_sum = 16672900000

set_len = 64

x [*] :=
 1 0    7 0   13 1   19 0   25 1   31 0   37 0   43 1   49 0   55 1   61 0
 2 1    8 0   14 1   20 1   26 1   32 1   38 1   44 1   50 1   56 1   62 1
 3 1    9 1   15 0   21 1   27 1   33 0   39 0   45 1   51 0   57 1   63 1
 4 1   10 1   16 0   22 0   28 0   34 0   40 1   46 1   52 1   58 1   64 1
 5 0   11 0   17 1   23 1   29 0   35 1   41 0   47 0   53 1   59 0
 6 0   12 0   18 1   24 0   30 1   36 1   42 1   48 1   54 1   60 0
;

values [*] :=
 1  584827000   14  452391000   27   98045600   40  566909000   53  363649000
 2  381101000   15 1047100000   28  880300000   41  514719000   54  443134000
 3  284289000   16  924498000   29  136705000   42  521155000   55  816652000
 4  193899000   17    6723490   30  831819000   43  413988000   56  437070000
 5  908179000   18  363267000   31 1061990000   44  511159000   57 1034580000
 6 1004250000   19   49702000   32  232618000   45   66480800   58  430813000
 7  665588000   20  557510000   33  677178000   46  308141000   59  916732000
 8   20504600   21  312949000   34   82459600   47   42217100   60  838582000
 9  302114000   22   66622200   35  569049000   48  828220000   61  674990000
10  288124000   23  546517000   36  322542000   49  387283000   62  341317000
11  866517000   24  726400000   37 1058880000   50  512957000   63  391565000
12  823062000   25  415768000   38  771848000   51  818659000   64  138690000
13  289170000   26  360457000   39 1046920000   52  966208000
;

