_solve_elapsed_time = 32.0409

calculated_sum = 18691900000

target_sum = 18691900000

set_len = 66

x [*] :=
 1 1    7 0   13 1   19 0   25 1   31 0   37 1   43 1   49 1   55 0   61 1
 2 0    8 1   14 0   20 0   26 1   32 0   38 1   44 0   50 1   56 0   62 0
 3 0    9 0   15 0   21 1   27 1   33 1   39 0   45 1   51 1   57 0   63 1
 4 0   10 1   16 1   22 1   28 1   34 1   40 0   46 1   52 1   58 1   64 0
 5 0   11 0   17 1   23 1   29 0   35 1   41 1   47 0   53 1   59 0   65 1
 6 0   12 0   18 1   24 1   30 0   36 0   42 0   48 0   54 0   60 0   66 1
;

values [*] :=
 1  749350000   15  841516000   29  864722000   43  705298000   57  920729000
 2  953339000   16  527910000   30 1054340000   44 1016560000   58  892349000
 3  563192000   17  979307000   31  873114000   45  890575000   59  537798000
 4  217818000   18 1042020000   32  659203000   46  130355000   60  146959000
 5  559785000   19  912634000   33  238735000   47  928428000   61  121778000
 6  903784000   20  832831000   34  620771000   48  154974000   62  898076000
 7   53029300   21  116426000   35  840325000   49  376703000   63  515080000
 8  633262000   22  886052000   36  441909000   50    8231660   64  832596000
 9 1027490000   23  451504000   37  334770000   51  484510000   65  506662000
10   36132000   24  642439000   38  918260000   52  683373000   66  316679000
11  874794000   25  495575000   39  421120000   53  585620000
12  202427000   26  603720000   40   71815000   54  891723000
13  363912000   27  734822000   41  898596000   55  875754000
14  947213000   28  360767000   42  890287000   56 1060390000
;

