_solve_elapsed_time = 0.008659

calculated_sum = 17007400000

target_sum = 17007400000

set_len = 66

x [*] :=
 1 1          15 1          29 1          43 0          57 0
 2 1          16 1          30 1          44 0          58 0
 3 1          17 1          31 0.488152   45 0          59 0
 4 1          18 1          32 0          46 0          60 0
 5 1          19 1          33 0          47 0          61 0
 6 1          20 1          34 0          48 0          62 0
 7 1          21 1          35 0          49 0          63 0
 8 1          22 1          36 0          50 0          64 0
 9 1          23 1          37 0          51 0          65 0
10 1          24 1          38 0          52 0          66 0
11 1          25 1          39 0          53 0
12 1          26 1          40 0          54 0
13 1          27 1          41 0          55 0
14 1          28 1          42 0          56 0
;

values [*] :=
 1   75655200   15  557871000   29  706828000   43  361490000   57  724151000
 2  169851000   16  774828000   30  767951000   44  100286000   58  306227000
 3  477912000   17  985150000   31  456979000   45  565461000   59  408596000
 4  589159000   18   87614200   32  226184000   46  339678000   60  877693000
 5  648442000   19 1070060000   33  407270000   47  294523000   61  131025000
 6  773878000   20  304469000   34  550453000   48  736889000   62  797980000
 7  640021000   21  486506000   35  134215000   49  906024000   63  650543000
 8  575099000   22  892317000   36  196966000   50  982593000   64  316632000
 9  588172000   23  311969000   37 1066790000   51   54378600   65 1053520000
10  229640000   24  605592000   38  755709000   52  991522000   66  138385000
11  492468000   25  780370000   39   29846400   53  716206000
12  345885000   26  213009000   40 1040360000   54  577833000
13  469545000   27  959593000   41  804320000   55  232162000
14  262895000   28  941554000   42  307505000   56  713337000
;

