_solve_elapsed_time = 27.9556

calculated_sum = 16214700000

target_sum = 16214700000

set_len = 68

x [*] :=
 1 0    8 1   15 0   22 0   29 0   36 1   43 1   50 0   57 0   64 1
 2 0    9 1   16 1   23 1   30 0   37 1   44 0   51 1   58 1   65 0
 3 1   10 1   17 0   24 1   31 1   38 1   45 1   52 1   59 1   66 0
 4 1   11 0   18 1   25 1   32 1   39 1   46 1   53 1   60 0   67 1
 5 1   12 1   19 0   26 1   33 1   40 1   47 0   54 1   61 1   68 0
 6 0   13 1   20 1   27 0   34 0   41 0   48 0   55 1   62 1
 7 0   14 0   21 1   28 1   35 1   42 1   49 0   56 0   63 0
;

values [*] :=
 1  742607000           24  124763000           47  645222000
 2  961989000           25  441910000           48          1.035e+09
 3  140192000           26  137553000           49  459447000
 4  174049000           27  835751000           50  926012000
 5  826470000           28  585132000           51  494033000
 6  923503000           29  802500000           52  254490000
 7  357590000           30  474555000           53  149264000
 8  630366000           31  527293000           54  194312000
 9  313021000           32  549859000           55  305819000
10  378372000           33  499039000           56  930201000
11  837855000           34  632308000           57  646013000
12  109778000           35   49271600           58  284488000
13  789797000           36  237833000           59 1024160000
14  746767000           37  353438000           60  971680000
15  704675000           38  168012000           61  626914000
16  469569000           39  170988000           62   78978000
17  858467000           40  594249000           63  233679000
18  459316000           41  226618000           64  682226000
19  976074000           42  636068000           65   92459900
20  106945000           43 1008820000           66  668988000
21  172825000           44  175001000           67  388072000
22  308911000           45  309053000           68  864302000
23  467693000           46  300258000
;

