_solve_elapsed_time = 191.415

calculated_sum = 18707600000

target_sum = 18707600000

set_len = 68

x [*] :=
 1 0    8 0   15 1   22 1   29 1   36 0   43 0   50 0   57 0   64 1
 2 1    9 1   16 0   23 0   30 1   37 0   44 1   51 1   58 1   65 0
 3 1   10 1   17 1   24 1   31 0   38 0   45 1   52 0   59 1   66 0
 4 1   11 1   18 1   25 1   32 0   39 0   46 1   53 0   60 0   67 1
 5 0   12 1   19 0   26 0   33 1   40 1   47 1   54 1   61 0   68 1
 6 1   13 1   20 1   27 0   34 0   41 1   48 0   55 0   62 1
 7 0   14 1   21 1   28 1   35 0   42 1   49 1   56 0   63 0
;

values [*] :=
 1  252949000   15  573825000   29  919479000   43  657021000   57  137062000
 2  764765000   16  852730000   30 1057550000   44  552966000   58  587388000
 3  253591000   17   73118800   31 1000470000   45  462271000   59  723036000
 4  696495000   18  391854000   32 1062240000   46  255156000   60  435405000
 5  988101000   19  413220000   33  620061000   47  596280000   61  841599000
 6  311146000   20  497490000   34  683988000   48  881222000   62  702652000
 7  927181000   21  623822000   35  737815000   49  563425000   63 1060720000
 8  342197000   22  326705000   36   92275200   50  364063000   64   14411000
 9   82123200   23  498125000   37  157753000   51  398076000   65 1053120000
10  398749000   24  204838000   38  308698000   52  874374000   66  919268000
11  205674000   25  659008000   39   75373700   53  375159000   67  387704000
12  824063000   26  915160000   40  313294000   54  566269000   68  480399000
13  705912000   27  319642000   41  587502000   55  307525000
14  648656000   28  566086000   42  111789000   56  850757000
;

