_solve_elapsed_time = 0.008728

calculated_sum = 17633600000

target_sum = 17633600000

set_len = 68

x [*] :=
 1 1          15 1          29 1          43 0          57 0
 2 1          16 1          30 1          44 0          58 0
 3 1          17 1          31 1          45 0          59 0
 4 1          18 1          32 1          46 0          60 0
 5 1          19 1          33 1          47 0          61 0
 6 1          20 1          34 0.693436   48 0          62 0
 7 1          21 1          35 0          49 0          63 0
 8 1          22 1          36 0          50 0          64 0
 9 1          23 1          37 0          51 0          65 0
10 1          24 1          38 0          52 0          66 0
11 1          25 1          39 0          53 0          67 0
12 1          26 1          40 0          54 0          68 0
13 1          27 1          41 0          55 0
14 1          28 1          42 0          56 0
;

values [*] :=
 1  590945000   15  188539000   29  131208000   43  840210000   57  337180000
 2  417073000   16  373694000   30  779774000   44  457417000   58 1068750000
 3  587283000   17  657077000   31  290043000   45  428369000   59  301787000
 4  252114000   18  241791000   32  965803000   46  584558000   60  738178000
 5  162688000   19  318565000   33  590985000   47  135937000   61  412399000
 6  151250000   20  638438000   34  969596000   48  655349000   62  935165000
 7  897526000   21 1009420000   35  768975000   49  737821000   63  888072000
 8  770284000   22  452577000   36  886609000   50   20130700   64  538929000
 9  736698000   23   94665800   37  607953000   51  139953000   65  264198000
10  753917000   24  261303000   38  280716000   52   41149300   66  815744000
11  117837000   25 1021090000   39  360899000   53  951477000   67  994820000
12  642764000   26  548109000   40  698251000   54  347925000   68  700071000
13  952523000   27  492152000   41  131635000   55  774800000
14  617065000   28  256077000   42  169217000   56  328349000
;

