_solve_elapsed_time = 0.008858

calculated_sum = 18999700000

target_sum = 18999700000

set_len = 70

x [*] :=
 1 1          15 1          29 1          43 0          57 0
 2 1          16 1          30 1          44 0          58 0
 3 1          17 1          31 1          45 0          59 0
 4 1          18 1          32 1          46 0          60 0
 5 1          19 1          33 1          47 0          61 0
 6 1          20 1          34 1          48 0          62 0
 7 1          21 1          35 1          49 0          63 0
 8 1          22 1          36 1          50 0          64 0
 9 1          23 1          37 1          51 0          65 0
10 1          24 1          38 0.387539   52 0          66 0
11 1          25 1          39 0          53 0          67 0
12 1          26 1          40 0          54 0          68 0
13 1          27 1          41 0          55 0          69 0
14 1          28 1          42 0          56 0          70 0
;

values [*] :=
 1  354863000   15  556177000   29  180782000   43  906974000   57  121802000
 2  120628000   16  412012000   30  981699000   44 1017350000   58  607630000
 3  377245000   17  838811000   31  516570000   45  175091000   59   22508600
 4  966476000   18  354046000   32  946132000   46   77104200   60  250101000
 5  299618000   19  283623000   33  143824000   47  992854000   61  834243000
 6  692035000   20  161921000   34  813952000   48  664535000   62   78363200
 7  854355000   21   88891700   35  275219000   49  573161000   63  355374000
 8  361925000   22  446569000   36  210735000   50  151065000   64  637022000
 9    9112310   23  730252000   37  576149000   51  351872000   65  851872000
10  916323000   24  666449000   38  357817000   52  313662000   66  978951000
11  470956000   25  682841000   39  443247000   53  201613000   67  316771000
12  410734000   26  475958000   40  468359000   54  153579000   68  896191000
13 1003720000   27  760335000   41   11955700   55  914777000   69  679208000
14  151069000   28  769016000   42 1052370000   56  121499000   70  229423000
;

