_solve_elapsed_time = 0.009332

calculated_sum = 16307200000

target_sum = 16307200000

set_len = 70

x [*] :=
 1 1           15 1           29 1           43 0           57 0
 2 1           16 1           30 1           44 0           58 0
 3 1           17 1           31 1           45 0           59 0
 4 1           18 1           32 0.0528921   46 0           60 0
 5 1           19 1           33 0           47 0           61 0
 6 1           20 1           34 0           48 0           62 0
 7 1           21 1           35 0           49 0           63 0
 8 1           22 1           36 0           50 0           64 0
 9 1           23 1           37 0           51 0           65 0
10 1           24 1           38 0           52 0           66 0
11 1           25 1           39 0           53 0           67 0
12 1           26 1           40 0           54 0           68 0
13 1           27 1           41 0           55 0           69 0
14 1           28 1           42 0           56 0           70 0
;

values [*] :=
 1  859947000   15   61512700   29    1670200   43  351674000   57  727617000
 2  978833000   16  877049000   30  477862000   44  763564000   58  855118000
 3  137121000   17  656997000   31  502932000   45  186060000   59  196204000
 4  442284000   18  677741000   32  572880000   46  240200000   60  600323000
 5  330501000   19  420227000   33  335926000   47  113613000   61  643423000
 6  150658000   20  417141000   34  761590000   48  475305000   62  458377000
 7  461645000   21 1047960000   35  917993000   49  748717000   63  147481000
 8  460303000   22  189441000   36  163802000   50  103829000   64  728728000
 9  966001000   23  231348000   37 1031090000   51  929943000   65   45848600
10  543183000   24   24843700   38   60564300   52  828928000   66  850952000
11  761901000   25  832442000   39  491870000   53  913908000   67  115121000
12 1065500000   26  647157000   40  160911000   54  366052000   68  314042000
13  440466000   27  626841000   41  789317000   55  427572000   69   74335900
14  196223000   28  789141000   42  274429000   56  949664000   70  861807000
;

