_solve_elapsed_time = 9.0833

calculated_sum = 2.1163e+10

target_sum = 2.1163e+10

set_len = 70

x [*] :=
 1 0    8 0   15 1   22 1   29 0   36 0   43 1   50 0   57 1   64 1
 2 0    9 0   16 0   23 0   30 0   37 0   44 1   51 1   58 1   65 0
 3 1   10 0   17 1   24 0   31 1   38 1   45 1   52 1   59 1   66 1
 4 1   11 0   18 1   25 0   32 1   39 1   46 1   53 0   60 1   67 1
 5 0   12 1   19 1   26 0   33 0   40 0   47 1   54 1   61 1   68 1
 6 0   13 0   20 1   27 1   34 1   41 1   48 1   55 0   62 1   69 1
 7 1   14 0   21 0   28 0   35 1   42 1   49 1   56 0   63 0   70 0
;

values [*] :=
 1  891890000   15  757763000   29 1001680000   43   49612200   57  248162000
 2  547909000   16  974760000   30  839785000   44  705639000   58  537790000
 3   71954400   17  364101000   31  113670000   45  424524000   59  849273000
 4  330410000   18  991908000   32  144634000   46  329441000   60  246106000
 5  165283000   19   13726200   33  297888000   47  903508000   61  181449000
 6  700349000   20  777552000   34 1009110000   48  365214000   62  668262000
 7  710621000   21  322855000   35  500850000   49  438768000   63  395266000
 8  129235000   22  833088000   36   48332400   50  409658000   64  547712000
 9  960475000   23  945251000   37  546706000   51  438534000   65  493391000
10  178478000   24 1004440000   38  854534000   52  892203000   66  868307000
11  725306000   25  464594000   39  909868000   53  955401000   67  991939000
12  444632000   26  875508000   40   25672900   54  656581000   68  761679000
13   72422400   27   11452800   41  544286000   55  795879000   69   37281600
14  724864000   28 1013950000   42  636818000   56  377599000   70  153411000
;

