_solve_elapsed_time = 0.008716

calculated_sum = 16873500000

target_sum = 16873500000

set_len = 72

x [*] :=
 1 1          16 1          31 1          46 0          61 0
 2 1          17 1          32 1          47 0          62 0
 3 1          18 1          33 1          48 0          63 0
 4 1          19 1          34 0.418377   49 0          64 0
 5 1          20 1          35 0          50 0          65 0
 6 1          21 1          36 0          51 0          66 0
 7 1          22 1          37 0          52 0          67 0
 8 1          23 1          38 0          53 0          68 0
 9 1          24 1          39 0          54 0          69 0
10 1          25 1          40 0          55 0          70 0
11 1          26 1          41 0          56 0          71 0
12 1          27 1          42 0          57 0          72 0
13 1          28 1          43 0          58 0
14 1          29 1          44 0          59 0
15 1          30 1          45 0          60 0
;

values [*] :=
 1  514434000   16  366346000   31 1062800000   46  201785000   61  784513000
 2  794396000   17  875577000   32  329330000   47   85714600   62  979843000
 3   93138500   18   27489700   33  235178000   48  362349000   63  412179000
 4  992495000   19  520477000   34  434881000   49  523432000   64  933557000
 5   58971700   20  489686000   35 1021680000   50  938336000   65  984550000
 6  192438000   21  417396000   36  146906000   51  458151000   66   46026500
 7  527292000   22  967255000   37  423229000   52 1046340000   67  514253000
 8    1201950   23  450121000   38  289502000   53  507647000   68  820519000
 9  591593000   24  819783000   39   24812200   54   26520400   69  477228000
10  395517000   25  626539000   40  708855000   55 1031480000   70  869897000
11  730144000   26  343302000   41  587100000   56  402555000   71   27492900
12  691221000   27  592920000   42  177221000   57   32918600   72  517973000
13  186527000   28  571791000   43  762704000   58  873550000
14  691197000   29   91284900   44  800073000   59 1063610000
15 1044410000   30  399338000   45  806637000   60  222056000
;

