_solve_elapsed_time = 0.008999

calculated_sum = 19712800000

target_sum = 19712800000

set_len = 74

x [*] :=
 1 1          16 1          31 1          46 0          61 0
 2 1          17 1          32 0.451798   47 0          62 0
 3 1          18 1          33 0          48 0          63 0
 4 1          19 1          34 0          49 0          64 0
 5 1          20 1          35 0          50 0          65 0
 6 1          21 1          36 0          51 0          66 0
 7 1          22 1          37 0          52 0          67 0
 8 1          23 1          38 0          53 0          68 0
 9 1          24 1          39 0          54 0          69 0
10 1          25 1          40 0          55 0          70 0
11 1          26 1          41 0          56 0          71 0
12 1          27 1          42 0          57 0          72 0
13 1          28 1          43 0          58 0          73 0
14 1          29 1          44 0          59 0          74 0
15 1          30 1          45 0          60 0
;

values [*] :=
 1  911468000   16  930531000   31  369649000   46   56355700   61  702869000
 2 1019730000   17  472131000   32  797220000   47  204675000   62  798998000
 3  962883000   18  704343000   33  327507000   48  905502000   63   75863100
 4  421151000   19  845958000   34 1057930000   49  137045000   64  595660000
 5  683988000   20  975225000   35  622536000   50  662106000   65  215687000
 6  886363000   21  411858000   36  812074000   51 1068720000   66  370555000
 7   53600600   22  314383000   37  649580000   52  221445000   67  412170000
 8 1034340000   23  719607000   38  757649000   53  640184000   68  490329000
 9  390525000   24  456735000   39   75072800   54   79118900   69 1052140000
10 1016980000   25  244607000   40  129106000   55  242942000   70  839296000
11  345539000   26  551278000   41  831190000   56  238438000   71  909678000
12  153989000   27  525887000   42   67789700   57  988893000   72  784992000
13  395992000   28  464119000   43  773820000   58  482868000   73  588738000
14  296986000   29 1011040000   44  264270000   59  670102000   74  299232000
15  755299000   30 1026410000   45  750035000   60  779977000
;

