_solve_elapsed_time = 0.00897

calculated_sum = 18784100000

target_sum = 18784100000

set_len = 74

x [*] :=
 1 1          16 1          31 1          46 0          61 0
 2 1          17 1          32 1          47 0          62 0
 3 1          18 1          33 1          48 0          63 0
 4 1          19 1          34 1          49 0          64 0
 5 1          20 1          35 0.565245   50 0          65 0
 6 1          21 1          36 0          51 0          66 0
 7 1          22 1          37 0          52 0          67 0
 8 1          23 1          38 0          53 0          68 0
 9 1          24 1          39 0          54 0          69 0
10 1          25 1          40 0          55 0          70 0
11 1          26 1          41 0          56 0          71 0
12 1          27 1          42 0          57 0          72 0
13 1          28 1          43 0          58 0          73 0
14 1          29 1          44 0          59 0          74 0
15 1          30 1          45 0          60 0
;

values [*] :=
 1   91387300   16  489280000   31  812314000   46 1053350000   61   82679500
 2  486069000   17  325150000   32  378296000   47  515196000   62  498867000
 3 1018950000   18  576408000   33 1013090000   48  103348000   63  156175000
 4  730189000   19 1039560000   34  415549000   49  126810000   64  669284000
 5  353731000   20  162189000   35  836425000   50  407060000   65  630699000
 6  844995000   21  216473000   36  805239000   51  646646000   66  447526000
 7  771134000   22  379361000   37  994097000   52  228034000   67  148274000
 8  341986000   23   39347100   38 1003520000   53  616308000   68  972610000
 9  400099000   24  400486000   39   49328200   54  150036000   69  535440000
10  555606000   25   63244500   40  944571000   55  474863000   70  873649000
11  384380000   26  596550000   41   93007000   56   42948100   71  778177000
12  668851000   27  201670000   42  801848000   57   46539000   72  181437000
13 1002170000   28  399949000   43  840467000   58     324788   73   79998800
14   36471800   29 1071250000   44  800677000   59  978805000   74  918060000
15  994338000   30 1050800000   45  473277000   60  326624000
;

