_solve_elapsed_time = 73.0115

calculated_sum = 19974900000

target_sum = 19974900000

set_len = 78

x [*] :=
 1 1    9 1   17 1   25 1   33 1   41 0   49 1   57 1   65 1   73 0
 2 0   10 1   18 1   26 0   34 1   42 1   50 0   58 0   66 0   74 1
 3 0   11 1   19 1   27 1   35 0   43 0   51 1   59 1   67 0   75 1
 4 0   12 1   20 1   28 1   36 0   44 1   52 0   60 0   68 0   76 0
 5 1   13 0   21 0   29 1   37 0   45 0   53 0   61 0   69 0   77 1
 6 1   14 0   22 1   30 1   38 1   46 0   54 1   62 0   70 0   78 0
 7 1   15 0   23 1   31 0   39 0   47 1   55 0   63 0   71 0
 8 1   16 1   24 1   32 0   40 1   48 0   56 1   64 0   72 0
;

values [*] :=
 1  719203000   17  503329000   33  721180000   49  249717000   65  497239000
 2  207715000   18  433999000   34  622020000   50  927428000   66 1014760000
 3  861135000   19   14059500   35  289829000   51  437983000   67  926084000
 4   54150400   20  985517000   36   56766700   52  144011000   68  440846000
 5  722779000   21  649772000   37  937315000   53 1004270000   69  868105000
 6  356512000   22  827479000   38  532830000   54  581127000   70 1011620000
 7  212215000   23   31912000   39  462587000   55  291310000   71  745901000
 8  287514000   24  751078000   40  976207000   56  625172000   72  728611000
 9  174102000   25  180109000   41  633214000   57  200521000   73  102243000
10  874639000   26  219507000   42  849488000   58 1023760000   74  439518000
11  191861000   27  387313000   43  783035000   59  854419000   75  370417000
12  313965000   28  981455000   44  146032000   60   71307700   76  895938000
13  404899000   29  722909000   45  927085000   61  231256000   77 1059650000
14  691401000   30  723456000   46   71377600   62  531233000   78  707193000
15  114344000   31  222674000   47  104458000   63  480465000
16  311522000   32  866974000   48  483741000   64  825877000
;

