_solve_elapsed_time = 0.009181

calculated_sum = 17602300000

target_sum = 17602300000

set_len = 80

x [*] :=
 1 1          17 1          33 1          49 0          65 0
 2 1          18 1          34 1          50 0          66 0
 3 1          19 1          35 1          51 0          67 0
 4 1          20 1          36 1          52 0          68 0
 5 1          21 1          37 1          53 0          69 0
 6 1          22 1          38 1          54 0          70 0
 7 1          23 1          39 1          55 0          71 0
 8 1          24 1          40 1          56 0          72 0
 9 1          25 1          41 1          57 0          73 0
10 1          26 1          42 1          58 0          74 0
11 1          27 1          43 0.356622   59 0          75 0
12 1          28 1          44 0          60 0          76 0
13 1          29 1          45 0          61 0          77 0
14 1          30 1          46 0          62 0          78 0
15 1          31 1          47 0          63 0          79 0
16 1          32 1          48 0          64 0          80 0
;

values [*] :=
 1  227964000   17   95987900   33  114932000   49  786204000   65  467312000
 2  689104000   18  223213000   34  141161000   50  552129000   66  135262000
 3  210101000   19  307999000   35  654467000   51  312094000   67  997306000
 4  635142000   20  521836000   36   58417100   52  535558000   68  447995000
 5  679588000   21  315144000   37  451961000   53  764980000   69   23575800
 6  408458000   22  241144000   38  832555000   54  639328000   70  725295000
 7 1019030000   23  499872000   39  858290000   55  116772000   71  839485000
 8  982066000   24  765031000   40  206268000   56  260911000   72  359795000
 9  398781000   25  215168000   41  273577000   57  923116000   73  299754000
10   28405800   26  425187000   42  249139000   58   55794200   74  752184000
11  441848000   27    4139010   43  678864000   59  150597000   75   19625000
12   90140500   28  420221000   44  887069000   60  664599000   76  246647000
13  499140000   29  939358000   45  418690000   61  836507000   77  280703000
14  190615000   30  629362000   46  647512000   62  369485000   78  798470000
15   72028300   31  746741000   47  123749000   63 1032800000   79  255650000
16  121112000   32  475501000   48  686581000   64  700448000   80  817783000
;

