_solve_elapsed_time = 0.008742

calculated_sum = 20128400000

target_sum = 20128400000

set_len = 80

x [*] :=
 1 1          17 1          33 1          49 0          65 0
 2 1          18 1          34 1          50 0          66 0
 3 1          19 1          35 1          51 0          67 0
 4 1          20 1          36 1          52 0          68 0
 5 1          21 1          37 1          53 0          69 0
 6 1          22 1          38 1          54 0          70 0
 7 1          23 1          39 1          55 0          71 0
 8 1          24 1          40 1          56 0          72 0
 9 1          25 1          41 0.872226   57 0          73 0
10 1          26 1          42 0          58 0          74 0
11 1          27 1          43 0          59 0          75 0
12 1          28 1          44 0          60 0          76 0
13 1          29 1          45 0          61 0          77 0
14 1          30 1          46 0          62 0          78 0
15 1          31 1          47 0          63 0          79 0
16 1          32 1          48 0          64 0          80 0
;

values [*] :=
 1 1068740000   17 1005980000   33  931627000   49  478649000   65   29431900
 2  209755000   18  133299000   34  887883000   50  857527000   66  565456000
 3   75464400   19  282982000   35  944121000   51  169439000   67  717416000
 4  176581000   20   41078400   36  922754000   52  328363000   68  146773000
 5  344074000   21  955721000   37   93430000   53  695632000   69  697700000
 6   95210600   22  895736000   38  439554000   54  734285000   70  625184000
 7  968621000   23  198336000   39  269880000   55  741887000   71  512646000
 8  334079000   24  180258000   40   22701500   56  708742000   72  959608000
 9  835079000   25  540866000   41  917813000   57  365465000   73  380674000
10  468218000   26  660305000   42  905628000   58  901487000   74  561024000
11  150500000   27  720728000   43   66400700   59    7472970   75  971460000
12  127094000   28  612734000   44  620953000   60   43023600   76   93349300
13  223667000   29   12205000   45  406905000   61  349531000   77  151224000
14  180359000   30  909656000   46   38734700   62  786851000   78  842882000
15  552149000   31  732231000   47  201218000   63   81280200   79  481745000
16   80371600   32 1043860000   48  179189000   64  540833000   80  253279000
;

