_solve_elapsed_time = 0.008759

calculated_sum = 24499500000

target_sum = 24499500000

set_len = 82

x [*] :=
 1 1          18 1          35 1          52 0          69 0
 2 1          19 1          36 1          53 0          70 0
 3 1          20 1          37 1          54 0          71 0
 4 1          21 1          38 1          55 0          72 0
 5 1          22 1          39 1          56 0          73 0
 6 1          23 1          40 1          57 0          74 0
 7 1          24 1          41 1          58 0          75 0
 8 1          25 1          42 1          59 0          76 0
 9 1          26 1          43 1          60 0          77 0
10 1          27 1          44 1          61 0          78 0
11 1          28 1          45 1          62 0          79 0
12 1          29 1          46 1          63 0          80 0
13 1          30 1          47 0.618255   64 0          81 0
14 1          31 1          48 0          65 0          82 0
15 1          32 1          49 0          66 0
16 1          33 1          50 0          67 0
17 1          34 1          51 0          68 0
;

values [*] :=
 1  354939000   18  109892000   35  910873000   52  977937000   69  978971000
 2  784663000   19  581803000   36  970763000   53  979539000   70   58380200
 3  435168000   20  934446000   37  663194000   54  355162000   71  617928000
 4   39774800   21  494455000   38  876522000   55  786011000   72  195312000
 5  359615000   22  381876000   39  970709000   56 1060920000   73 1018090000
 6  477626000   23  621284000   40  209333000   57  565129000   74   74522800
 7  977420000   24   78528600   41  689243000   58  271522000   75   15057900
 8  626254000   25   15111300   42  668599000   59 1018980000   76  686841000
 9  680740000   26 1010960000   43  355556000   60  712081000   77  960966000
10  766265000   27  216455000   44  674842000   61  469241000   78  393984000
11  324504000   28  705252000   45  902613000   62  160511000   79  972916000
12  264483000   29 1037890000   46  455067000   63  329043000   80  696283000
13  561718000   30  552491000   47  835761000   64  322058000   81  903143000
14     757666   31  104726000   48  962845000   65 1024500000   82  319831000
15  124706000   32  349618000   49  553895000   66  975464000
16  478825000   33  311121000   50  987652000   67  928220000
17  576561000   34  295512000   51  454642000   68  998384000
;

