_solve_elapsed_time = 10.0565

calculated_sum = 22638100000

target_sum = 22638100000

set_len = 82

x [*] :=
 1 1    9 1   17 1   25 1   33 0   41 1   49 0   57 0   65 0   73 0   81 1
 2 1   10 1   18 1   26 1   34 0   42 0   50 0   58 0   66 0   74 0   82 1
 3 1   11 1   19 1   27 1   35 1   43 1   51 0   59 0   67 1   75 0
 4 1   12 0   20 0   28 1   36 1   44 0   52 0   60 0   68 0   76 0
 5 1   13 1   21 1   29 0   37 1   45 0   53 0   61 0   69 1   77 0
 6 0   14 1   22 1   30 0   38 1   46 1   54 0   62 0   70 1   78 0
 7 0   15 0   23 0   31 1   39 1   47 0   55 0   63 1   71 0   79 1
 8 1   16 0   24 1   32 1   40 1   48 0   56 0   64 0   72 1   80 0
;

values [*] :=
 1  547944000   18  685542000   35  950506000   52  307574000   69  698695000
 2  955857000   19   25749800   36  711321000   53  945863000   70  354644000
 3  368167000   20  433015000   37  748968000   54  542807000   71  750506000
 4  109788000   21  375469000   38   59498600   55  505604000   72  496289000
 5  380072000   22  423420000   39  710033000   56  613699000   73  312895000
 6 1023410000   23 1026310000   40  834496000   57  646371000   74  130216000
 7  247677000   24  111786000   41  739627000   58  426210000   75  322678000
 8  385547000   25  941191000   42  486405000   59  959345000   76  295064000
 9  623013000   26  417066000   43   33806600   60 1049640000   77 1003740000
10  990411000   27  564060000   44   81699300   61  636424000   78  129082000
11  111807000   28  836837000   45  384224000   62  311166000   79  856508000
12  363966000   29  787625000   46  887516000   63  229685000   80 1052560000
13  602817000   30  458718000   47 1054030000   64  148105000   81 1002950000
14  995153000   31  576278000   48  421263000   65  488968000   82  328826000
15    1259740   32  577154000   49  295606000   66  370303000
16  232328000   33  167596000   50  872224000   67  398794000
17  990823000   34  811925000   51  302887000   68  108319000
;

