_solve_elapsed_time = 0.009136

calculated_sum = 19618700000

target_sum = 19618700000

set_len = 84

x [*] :=
 1 1          18 1          35 1          52 0          69 0
 2 1          19 1          36 1          53 0          70 0
 3 1          20 1          37 1          54 0          71 0
 4 1          21 1          38 1          55 0          72 0
 5 1          22 1          39 1          56 0          73 0
 6 1          23 1          40 1          57 0          74 0
 7 1          24 1          41 0.213168   58 0          75 0
 8 1          25 1          42 0          59 0          76 0
 9 1          26 1          43 0          60 0          77 0
10 1          27 1          44 0          61 0          78 0
11 1          28 1          45 0          62 0          79 0
12 1          29 1          46 0          63 0          80 0
13 1          30 1          47 0          64 0          81 0
14 1          31 1          48 0          65 0          82 0
15 1          32 1          49 0          66 0          83 0
16 1          33 1          50 0          67 0          84 0
17 1          34 1          51 0          68 0
;

values [*] :=
 1  433296000          29  313806000          57  880285000
 2  342114000          30  407686000          58  109408000
 3  773297000          31  739355000          59  159009000
 4  175706000          32  168088000          60 1071260000
 5   12270700          33  959585000          61  299413000
 6  173659000          34  459959000          62  134467000
 7   29385900          35  943280000          63  581889000
 8   82795600          36  638994000          64  395970000
 9   63711300          37  469131000          65  966868000
10  170304000          38  383894000          66  615248000
11 1056060000          39  716009000          67  650948000
12  183240000          40  470895000          68  916412000
13          2.11e+08   41  816834000          69  161687000
14  257953000          42  312094000          70 1043490000
15  336342000          43   84897700          71   88767100
16  758151000          44  261443000          72  391799000
17  734751000          45 1042170000          73  481846000
18  612898000          46  142751000          74  322721000
19  767242000          47  231584000          75  655222000
20   80814800          48  522552000          76  886001000
21  127586000          49  141443000          77  528148000
22 1064180000          50  652067000          78  239515000
23  841020000          51  285685000          79  580211000
24  511883000          52  591369000          80   13942300
25  185447000          53  569205000          81  794227000
26  742602000          54  617267000          82  951002000
27  992749000          55   93103100          83  623413000
28 1053470000          56    1949980          84 1060960000
;

