_solve_elapsed_time = 0.009007

calculated_sum = 21883700000

target_sum = 21883700000

set_len = 86

x [*] :=
 1 1           19 1           37 1           55 0           73 0
 2 1           20 1           38 1           56 0           74 0
 3 1           21 1           39 1           57 0           75 0
 4 1           22 1           40 1           58 0           76 0
 5 1           23 1           41 1           59 0           77 0
 6 1           24 1           42 1           60 0           78 0
 7 1           25 1           43 1           61 0           79 0
 8 1           26 1           44 0.0992789   62 0           80 0
 9 1           27 1           45 0           63 0           81 0
10 1           28 1           46 0           64 0           82 0
11 1           29 1           47 0           65 0           83 0
12 1           30 1           48 0           66 0           84 0
13 1           31 1           49 0           67 0           85 0
14 1           32 1           50 0           68 0           86 0
15 1           33 1           51 0           69 0
16 1           34 1           52 0           70 0
17 1           35 1           53 0           71 0
18 1           36 1           54 0           72 0
;

values [*] :=
 1   66578000   19  207445000   37  428460000   55  156075000   73 1062610000
 2  571747000   20  524457000   38   38983600   56  691625000   74  839175000
 3  405735000   21 1069890000   39  724209000   57  249114000   75  128034000
 4  172916000   22  622571000   40   11589100   58  479281000   76  873946000
 5  953317000   23  215662000   41  148403000   59  474830000   77  552115000
 6 1060350000   24  321675000   42  272915000   60  271220000   78  173024000
 7  235359000   25  372900000   43  125867000   61 1002510000   79  242056000
 8  544538000   26  832337000   44  981705000   62  433561000   80  140150000
 9  812601000   27  801990000   45  321623000   63  938916000   81  613838000
10  374004000   28  384255000   46  645301000   64  959018000   82   55244200
11  773915000   29  362173000   47  192556000   65  570396000   83  451748000
12  707142000   30  798731000   48  180382000   66   47285000   84  837762000
13  857616000   31  442591000   49  979867000   67  658687000   85  156053000
14  526540000   32  468655000   50  106771000   68  791322000   86  288156000
15  125654000   33   59596200   51  991012000   69  591230000
16  702491000   34  884770000   52  123931000   70  924454000
17  619307000   35  799007000   53  581117000   71 1042850000
18  648824000   36  708507000   54  633213000   72   96917900
;

