_solve_elapsed_time = 0.009187

calculated_sum = 24113600000

target_sum = 24113600000

set_len = 86

x [*] :=
 1 1           19 1           37 1           55 0           73 0
 2 1           20 1           38 1           56 0           74 0
 3 1           21 1           39 1           57 0           75 0
 4 1           22 1           40 1           58 0           76 0
 5 1           23 1           41 1           59 0           77 0
 6 1           24 1           42 1           60 0           78 0
 7 1           25 1           43 1           61 0           79 0
 8 1           26 1           44 1           62 0           80 0
 9 1           27 1           45 1           63 0           81 0
10 1           28 1           46 1           64 0           82 0
11 1           29 1           47 0.0978093   65 0           83 0
12 1           30 1           48 0           66 0           84 0
13 1           31 1           49 0           67 0           85 0
14 1           32 1           50 0           68 0           86 0
15 1           33 1           51 0           69 0
16 1           34 1           52 0           70 0
17 1           35 1           53 0           71 0
18 1           36 1           54 0           72 0
;

values [*] :=
 1  575311000   19  152341000   37  129800000   55  582913000   73  408370000
 2  799148000   20  692821000   38   14328000   56  744181000   74  615144000
 3   50832400   21  745534000   39  929016000   57  914134000   75  554408000
 4  153171000   22  998560000   40   32712000   58  854081000   76  546433000
 5  386464000   23  662692000   41  785653000   59  379733000   77  762406000
 6  774612000   24  609544000   42  884928000   60  150454000   78  999398000
 7 1023890000   25   10049800   43 1036890000   61  160242000   79  847153000
 8  909129000   26  480642000   44  538551000   62  673086000   80  429861000
 9    9903560   27  430664000   45   78625100   63  271183000   81  977302000
10  281803000   28  124058000   46  292377000   64  248662000   82   21876700
11  714337000   29  585963000   47  613662000   65  446044000   83  565388000
12  981635000   30  399372000   48  445269000   66  732853000   84  687470000
13  311015000   31 1037680000   49  690995000   67  782424000   85  646802000
14  582775000   32  605806000   50  989544000   68  635284000   86  597353000
15  119729000   33  384347000   51  249523000   69  852229000
16  559839000   34 1046780000   52  150622000   70  372475000
17  194085000   35  821768000   53 1054630000   71   31933200
18  355864000   36  758557000   54  400657000   72  219181000
;

