_solve_elapsed_time = 0.00918

calculated_sum = 25561300000

target_sum = 25561300000

set_len = 86

x [*] :=
 1 1           19 1           37 1           55 0           73 0
 2 1           20 1           38 1           56 0           74 0
 3 1           21 1           39 1           57 0           75 0
 4 1           22 1           40 1           58 0           76 0
 5 1           23 1           41 1           59 0           77 0
 6 1           24 1           42 1           60 0           78 0
 7 1           25 1           43 1           61 0           79 0
 8 1           26 1           44 1           62 0           80 0
 9 1           27 1           45 1           63 0           81 0
10 1           28 1           46 1           64 0           82 0
11 1           29 1           47 1           65 0           83 0
12 1           30 1           48 0.0421955   66 0           84 0
13 1           31 1           49 0           67 0           85 0
14 1           32 1           50 0           68 0           86 0
15 1           33 1           51 0           69 0
16 1           34 1           52 0           70 0
17 1           35 1           53 0           71 0
18 1           36 1           54 0           72 0
;

values [*] :=
 1  508347000   19  796282000   37   62790400   55  267670000   73  655133000
 2   23813300   20  474726000   38  943933000   56   94733400   74  833792000
 3  283010000   21  779014000   39  156858000   57  838252000   75 1022030000
 4  603806000   22  970572000   40  378984000   58  563287000   76  533611000
 5  754028000   23   37720500   41 1028250000   59  919691000   77  932850000
 6  909482000   24  541996000   42  592830000   60  634165000   78  473620000
 7  642012000   25  391489000   43  226658000   61  169173000   79  803337000
 8   41729600   26  960802000   44  594251000   62  968844000   80  306203000
 9  663458000   27 1056290000   45  852166000   63 1003980000   81  730159000
10  552369000   28  105691000   46  441722000   64  683644000   82  357914000
11  352515000   29  968875000   47  196940000   65  368847000   83  235568000
12  930470000   30  466331000   48  827968000   66  543693000   84  920834000
13  502150000   31  728086000   49  651360000   67  964296000   85  606171000
14  645575000   32  607024000   50  630696000   68   28801100   86  205917000
15  199774000   33  355098000   51  703567000   69 1013980000
16  960599000   34  475277000   52  529588000   70  529709000
17  875576000   35  282535000   53  457102000   71  715059000
18  328690000   36  275730000   54  573125000   72  456513000
;

