_solve_elapsed_time = 0.00934

calculated_sum = 20898500000

target_sum = 20898500000

set_len = 88

x [*] :=
 1 1         16 1         31 1         46 0         61 0         76 0
 2 1         17 1         32 1         47 0         62 0         77 0
 3 1         18 1         33 1         48 0         63 0         78 0
 4 1         19 1         34 1         49 0         64 0         79 0
 5 1         20 1         35 1         50 0         65 0         80 0
 6 1         21 1         36 1         51 0         66 0         81 0
 7 1         22 1         37 1         52 0         67 0         82 0
 8 1         23 1         38 1         53 0         68 0         83 0
 9 1         24 1         39 1         54 0         69 0         84 0
10 1         25 1         40 1         55 0         70 0         85 0
11 1         26 1         41 1         56 0         71 0         86 0
12 1         27 1         42 0.72995   57 0         72 0         87 0
13 1         28 1         43 0         58 0         73 0         88 0
14 1         29 1         44 0         59 0         74 0
15 1         30 1         45 0         60 0         75 0
;

values [*] :=
 1  160722000   19  468050000   37  217338000   55  285181000   73  825558000
 2  895502000   20  641202000   38  214276000   56   90000100   74  609906000
 3    9442460   21  502213000   39  549903000   57   30062900   75  292309000
 4  442157000   22  949604000   40  448159000   58  644557000   76   94797900
 5  856643000   23  768054000   41  312315000   59  123304000   77  636383000
 6  314801000   24  993419000   42  868116000   60   20563200   78  954112000
 7  543357000   25  842554000   43  583319000   61  204744000   79  308692000
 8  585902000   26  731170000   44  117031000   62  258762000   80  601073000
 9  230885000   27  110242000   45  789865000   63   70704400   81  513645000
10  940645000   28  883787000   46  284319000   64  252027000   82  631640000
11 1038130000   29  532814000   47  336120000   65  626368000   83 1028130000
12  902333000   30   87292400   48  324336000   66  490685000   84  824819000
13  597267000   31   69650000   49  168752000   67  904999000   85  308265000
14  227584000   32  274373000   50 1052380000   68  880031000   86  515044000
15  770191000   33   14305200   51  508547000   69  417091000   87  531522000
16  796289000   34  124484000   52  936658000   70 1032030000   88 1037060000
17  603829000   35   15763700   53  345758000   71  871725000
18  212044000   36  386132000   54  864015000   72  689637000
;

