_solve_elapsed_time = 0.009229

calculated_sum = 22539800000

target_sum = 22539800000

set_len = 90

x [*] :=
 1 1          19 1          37 1          55 0          73 0
 2 1          20 1          38 1          56 0          74 0
 3 1          21 1          39 1          57 0          75 0
 4 1          22 1          40 1          58 0          76 0
 5 1          23 1          41 1          59 0          77 0
 6 1          24 1          42 1          60 0          78 0
 7 1          25 1          43 1          61 0          79 0
 8 1          26 1          44 1          62 0          80 0
 9 1          27 1          45 1          63 0          81 0
10 1          28 1          46 1          64 0          82 0
11 1          29 1          47 1          65 0          83 0
12 1          30 1          48 1          66 0          84 0
13 1          31 1          49 0.659144   67 0          85 0
14 1          32 1          50 0          68 0          86 0
15 1          33 1          51 0          69 0          87 0
16 1          34 1          52 0          70 0          88 0
17 1          35 1          53 0          71 0          89 0
18 1          36 1          54 0          72 0          90 0
;

values [*] :=
 1  135552000          31  780542000          61  815400000
 2  701844000          32  156114000          62  668502000
 3  616378000          33  741634000          63  742209000
 4  283995000          34  902797000          64  319501000
 5  136894000          35  848256000          65  932269000
 6          8.83e+08   36  362609000          66  395685000
 7  505726000          37   52829500          67  234693000
 8  620221000          38   87890800          68  408132000
 9   50069200          39  102920000          69  407518000
10  576141000          40 1014960000          70  372422000
11  127255000          41  681595000          71   43850500
12  626062000          42  489229000          72  381452000
13    2858920          43  128401000          73  212745000
14 1041990000          44  117195000          74  479907000
15  805006000          45  445764000          75 1057430000
16 1032690000          46  339669000          76  535903000
17  276849000          47  197187000          77  793294000
18  161950000          48  101603000          78  854918000
19 1072880000          49  592697000          79  133162000
20  759291000          50   71029300          80    6959670
21  645417000          51  934825000          81  616197000
22  861198000          52  490628000          82  954576000
23  167604000          53  310860000          83  571316000
24  582993000          54  452431000          84  463382000
25   98735000          55  720486000          85  715641000
26  403495000          56  867310000          86  551744000
27  159510000          57  279637000          87  582397000
28   46326000          58  435215000          88  794900000
29  908063000          59  350462000          89  180311000
30  307961000          60  763032000          90  546911000
;

