_solve_elapsed_time = 0.009049

calculated_sum = 24955600000

target_sum = 24955600000

set_len = 92

x [*] :=
 1 1          20 1          39 1          58 0          77 0
 2 1          21 1          40 1          59 0          78 0
 3 1          22 1          41 1          60 0          79 0
 4 1          23 1          42 0.921367   61 0          80 0
 5 1          24 1          43 0          62 0          81 0
 6 1          25 1          44 0          63 0          82 0
 7 1          26 1          45 0          64 0          83 0
 8 1          27 1          46 0          65 0          84 0
 9 1          28 1          47 0          66 0          85 0
10 1          29 1          48 0          67 0          86 0
11 1          30 1          49 0          68 0          87 0
12 1          31 1          50 0          69 0          88 0
13 1          32 1          51 0          70 0          89 0
14 1          33 1          52 0          71 0          90 0
15 1          34 1          53 0          72 0          91 0
16 1          35 1          54 0          73 0          92 0
17 1          36 1          55 0          74 0
18 1          37 1          56 0          75 0
19 1          38 1          57 0          76 0
;

values [*] :=
 1 1043890000           32  651641000           63  127470000
 2  508074000           33  696969000           64  430758000
 3  110936000           34  628918000           65  204486000
 4  212823000           35  851210000           66  397407000
 5  306528000           36  153975000           67 1004690000
 6 1040020000           37  981568000           68  822916000
 7   60648500           38  322680000           69  713560000
 8  802848000           39  776338000           70 1003250000
 9  873471000           40  995268000           71  219634000
10 1000990000           41   89754300           72  139188000
11  211499000           42          1.033e+09   73  747778000
12  536388000           43  339410000           74   63782600
13   85880800           44  477292000           75 1051150000
14  869838000           45  529791000           76  255739000
15  834463000           46  666566000           77  958437000
16  218079000           47  983899000           78  666240000
17  900290000           48  607838000           79  847818000
18  891244000           49  916583000           80  677290000
19  499656000           50   51224500           81  362941000
20  435996000           51  730090000           82  783749000
21  723456000           52  563516000           83  167488000
22  216597000           53  236753000           84  188135000
23 1028700000           54  923649000           85   31934800
24 1019160000           55  613992000           86  686953000
25   75999800           56  880748000           87  737552000
26  855720000           57  783593000           88  131059000
27  108410000           58  941884000           89  292938000
28  491765000           59  121473000           90  410353000
29  514664000           60  185448000           91  273274000
30  789041000           61  769344000           92  518698000
31  588457000           62   65420000
;

