_solve_elapsed_time = 0.009166

calculated_sum = 27954600000

target_sum = 27954600000

set_len = 92

x [*] :=
 1 1          20 1          39 1          58 0          77 0
 2 1          21 1          40 1          59 0          78 0
 3 1          22 1          41 1          60 0          79 0
 4 1          23 1          42 1          61 0          80 0
 5 1          24 1          43 1          62 0          81 0
 6 1          25 1          44 1          63 0          82 0
 7 1          26 1          45 1          64 0          83 0
 8 1          27 1          46 1          65 0          84 0
 9 1          28 1          47 1          66 0          85 0
10 1          29 1          48 1          67 0          86 0
11 1          30 1          49 1          68 0          87 0
12 1          31 1          50 1          69 0          88 0
13 1          32 1          51 1          70 0          89 0
14 1          33 1          52 1          71 0          90 0
15 1          34 1          53 1          72 0          91 0
16 1          35 1          54 1          73 0          92 0
17 1          36 1          55 1          74 0
18 1          37 1          56 0.796242   75 0
19 1          38 1          57 0          76 0
;

values [*] :=
 1  617010000   20  422441000   39  295189000   58  363342000   77  922736000
 2  717733000   21  378799000   40  773705000   59  816119000   78  364426000
 3    6228500   22  884938000   41   62805700   60  150844000   79  832481000
 4   60748700   23  726209000   42   53013100   61   29262800   80  675665000
 5  975652000   24 1001770000   43 1013550000   62  476542000   81  674612000
 6  908135000   25  629075000   44  742467000   63  856314000   82  863285000
 7  458826000   26  303499000   45  312381000   64  317425000   83  577117000
 8   18919100   27  855712000   46  875977000   65  936687000   84  494082000
 9  474195000   28  296426000   47  153047000   66  781395000   85  271496000
10  216467000   29  782955000   48  444918000   67  102651000   86  513539000
11  277166000   30  883029000   49   39037100   68  581173000   87  722693000
12  420846000   31  510675000   50  601093000   69  528543000   88  302599000
13  264020000   32  550810000   51  154630000   70  876369000   89  161756000
14  392048000   33  339476000   52  826605000   71  822106000   90  535071000
15  831448000   34  718885000   53  285317000   72 1035490000   91 1007820000
16  810350000   35  414428000   54   18401300   73  788404000   92  973598000
17   90294200   36 1055310000   55  263404000   74  908953000
18  798775000   37    9095880   56  795665000   75   50226600
19  742288000   38  560878000   57 1043940000   76  639960000
;

