_solve_elapsed_time = 0.00892

calculated_sum = 21410200000

target_sum = 21410200000

set_len = 94

x [*] :=
 1 1         17 1         33 1         49 0         65 0         81 0
 2 1         18 1         34 1         50 0         66 0         82 0
 3 1         19 1         35 1         51 0         67 0         83 0
 4 1         20 1         36 1         52 0         68 0         84 0
 5 1         21 1         37 1         53 0         69 0         85 0
 6 1         22 1         38 1         54 0         70 0         86 0
 7 1         23 1         39 1         55 0         71 0         87 0
 8 1         24 1         40 1         56 0         72 0         88 0
 9 1         25 1         41 1         57 0         73 0         89 0
10 1         26 1         42 1         58 0         74 0         90 0
11 1         27 1         43 1         59 0         75 0         91 0
12 1         28 1         44 1         60 0         76 0         92 0
13 1         29 1         45 0.44328   61 0         77 0         93 0
14 1         30 1         46 0         62 0         78 0         94 0
15 1         31 1         47 0         63 0         79 0
16 1         32 1         48 0         64 0         80 0
;

values [*] :=
 1  446950000   20  865675000   39  786185000   58  763612000   77  964673000
 2  224086000   21  553833000   40  804022000   59  554130000   78  261055000
 3  730995000   22  641092000   41  467839000   60  382779000   79  644311000
 4  152763000   23  800494000   42  269429000   61  991226000   80  329140000
 5   34355800   24  901343000   43  540608000   62  248626000   81   97095900
 6  889919000   25   98146800   44   23433600   63    3085390   82  216612000
 7  574240000   26  829800000   45  932427000   64  226031000   83 1046350000
 8  478884000   27  215205000   46  787120000   65  736282000   84  864493000
 9  173469000   28  583117000   47  151116000   66  758214000   85   49638500
10  702956000   29  419401000   48  738550000   67  707199000   86  976305000
11  556019000   30  402588000   49  708620000   68  449427000   87  179214000
12  437686000   31  829135000   50  150330000   69  121908000   88  519420000
13  527329000   32  451123000   51   77280600   70  769893000   89  870401000
14   40602700   33  282519000   52  514654000   71  136426000   90  389294000
15  476023000   34   80841900   53  407284000   72  794755000   91  113901000
16   40623300   35  837012000   54  266936000   73  881495000   92  483327000
17  457518000   36  411897000   55   57356200   74  766464000   93  153628000
18  710961000   37  743800000   56 1058200000   75  301534000   94  525692000
19  219995000   38  283004000   57  825491000   76  204503000
;

