_solve_elapsed_time = 7.25169

calculated_sum = 2.3681e+10

target_sum = 2.3681e+10

set_len = 94

x [*] :=
 1 0   10 1   19 1   28 1   37 1   46 0   55 0   64 0   73 1   82 0   91 0
 2 1   11 0   20 1   29 1   38 1   47 0   56 1   65 0   74 0   83 1   92 0
 3 1   12 1   21 1   30 1   39 1   48 1   57 0   66 1   75 0   84 0   93 1
 4 1   13 1   22 1   31 1   40 0   49 0   58 0   67 0   76 0   85 0   94 0
 5 0   14 1   23 0   32 0   41 1   50 1   59 0   68 0   77 0   86 1
 6 1   15 1   24 1   33 0   42 1   51 0   60 0   69 0   78 0   87 0
 7 1   16 0   25 1   34 1   43 1   52 1   61 1   70 1   79 0   88 0
 8 0   17 1   26 0   35 1   44 0   53 0   62 1   71 1   80 0   89 0
 9 0   18 0   27 0   36 0   45 0   54 0   63 0   72 0   81 0   90 0
;

values [*] :=
 1 1057070000          33  460242000          65   61631100
 2  738304000          34  101238000          66  798033000
 3  145828000          35  687369000          67  192291000
 4          6.44e+08   36  228462000          68  123002000
 5 1063900000          37  284503000          69  110118000
 6  933622000          38  797804000          70  854928000
 7 1010140000          39  338946000          71  479467000
 8  848601000          40  350962000          72  958846000
 9   53541000          41  319243000          73  502739000
10  378362000          42   96997400          74  937564000
11  453019000          43  564408000          75  472365000
12  548939000          44  361029000          76  446523000
13  568002000          45  401560000          77  848715000
14  299228000          46  144664000          78  532280000
15  998814000          47  238465000          79  729734000
16  225867000          48  874643000          80  189409000
17  191867000          49  107810000          81  126116000
18 1047510000          50 1050320000          82  424025000
19  426350000          51  939069000          83  923248000
20 1006380000          52  980447000          84  139643000
21   87324200          53   17477000          85   56417000
22  741393000          54  455344000          86  291576000
23 1039160000          55  844627000          87  395048000
24   45746500          56   81256600          88  813728000
25  797068000          57  901375000          89  125618000
26  897912000          58  230962000          90 1059170000
27  217799000          59  248604000          91   73036100
28  496150000          60  687798000          92  447550000
29  303546000          61  765460000          93  518496000
30  785222000          62  544621000          94  524323000
31  678932000          63  614047000
32  411028000          64  191187000
;

