_solve_elapsed_time = 0.008959

calculated_sum = 2.5051e+10

target_sum = 2.5051e+10

set_len = 94

x [*] :=
 1 1         17 1         33 1         49 1         65 0         81 0
 2 1         18 1         34 1         50 0.21724   66 0         82 0
 3 1         19 1         35 1         51 0         67 0         83 0
 4 1         20 1         36 1         52 0         68 0         84 0
 5 1         21 1         37 1         53 0         69 0         85 0
 6 1         22 1         38 1         54 0         70 0         86 0
 7 1         23 1         39 1         55 0         71 0         87 0
 8 1         24 1         40 1         56 0         72 0         88 0
 9 1         25 1         41 1         57 0         73 0         89 0
10 1         26 1         42 1         58 0         74 0         90 0
11 1         27 1         43 1         59 0         75 0         91 0
12 1         28 1         44 1         60 0         76 0         92 0
13 1         29 1         45 1         61 0         77 0         93 0
14 1         30 1         46 1         62 0         78 0         94 0
15 1         31 1         47 1         63 0         79 0
16 1         32 1         48 1         64 0         80 0
;

values [*] :=
 1   32544800   20  188687000   39   48458000   58  862793000   77  359582000
 2  975287000   21  240524000   40  590788000   59  501021000   78  738770000
 3 1042110000   22  688990000   41  467525000   60  188862000   79  779261000
 4  437681000   23  442628000   42  787292000   61   32352700   80  735844000
 5  377080000   24  449880000   43   67419500   62  589848000   81  988236000
 6  207862000   25  969976000   44  462491000   63  952211000   82  555431000
 7  252041000   26   67522300   45  283182000   64  393328000   83  853620000
 8  612756000   27  711825000   46  305035000   65  826246000   84  818385000
 9  619470000   28  822770000   47  504715000   66  852740000   85   99082300
10 1020180000   29  648517000   48  113765000   67  968336000   86  942159000
11  974319000   30  970750000   49  776385000   68  106799000   87  434585000
12  579494000   31  842081000   50  114254000   69  619206000   88  359861000
13    4573920   32  532428000   51  677270000   70  535902000   89 1010870000
14   11404500   33  310056000   52  342405000   71  759301000   90 1019460000
15  704116000   34  464766000   53  228208000   72  733851000   91  392598000
16  331094000   35  868466000   54  285924000   73  989376000   92  318547000
17  671765000   36   40520300   55  331240000   74  899128000   93  426400000
18  241587000   37  819555000   56   44813200   75  377855000   94   35957600
19 1042280000   38  401527000   57  859695000   76  266530000
;

