_solve_elapsed_time = 0.008771

calculated_sum = 25996700000

target_sum = 25996700000

set_len = 96

x [*] :=
 1 1          21 1          41 1          61 0          81 0
 2 1          22 1          42 1          62 0          82 0
 3 1          23 1          43 1          63 0          83 0
 4 1          24 1          44 1          64 0          84 0
 5 1          25 1          45 0.649451   65 0          85 0
 6 1          26 1          46 0          66 0          86 0
 7 1          27 1          47 0          67 0          87 0
 8 1          28 1          48 0          68 0          88 0
 9 1          29 1          49 0          69 0          89 0
10 1          30 1          50 0          70 0          90 0
11 1          31 1          51 0          71 0          91 0
12 1          32 1          52 0          72 0          92 0
13 1          33 1          53 0          73 0          93 0
14 1          34 1          54 0          74 0          94 0
15 1          35 1          55 0          75 0          95 0
16 1          36 1          56 0          76 0          96 0
17 1          37 1          57 0          77 0
18 1          38 1          58 0          78 0
19 1          39 1          59 0          79 0
20 1          40 1          60 0          80 0
;

values [*] :=
 1  458227000   21  449555000   41  619146000   61  309715000   81  812065000
 2  403164000   22  402814000   42  505992000   62  441051000   82  794881000
 3    3551600   23  516612000   43  132133000   63  605872000   83  706446000
 4  915159000   24  974489000   44  675164000   64  223937000   84  307328000
 5  797078000   25  492111000   45  473282000   65  112480000   85  950646000
 6 1059960000   26  778304000   46   68777400   66  385013000   86  787372000
 7  693533000   27  427568000   47  791398000   67  531541000   87  979153000
 8   65731500   28  822934000   48  859166000   68  626453000   88  600930000
 9  810524000   29   67033400   49  684002000   69  780411000   89   32016900
10   66189800   30  936527000   50  433374000   70  327264000   90  828779000
11  284146000   31  254051000   51  400800000   71  718536000   91  907567000
12  445908000   32  976499000   52  107389000   72 1030450000   92  397008000
13  707726000   33 1018060000   53  552326000   73  444098000   93  171596000
14  885724000   34  415868000   54   50542800   74  249137000   94  803637000
15  882197000   35  933894000   55  285763000   75   98221300   95  989494000
16  414791000   36   22779800   56  970074000   76   38204300   96 1008320000
17 1033480000   37  429584000   57  552254000   77  573632000
18  632687000   38  972605000   58  914357000   78   52039300
19  878915000   39  512945000   59 1034160000   79  465070000
20  549814000   40  364167000   60  414767000   80   84229800
;

