_solve_elapsed_time = 0.008296

calculated_sum = 24794800000

target_sum = 24794800000

set_len = 96

x [*] :=
 1 1          21 1          41 1          61 0          81 0
 2 1          22 1          42 1          62 0          82 0
 3 1          23 1          43 1          63 0          83 0
 4 1          24 1          44 1          64 0          84 0
 5 1          25 1          45 1          65 0          85 0
 6 1          26 1          46 1          66 0          86 0
 7 1          27 1          47 1          67 0          87 0
 8 1          28 1          48 1          68 0          88 0
 9 1          29 1          49 1          69 0          89 0
10 1          30 1          50 0.600851   70 0          90 0
11 1          31 1          51 0          71 0          91 0
12 1          32 1          52 0          72 0          92 0
13 1          33 1          53 0          73 0          93 0
14 1          34 1          54 0          74 0          94 0
15 1          35 1          55 0          75 0          95 0
16 1          36 1          56 0          76 0          96 0
17 1          37 1          57 0          77 0
18 1          38 1          58 0          78 0
19 1          39 1          59 0          79 0
20 1          40 1          60 0          80 0
;

values [*] :=
 1  608354000   21   96404200   41  389167000   61  860545000   81  748222000
 2  101829000   22  161521000   42  680182000   62  712273000   82   99607300
 3  823859000   23   81529300   43  727037000   63  805983000   83  790733000
 4   54832300   24  850745000   44  365451000   64  812802000   84  722431000
 5  874237000   25  796830000   45  304896000   65  750210000   85  327898000
 6  985130000   26  265121000   46  354779000   66 1005130000   86  982637000
 7     100096   27  365307000   47  829544000   67  320779000   87  788148000
 8  473382000   28  762634000   48  146484000   68   94759100   88  950085000
 9  911026000   29  963116000   49  664214000   69  709482000   89  912924000
10   59663100   30   10162100   50  757485000   70  478646000   90  253315000
11 1010860000   31  861834000   51  998141000   71  610941000   91  402253000
12  673782000   32   62175000   52  431464000   72  277216000   92  920491000
13  184476000   33  685211000   53  147697000   73  347974000   93  976938000
14  270581000   34  382224000   54  380137000   74  861834000   94  445278000
15  570998000   35  471307000   55  819044000   75 1048150000   95  785671000
16  791388000   36  482394000   56  772724000   76  268128000   96  131621000
17  815194000   37  285793000   57  505654000   77  806838000
18  734448000   38  727963000   58  678236000   78   99929800
19  831455000   39   30652500   59  168563000   79  402405000
20   14343800   40  745019000   60  455096000   80  529979000
;

