_solve_elapsed_time = 1.5502

calculated_sum = 26368300000

target_sum = 26368300000

set_len = 96

x [*] :=
 1 0   10 0   19 1   28 1   37 0   46 1   55 0   64 0   73 0   82 0   91 0
 2 0   11 1   20 1   29 0   38 1   47 0   56 1   65 0   74 1   83 0   92 0
 3 1   12 1   21 1   30 1   39 1   48 0   57 0   66 1   75 0   84 0   93 1
 4 1   13 1   22 0   31 1   40 0   49 1   58 1   67 0   76 0   85 1   94 0
 5 1   14 1   23 1   32 0   41 1   50 0   59 0   68 0   77 0   86 1   95 1
 6 1   15 0   24 1   33 1   42 0   51 0   60 0   69 0   78 0   87 0   96 0
 7 0   16 0   25 1   34 1   43 1   52 0   61 0   70 0   79 0   88 0
 8 1   17 1   26 1   35 1   44 1   53 0   62 0   71 0   80 0   89 0
 9 1   18 1   27 1   36 1   45 0   54 0   63 0   72 0   81 0   90 0
;

values [*] :=
 1 1037410000          33  193315000          65  511836000
 2   39880200          34  959562000          66  947986000
 3  474139000          35  928571000          67  435809000
 4  651221000          36  756315000          68  963766000
 5  587626000          37  781990000          69  800146000
 6  407136000          38  239810000          70   81469200
 7  872698000          39  508033000          71  760798000
 8  678591000          40   13460400          72  684215000
 9  797152000          41  755537000          73  275738000
10 1042380000          42  467590000          74  598640000
11  191200000          43  967316000          75  555398000
12  758301000          44  979419000          76  274728000
13  205281000          45  790085000          77   81550700
14  624388000          46  165064000          78  522234000
15   95220900          47  381562000          79  843810000
16 1056390000          48  384769000          80  564303000
17  661361000          49  989924000          81  293952000
18  614838000          50  642483000          82  486825000
19  294298000          51  214275000          83  759672000
20  531376000          52  349600000          84  563431000
21  644385000          53 1038690000          85  394426000
22  102188000          54  741191000          86  921977000
23 1025300000          55          5.59e+08   87  342746000
24  843186000          56  898779000          88  477888000
25  543388000          57  425639000          89   98410300
26 1026780000          58  829041000          90 1051710000
27  395254000          59  499387000          91  666630000
28  931030000          60   46108900          92  682014000
29  355529000          61 1038730000          93  141289000
30 1006420000          62  532863000          94  615061000
31  245310000          63  706155000          95   55288200
32  633270000          64  314373000          96  764571000
;

