_solve_elapsed_time = 28.4511

calculated_sum = 2.4559e+10

target_sum = 2.4559e+10

set_len = 98

x [*] :=
 1 1   10 1   19 0   28 0   37 0   46 0   55 0   64 0   73 1   82 0   91 0
 2 0   11 0   20 1   29 1   38 1   47 1   56 0   65 0   74 0   83 1   92 1
 3 0   12 1   21 0   30 1   39 0   48 1   57 1   66 1   75 0   84 1   93 0
 4 0   13 1   22 1   31 1   40 1   49 1   58 0   67 0   76 1   85 0   94 0
 5 1   14 1   23 1   32 0   41 0   50 0   59 1   68 1   77 0   86 1   95 0
 6 1   15 1   24 0   33 1   42 1   51 0   60 1   69 0   78 0   87 1   96 1
 7 0   16 0   25 1   34 1   43 1   52 0   61 1   70 0   79 0   88 1   97 0
 8 1   17 1   26 0   35 1   44 0   53 1   62 0   71 0   80 0   89 0   98 0
 9 0   18 1   27 1   36 1   45 1   54 1   63 0   72 0   81 1   90 0
;

values [*] :=
 1  581139000          34  264675000          67 1032530000
 2  766974000          35  916067000          68   28057700
 3  305299000          36  559446000          69  586738000
 4  568393000          37   55871300          70  872642000
 5  869357000          38  738382000          71  437386000
 6  187896000          39   97249300          72  580363000
 7   62348800          40  562357000          73  953304000
 8  632986000          41  211594000          74   94091700
 9  252630000          42  347402000          75  282348000
10  303079000          43  801699000          76  189747000
11          1.07e+09   44  506610000          77 1015200000
12  858804000          45  832510000          78  594444000
13  144881000          46  228047000          79  673176000
14 1000830000          47  741910000          80 1065330000
15  187294000          48  906310000          81  425781000
16  324884000          49  594168000          82  363139000
17  912007000          50   93580200          83  134952000
18  867548000          51  113647000          84   46952100
19  243060000          52 1058450000          85  439293000
20   33062600          53  354259000          86  823661000
21  496665000          54  272198000          87  163031000
22  803860000          55  839774000          88  527657000
23  286753000          56   13676700          89  666621000
24 1028730000          57  414025000          90  605151000
25  289347000          58  633515000          91  978402000
26  545476000          59  205042000          92  777005000
27  294284000          60  202977000          93   19837100
28  282101000          61  261185000          94  219677000
29  643234000          62  741521000          95  755127000
30  862458000          63  634877000          96  788168000
31  692112000          64  857498000          97  894501000
32   40808900          65  465792000          98  227391000
33  265409000          66    9695210
;

