_solve_elapsed_time = 1.13788

calculated_sum = 26232400000

target_sum = 26232400000

set_len = 98

x [*] :=
 1 0   10 0   19 0   28 1   37 1   46 0   55 1   64 0   73 0   82 1   91 1
 2 0   11 1   20 0   29 1   38 1   47 0   56 0   65 0   74 0   83 0   92 1
 3 1   12 1   21 0   30 0   39 0   48 0   57 0   66 1   75 1   84 0   93 0
 4 0   13 1   22 0   31 0   40 1   49 0   58 0   67 0   76 0   85 1   94 1
 5 1   14 0   23 1   32 0   41 0   50 0   59 0   68 0   77 0   86 0   95 0
 6 0   15 1   24 1   33 0   42 1   51 1   60 0   69 0   78 0   87 1   96 0
 7 1   16 1   25 0   34 0   43 0   52 0   61 1   70 1   79 0   88 0   97 0
 8 1   17 1   26 0   35 0   44 0   53 0   62 0   71 1   80 1   89 1   98 0
 9 0   18 0   27 1   36 0   45 0   54 1   63 1   72 0   81 0   90 1
;

values [*] :=
 1   33657500   21  588106000   41   50013200   61 1070040000   81  271499000
 2   61320500   22  608901000   42 1066950000   62  584327000   82 1026320000
 3  702094000   23  857706000   43  232742000   63  789265000   83  744967000
 4  128054000   24  447388000   44  939827000   64  415704000   84  882788000
 5  641881000   25  217548000   45  628284000   65  759164000   85  488001000
 6  905931000   26  825623000   46  586808000   66  504735000   86  142175000
 7  536712000   27  749796000   47  117774000   67  168687000   87  552193000
 8  779530000   28  103234000   48  356080000   68   54351800   88  757685000
 9  602035000   29  946564000   49   93540200   69   16244400   89  318256000
10   54623800   30  662618000   50   99650800   70  892034000   90  848876000
11  957018000   31  719993000   51  952257000   71  860305000   91  925465000
12  699801000   32   63307500   52   21598800   72  246449000   92  916775000
13  939105000   33  607144000   53  625186000   73  614602000   93  207299000
14  398234000   34  321875000   54  438011000   74  787156000   94  864870000
15   42402300   35  202268000   55  797007000   75  145606000   95  766839000
16  743171000   36   30506500   56  761863000   76  742335000   96  344508000
17  795871000   37  747254000   57  683631000   77  571391000   97  417401000
18    6582330   38  691595000   58   74214700   78  559144000   98  563678000
19 1048190000   39  289354000   59  148627000   79  336117000
20  283611000   40  555948000   60  115881000   80  838347000
;

