_solve_elapsed_time = 40.5905

calculated_sum = 2.7863e+10

target_sum = 2.7863e+10

set_len = 100

x [*] :=
  1 0    11 1    21 0    31 0    41 0    51 1    61 0    71 1    81 1    91 0
  2 1    12 1    22 0    32 1    42 1    52 1    62 0    72 0    82 0    92 1
  3 0    13 1    23 1    33 1    43 1    53 0    63 0    73 1    83 1    93 0
  4 1    14 0    24 1    34 0    44 0    54 1    64 1    74 0    84 1    94 0
  5 0    15 0    25 1    35 1    45 1    55 1    65 1    75 0    85 1    95 0
  6 0    16 1    26 1    36 1    46 1    56 1    66 0    76 1    86 1    96 1
  7 1    17 1    27 1    37 0    47 1    57 1    67 1    77 1    87 1    97 1
  8 1    18 1    28 1    38 1    48 0    58 1    68 1    78 1    88 1    98 1
  9 0    19 0    29 0    39 1    49 0    59 1    69 1    79 1    89 1    99 1
 10 0    20 1    30 0    40 0    50 0    60 0    70 0    80 0    90 0   100 0
;

values [*] :=
  1  345085000            35  755584000            69  832202000
  2  806745000            36  213380000            70  221910000
  3  992287000            37  106970000            71  687090000
  4  279165000            38  208749000            72   31370700
  5  615941000            39  194086000            73  476630000
  6  136938000            40 1059050000            74  146923000
  7  698157000            41  988703000            75  810748000
  8  687953000            42   97273100            76  196243000
  9  846340000            43  249186000            77  381579000
 10  737012000            44 1073070000            78  624712000
 11   67709900            45  433601000            79 1039870000
 12  348875000            46  808813000            80  822161000
 13  217859000            47  198369000            81  643083000
 14 1027350000            48  795296000            82  884875000
 15  822422000            49  511569000            83  677108000
 16 1034970000            50  128083000            84  683446000
 17  213676000            51  208663000            85   23268300
 18  700300000            52  804161000            86   28762900
 19  784334000            53  593872000            87  628103000
 20  427806000            54  221674000            88  734210000
 21  771813000            55  281236000            89  701329000
 22  729870000            56  115941000            90  570409000
 23  270010000            57  940469000            91  880241000
 24          1.015e+09    58  838376000            92  267384000
 25  412955000            59   80392800            93 1053900000
 26   36342100            60  145200000            94  859669000
 27  244326000            61  963861000            95   79622300
 28  465104000            62  800992000            96   75287600
 29  991247000            63   84701800            97  869578000
 30  887926000            64   43943900            98  696495000
 31  233532000            65  922993000            99  205583000
 32  236901000            66  990612000           100  422557000
 33  171954000            67  433337000
 34  554913000            68 1005020000
;

