_solve_elapsed_time = 0.157096

calculated_sum = 6822620000

target_sum = 6822620000

set_len = 20

x [*] :=
 1  1
 2  1
 3  0
 4  0
 5  0
 6  1
 7  0
 8  0
 9  1
10  1
11  1
12  0
13  1
14  1
15  0
16  1
17  0
18  0
19  1
20  0
;

values [*] :=
 1   884197000
 2   892553000
 3   348035000
 4    78355000
 5    75633500
 6   801690000
 7  1057170000
 8   997435000
 9   314721000
10   457635000
11   716658000
12     2585190
13   938501000
14   370290000
15   979781000
16   792201000
17   721849000
18   922430000
19   654176000
20   971610000
;

