_solve_elapsed_time = 0.20507

calculated_sum = 5869160000

target_sum = 5869160000

set_len = 20

x [*] :=
 1  1
 2  1
 3  1
 4  1
 5  0
 6  0
 7  1
 8  0
 9  0
10  0
11  0
12  0
13  1
14  0
15  1
16  1
17  0
18  1
19  1
20  0
;

values [*] :=
 1  1014100000
 2   380308000
 3   769064000
 4   251481000
 5   165284000
 6   362236000
 7   780697000
 8   717311000
 9   205808000
10   541136000
11   977958000
12   530292000
13   940018000
14   684101000
15   285255000
16   841079000
17   423804000
18    43889800
19   563266000
20   970339000
;

