_solve_elapsed_time = 0.14327

calculated_sum = 4181900000

target_sum = 4181900000

set_len = 20

x [*] :=
 1  0
 2  0
 3  0
 4  1
 5  1
 6  1
 7  0
 8  0
 9  1
10  0
11  0
12  1
13  1
14  1
15  1
16  0
17  1
18  1
19  0
20  0
;

values [*] :=
 1  234836000
 2  129843000
 3  422779000
 4  607609000
 5   87323800
 6  924443000
 7  602656000
 8  952157000
 9  935327000
10  817005000
11  277387000
12  455572000
13   34981400
14  487787000
15    1379850
16  264171000
17  189392000
18  458088000
19   21321900
20  296643000
;

