_solve_elapsed_time = 894.298

calculated_sum = 8700500000

target_sum = 8700500000

set_len = 34

x [*] :=
 1 1    5 0    9 0   13 1   17 0   21 1   25 1   29 0   33 0
 2 0    6 0   10 0   14 1   18 0   22 1   26 1   30 0   34 0
 3 0    7 1   11 0   15 1   19 0   23 0   27 1   31 1
 4 1    8 1   12 1   16 1   20 1   24 0   28 1   32 0
;

values [*] :=
 1  448505000          13  304490000          25  444183000
 2   91647600          14  383102000          26  290364000
 3  652510000          15  360665000          27   80139000
 4  272663000          16   13344700          28  370114000
 5  599378000          17 1012620000          29  790075000
 6  534812000          18  350147000          30  128444000
 7  990317000          19   44585700          31  780899000
 8  492865000          20 1013160000          32  338895000
 9  679415000          21  942042000          33  979194000
10  244771000          22  612651000          34  300197000
11  813945000          23  706698000
12          9.01e+08   24  616544000
;

