_solve_elapsed_time = 48.097

calculated_sum = 8264950000

target_sum = 8264950000

set_len = 40

x [*] :=
 1 1    5 1    9 0   13 0   17 0   21 1   25 0   29 1   33 1   37 0
 2 1    6 0   10 0   14 1   18 1   22 1   26 0   30 0   34 1   38 1
 3 0    7 0   11 0   15 1   19 1   23 0   27 0   31 1   35 1   39 0
 4 0    8 0   12 1   16 0   20 1   24 1   28 1   32 0   36 1   40 0
;

values [*] :=
 1  713122000    9  650026000   17  161231000   25  608934000   33  598523000
 2  405556000   10  771716000   18   98632200   26   27295900   34  496570000
 3 1035970000   11  231086000   19   42003300   27   65309500   35  484396000
 4  945604000   12  102236000   20   46352100   28  194915000   36  195741000
 5  826473000   13  781438000   21  459934000   29  547693000   37  209352000
 6  649461000   14  783446000   22  385145000   30  703478000   38  551746000
 7   49465400   15  471661000   23  627552000   31   48258900   39   81836500
 8 1050820000   16  251409000   24  812550000   32 1050950000   40  686582000
;

