_solve_elapsed_time = 39.4513

calculated_sum = 11429800000

target_sum = 11429800000

set_len = 44

x [*] :=
 1 1    5 1    9 1   13 1   17 0   21 0   25 0   29 0   33 0   37 0   41 1
 2 1    6 0   10 0   14 0   18 0   22 0   26 1   30 1   34 0   38 1   42 0
 3 1    7 1   11 0   15 0   19 0   23 1   27 1   31 1   35 1   39 1   43 0
 4 1    8 1   12 1   16 1   20 1   24 0   28 1   32 1   36 1   40 0   44 1
;

values [*] :=
 1  131535000   10  349045000   19  852810000   28  119542000   37 1059840000
 2  747675000   11  617681000   20  890127000   29  410960000   38  290344000
 3  246213000   12  449010000   21  608449000   30  961897000   39  681565000
 4  399046000   13   46552400   22  337283000   31  480410000   40  559263000
 5  512182000   14  334279000   23   27456800   32   36716300   41  584875000
 6  423541000   15   76328100   24  838981000   33  141654000   42  825647000
 7  946020000   16  267243000   25 1017620000   34  532650000   43  442710000
 8 1021360000   17  620685000   26  160747000   35  390432000   44  470446000
 9  917429000   18  120841000   27  123214000   36  527810000
;

