_solve_elapsed_time = 1.12815

calculated_sum = 11567400000

target_sum = 11567400000

set_len = 48

x [*] :=
 1 1    6 1   11 1   16 1   21 1   26 1   31 1   36 0   41 0   46 0
 2 0    7 0   12 0   17 1   22 0   27 1   32 1   37 1   42 1   47 1
 3 0    8 1   13 0   18 0   23 1   28 0   33 1   38 1   43 0   48 0
 4 1    9 0   14 1   19 0   24 1   29 1   34 0   39 1   44 1
 5 1   10 0   15 0   20 1   25 1   30 0   35 0   40 1   45 1
;

values [*] :=
 1  801042000   11  292463000   21  780919000   31  435676000   41  713838000
 2   66997700   12  129167000   22  831556000   32  211525000   42  733611000
 3   21830800   13   69392600   23  643628000   33  456988000   43  601706000
 4   37242000   14  777609000   24  128261000   34 1013500000   44   80653500
 5  265247000   15   10043300   25  467943000   35  758623000   45  447032000
 6  561425000   16  446625000   26  801048000   36  600407000   46  963211000
 7  173212000   17  190347000   27  793430000   37  396621000   47  365816000
 8  671553000   18  132680000   28  918524000   38   47405900   48  807186000
 9   93414000   19  131042000   29  496777000   39   89348600
10  800341000   20  139059000   30  216464000   40    8054690
;

