_solve_elapsed_time = 14.0568

calculated_sum = 12704100000

target_sum = 12704100000

set_len = 48

x [*] :=
 1 0    6 0   11 0   16 1   21 0   26 0   31 1   36 1   41 1   46 0
 2 0    7 1   12 1   17 1   22 1   27 0   32 1   37 0   42 0   47 1
 3 1    8 0   13 1   18 0   23 0   28 1   33 1   38 1   43 1   48 0
 4 0    9 0   14 0   19 0   24 1   29 0   34 0   39 0   44 0
 5 1   10 0   15 0   20 1   25 0   30 1   35 1   40 1   45 0
;

values [*] :=
 1  519562000   11  656559000   21  652645000   31  974867000   41  604154000
 2  783523000   12 1067550000   22  810809000   32  150373000   42  979892000
 3  587819000   13  397022000   23  641036000   33  472519000   43  954866000
 4  560075000   14  477514000   24 1062080000   34  551962000   44   57903200
 5  584663000   15   28399700   25  994629000   35   33792600   45   83919600
 6  762995000   16  770197000   26  114997000   36  444815000   46  195510000
 7   29107300   17  402662000   27   14028100   37  668406000   47  331108000
 8  611547000   18  693651000   28  355284000   38  672570000   48  386459000
 9  314226000   19  646092000   29  979860000   39  815282000
10  849808000   20  982620000   30  331651000   40  683600000
;

