_solve_elapsed_time = 11.7254

calculated_sum = 14157600000

target_sum = 14157600000

set_len = 50

x [*] :=
 1 0    6 1   11 1   16 1   21 1   26 1   31 1   36 0   41 1   46 0
 2 0    7 1   12 0   17 1   22 1   27 0   32 0   37 0   42 0   47 1
 3 0    8 1   13 0   18 0   23 0   28 1   33 1   38 0   43 0   48 0
 4 0    9 1   14 0   19 0   24 0   29 0   34 0   39 1   44 0   49 1
 5 1   10 1   15 0   20 1   25 1   30 0   35 0   40 1   45 1   50 0
;

values [*] :=
 1  940705000   11  861400000   21  788926000   31  596167000   41  958833000
 2   19636400   12  239296000   22  650166000   32 1042700000   42  290758000
 3  338559000   13  996713000   23   29070900   33 1071550000   43  839316000
 4 1014930000   14   41902900   24  991931000   34  508610000   44  620229000
 5   21728400   15  437628000   25  319429000   35 1034810000   45  976811000
 6  156740000   16  505930000   26  210124000   36  194588000   46  989355000
 7  914754000   17   86441500   27  304460000   37  878081000   47  152349000
 8  760195000   18  572918000   28  632413000   38   74416300   48  407897000
 9  579268000   19  771619000   29     334340   39  660333000   49 1042920000
10  699831000   20  564281000   30  102842000   40  946989000   50  317788000
;

