_solve_elapsed_time = 1.45572

calculated_sum = 15222200000

target_sum = 15222200000

set_len = 50

x [*] :=
 1 1    6 1   11 0   16 1   21 1   26 0   31 0   36 1   41 0   46 1
 2 1    7 1   12 1   17 0   22 1   27 1   32 0   37 0   42 1   47 1
 3 0    8 1   13 0   18 1   23 1   28 0   33 0   38 0   43 0   48 0
 4 0    9 1   14 1   19 1   24 1   29 1   34 1   39 1   44 1   49 0
 5 1   10 1   15 0   20 1   25 0   30 1   35 1   40 1   45 1   50 0
;

values [*] :=
 1  866476000   11  523385000   21  662312000   31  568245000   41  812666000
 2 1067850000   12  170995000   22  324984000   32 1033660000   42  435600000
 3  812582000   13  740267000   23  929609000   33  940991000   43  894361000
 4  362207000   14  373752000   24  462718000   34  484274000   44  552153000
 5  786398000   15  972498000   25  612700000   35  625976000   45   39597100
 6  531173000   16  584147000   26  908667000   36  428700000   46   65070100
 7  407399000   17  380049000   27   33154000   37  341922000   47  521537000
 8  496785000   18  116043000   28 1037630000   38  887769000   48  230699000
 9  289874000   19  906204000   29  355416000   39  847085000   49  832184000
10  115517000   20  776615000   30  387325000   40  577464000   50  626601000
;

