_solve_elapsed_time = 116.024

calculated_sum = 12582600000

target_sum = 12582600000

set_len = 50

x [*] :=
 1 0    6 0   11 0   16 0   21 0   26 0   31 1   36 0   41 1   46 1
 2 1    7 1   12 1   17 1   22 0   27 0   32 0   37 1   42 0   47 0
 3 0    8 0   13 1   18 0   23 0   28 1   33 0   38 1   43 1   48 0
 4 0    9 0   14 0   19 0   24 1   29 1   34 1   39 1   44 0   49 1
 5 1   10 0   15 1   20 1   25 0   30 1   35 1   40 1   45 1   50 1
;

values [*] :=
 1  287899000   11  394408000   21  428330000   31  135174000   41  904636000
 2  196141000   12   55667800   22   45978700   32  529448000   42   69528000
 3  565405000   13  226548000   23  334785000   33  462373000   43  605925000
 4  761367000   14  343455000   24  279549000   34  592959000   44  678706000
 5  111268000   15  757130000   25  152088000   35  554557000   45  523793000
 6   64150200   16  487509000   26   39780500   36  759222000   46  646244000
 7  978109000   17  904761000   27  779920000   37  393615000   47 1037660000
 8  852991000   18  940981000   28  780731000   38  576834000   48  298414000
 9  649470000   19  119813000   29  492168000   39  236876000   49  522018000
10 1038370000   20  392298000   30  875210000   40  356369000   50  484012000
;

