_solve_elapsed_time = 3.89485

calculated_sum = 13446400000

target_sum = 13446400000

set_len = 58

x [*] :=
 1 0    7 0   13 0   19 1   25 0   31 0   37 1   43 1   49 0   55 1
 2 1    8 1   14 1   20 0   26 1   32 1   38 0   44 1   50 0   56 1
 3 1    9 0   15 1   21 1   27 1   33 0   39 1   45 1   51 1   57 1
 4 1   10 1   16 0   22 1   28 1   34 1   40 1   46 0   52 1   58 0
 5 1   11 1   17 0   23 0   29 1   35 1   41 1   47 0   53 1
 6 1   12 1   18 1   24 0   30 0   36 0   42 0   48 0   54 1
;

values [*] :=
 1  958965000   13  592263000   25  568048000   37   35449500   49  554115000
 2  284437000   14  494285000   26  608711000   38  902576000   50  652658000
 3   70787500   15  147796000   27  554969000   39   92274100   51    7321010
 4  146764000   16  970527000   28  168129000   40  940333000   52  155649000
 5  678580000   17  854942000   29   55127100   41    9505670   53  516802000
 6   41614700   18  785770000   30  909077000   42  928778000   54  176350000
 7  647194000   19  416285000   31   73494400   43  571358000   55  629112000
 8  490592000   20  840322000   32 1015580000   44  630762000   56  304729000
 9  550771000   21  140940000   33  427797000   45  520210000   57  169461000
10  106041000   22  734595000   34  751292000   46  719672000   58  654795000
11  133294000   23  716684000   35  406703000   47  863074000
12  454783000   24  637572000   36  904072000   48  234106000
;

