_solve_elapsed_time = 65.1857

calculated_sum = 22642500000

target_sum = 22642500000

set_len = 76

x [*] :=
 1 0    8 1   15 0   22 1   29 1   36 1   43 1   50 0   57 0   64 1   71 1
 2 0    9 0   16 0   23 0   30 0   37 1   44 1   51 0   58 0   65 0   72 1
 3 1   10 1   17 1   24 1   31 1   38 1   45 0   52 1   59 0   66 1   73 0
 4 1   11 1   18 0   25 1   32 1   39 1   46 1   53 0   60 1   67 1   74 1
 5 0   12 1   19 1   26 1   33 0   40 0   47 1   54 1   61 1   68 1   75 1
 6 1   13 1   20 0   27 0   34 1   41 1   48 1   55 1   62 0   69 1   76 0
 7 0   14 0   21 0   28 0   35 1   42 0   49 1   56 1   63 1   70 0
;

values [*] :=
 1  221412000   17  445537000   33  797979000   49  967761000   65  955275000
 2  754789000   18  719613000   34  392217000   50  871047000   66  572791000
 3 1037030000   19  812919000   35  798477000   51  402261000   67  657039000
 4  456614000   20  863056000   36  375342000   52  716569000   68  311130000
 5  722290000   21   77130300   37  612229000   53  690599000   69  534909000
 6  322349000   22  627194000   38  698186000   54  150136000   70  846669000
 7  484014000   23  952115000   39  438081000   55  413718000   71  105547000
 8  552543000   24  618896000   40  852679000   56  228055000   72  480746000
 9  367039000   25  825339000   41  202883000   57  870107000   73   87682000
10  256145000   26  411580000   42  549190000   58  728169000   74  243425000
11 1057660000   27  971986000   43  536697000   59  790834000   75  651165000
12  628065000   28  719127000   44   84331900   60  758311000   76  158191000
13  392283000   29  113278000   45  689752000   61  573714000
14  326843000   30  979572000   46  412544000   62  816781000
15  536562000   31  275870000   47  243269000   63  477230000
16  814945000   32  233027000   48  260794000   64  678857000
;

