_solve_elapsed_time = 108.287

calculated_sum = 23007100000

target_sum = 23007100000

set_len = 78

x [*] :=
 1 1    9 0   17 1   25 1   33 1   41 0   49 0   57 0   65 0   73 0
 2 0   10 0   18 0   26 0   34 0   42 0   50 1   58 0   66 1   74 0
 3 1   11 1   19 1   27 1   35 1   43 0   51 1   59 1   67 1   75 0
 4 0   12 0   20 1   28 1   36 1   44 0   52 1   60 1   68 0   76 1
 5 1   13 1   21 0   29 0   37 0   45 0   53 1   61 1   69 0   77 0
 6 1   14 0   22 0   30 1   38 0   46 0   54 0   62 0   70 1   78 0
 7 1   15 0   23 0   31 1   39 1   47 1   55 1   63 0   71 1
 8 0   16 0   24 1   32 1   40 1   48 0   56 1   64 1   72 1
;

values [*] :=
 1 1019010000   17  298689000   33  461295000   49   27998800   65  684014000
 2  872449000   18  676659000   34  615473000   50  841861000   66  268745000
 3  839824000   19  824742000   35  120396000   51  570523000   67  254074000
 4  757478000   20  376821000   36  907705000   52 1059960000   68  996584000
 5  772004000   21  112601000   37  645400000   53  417708000   69  142433000
 6  838620000   22   60475600   38  159805000   54  941610000   70  334523000
 7  165455000   23  686074000   39 1049140000   55 1052690000   71  543441000
 8 1072430000   24 1058850000   40 1056730000   56  192401000   72  416991000
 9  708692000   25  803832000   41  819663000   57  788518000   73  711281000
10  134382000   26  247254000   42  104315000   58 1072040000   74  986655000
11   15630700   27  193967000   43  422494000   59  905057000   75  115014000
12  767006000   28  210807000   44  641376000   60  307775000   76  320822000
13  288002000   29 1030990000   45  493636000   61  947023000   77  546807000
14  556096000   30  547582000   46  350489000   62  819007000   78  234084000
15  281260000   31 1050130000   47  285648000   63  262605000
16  917433000   32  487056000   48  393814000   64  901516000
;

