_solve_elapsed_time = 4.26669

calculated_sum = 2.0535e+10

target_sum = 2.0535e+10

set_len = 80

x [*] :=
 1 0    9 1   17 1   25 1   33 0   41 1   49 0   57 1   65 0   73 1
 2 0   10 1   18 1   26 1   34 1   42 1   50 1   58 1   66 1   74 0
 3 0   11 0   19 1   27 1   35 1   43 1   51 0   59 0   67 0   75 0
 4 1   12 1   20 1   28 1   36 1   44 0   52 0   60 1   68 0   76 0
 5 1   13 1   21 0   29 1   37 0   45 0   53 0   61 0   69 0   77 0
 6 0   14 1   22 1   30 1   38 1   46 1   54 0   62 0   70 0   78 1
 7 1   15 0   23 0   31 0   39 1   47 0   55 0   63 0   71 1   79 1
 8 0   16 1   24 0   32 0   40 0   48 0   56 1   64 1   72 1   80 1
;

values [*] :=
 1  681909000          28  677787000          55  305923000
 2  960715000          29  976307000          56  120577000
 3  321049000          30  334635000          57 1046070000
 4  585187000          31  662987000          58  394246000
 5  689985000          32  496766000          59  284415000
 6 1062670000          33  354621000          60  692130000
 7  869890000          34  678072000          61  741897000
 8  786022000          35  311608000          62  876407000
 9  512058000          36  313593000          63   69477200
10          5.93e+08   37  778715000          64  769041000
11  543742000          38  589549000          65  969938000
12  606555000          39  683253000          66  221538000
13   30325300          40   11899100          67  704931000
14  202992000          41  390112000          68  527872000
15 1022020000          42  427181000          69  646101000
16  104371000          43   65744200          70 1041920000
17  644860000          44   15996800          71   55564800
18  442554000          45 1069350000          72   73728300
19  747321000          46  811580000          73  720650000
20  437512000          47  891775000          74  417934000
21  303076000          48  780223000          75  225971000
22  184128000          49  435596000          76  445830000
23  190518000          50  508811000          77 1015900000
24  272271000          51  254340000          78 1001660000
25  189884000          52  419350000          79  626919000
26  163626000          53  654815000          80  455809000
27  584588000          54  449263000
;

