_solve_elapsed_time = 21.3599

calculated_sum = 19111600000

target_sum = 19111600000

set_len = 84

x [*] :=
 1 1    9 1   17 1   25 0   33 1   41 0   49 0   57 0   65 1   73 0   81 0
 2 1   10 1   18 0   26 1   34 1   42 0   50 1   58 0   66 0   74 0   82 0
 3 0   11 1   19 1   27 1   35 0   43 0   51 0   59 1   67 0   75 0   83 0
 4 1   12 1   20 1   28 1   36 1   44 0   52 1   60 0   68 0   76 0   84 1
 5 1   13 1   21 1   29 1   37 1   45 0   53 1   61 1   69 0   77 0
 6 1   14 1   22 1   30 0   38 0   46 0   54 0   62 0   70 0   78 0
 7 1   15 1   23 1   31 0   39 1   47 1   55 1   63 0   71 0   79 0
 8 1   16 1   24 1   32 1   40 0   48 1   56 0   64 1   72 0   80 1
;

values [*] :=
 1  754329000   18 1035370000   35 1062310000   52   41676100   69  549131000
 2 1031740000   19  592374000   36  167852000   53  230959000   70 1013910000
 3  383604000   20   23929300   37  148710000   54   21840700   71  447910000
 4  124401000   21    8343330   38  930945000   55  272494000   72  570475000
 5  599323000   22  958572000   39  165844000   56  250152000   73  946935000
 6  887263000   23   45236300   40  651450000   57  150178000   74  902342000
 7  563942000   24  377539000   41 1055280000   58  714109000   75  622011000
 8  697319000   25   62121400   42  569807000   59  860179000   76  741815000
 9  309039000   26  508427000   43  479394000   60  799620000   77  536732000
10  737422000   27  562460000   44  892374000   61  237922000   78  604498000
11  925398000   28  962720000   45   87426000   62   48785100   79  408966000
12   45324200   29  273153000   46  654839000   63  711667000   80   75766200
13  608806000   30 1005670000   47  584776000   64   14777000   81  509320000
14   37617000   31   77001200   48  822460000   65  985588000   82  297750000
15  486168000   32    2073800   49  207648000   66  426276000   83  445727000
16  601042000   33  949795000   50   11516700   67  134960000   84  189779000
17  106053000   34  521451000   51   21787200   68  168806000
;

