_solve_elapsed_time = 17.411

calculated_sum = 20139200000

target_sum = 20139200000

set_len = 84

x [*] :=
 1 1    9 0   17 1   25 1   33 0   41 0   49 0   57 1   65 0   73 0   81 0
 2 0   10 1   18 1   26 0   34 1   42 0   50 0   58 0   66 0   74 0   82 0
 3 0   11 0   19 0   27 1   35 0   43 1   51 0   59 1   67 1   75 0   83 1
 4 1   12 1   20 1   28 1   36 0   44 1   52 0   60 1   68 0   76 0   84 0
 5 1   13 1   21 0   29 1   37 1   45 0   53 0   61 0   69 0   77 0
 6 1   14 1   22 1   30 1   38 0   46 1   54 0   62 1   70 1   78 0
 7 0   15 1   23 1   31 1   39 0   47 0   55 1   63 0   71 1   79 0
 8 1   16 1   24 1   32 1   40 0   48 1   56 0   64 0   72 0   80 0
;

values [*] :=
 1  763602000   18  461010000   35  227723000   52  693159000   69  843223000
 2  408914000   19  325675000   36  796628000   53  869034000   70  320884000
 3  668298000   20  993809000   37  658362000   54  160414000   71  324747000
 4 1043030000   21  339826000   38 1040800000   55   78874400   72  316155000
 5  451874000   22   72119800   39  395867000   56  832409000   73  184908000
 6  520985000   23   23731700   40  238006000   57  960888000   74  573736000
 7  346703000   24  973622000   41  976759000   58  120458000   75  833374000
 8  881227000   25  886975000   42  739009000   59  804683000   76  915301000
 9  489019000   26  434915000   43  381941000   60  215780000   77  461552000
10  865874000   27  698813000   44  302603000   61  706099000   78 1031840000
11  991300000   28  179471000   45  572712000   62    1654220   79  164388000
12  912934000   29  631238000   46  265642000   63  448427000   80  354477000
13  276423000   30  496984000   47  716707000   64   99580600   81  628346000
14  866232000   31  241854000   48  337274000   65  718222000   82  363433000
15  556170000   32   36947400   49  443931000   66  282640000   83  150383000
16  918923000   33  491722000   50  458506000   67   15864600   84  570644000
17  774097000   34  791643000   51 1029070000   68  141378000
;

