_solve_elapsed_time = 10.9611

calculated_sum = 2.1256e+10

target_sum = 2.1256e+10

set_len = 84

x [*] :=
 1 0    9 0   17 0   25 1   33 1   41 1   49 0   57 0   65 0   73 0   81 1
 2 1   10 0   18 0   26 1   34 0   42 0   50 0   58 0   66 0   74 1   82 0
 3 1   11 1   19 0   27 0   35 0   43 1   51 1   59 0   67 0   75 0   83 1
 4 0   12 1   20 1   28 1   36 1   44 0   52 0   60 0   68 1   76 1   84 1
 5 1   13 0   21 0   29 1   37 0   45 1   53 1   61 1   69 0   77 1
 6 0   14 0   22 1   30 0   38 0   46 0   54 0   62 0   70 0   78 1
 7 1   15 1   23 0   31 1   39 0   47 1   55 0   63 0   71 1   79 0
 8 0   16 1   24 1   32 1   40 0   48 1   56 0   64 0   72 0   80 0
;

values [*] :=
 1 166050000   18 431765000   35  32647000   52 247343000   69 664898000
 2 638930000   19 476871000   36   5871520   53 862855000   70 796304000
 3 226916000   20 903701000   37 255968000   54 608905000   71  95628900
 4 360670000   21 544387000   38 509045000   55 464772000   72 357355000
 5 751260000   22 723603000   39 951491000   56 479593000   73 464325000
 6 939453000   23 355842000   40  51350900   57 256398000   74  24705600
 7  51274000   24 914074000   41 669630000   58 465497000   75 334554000
 8 542782000   25 685653000   42 351982000   59 408519000   76 770779000
 9 831216000   26 907663000   43 894604000   60 896483000   77 966543000
10 543283000   27  60016700   44 174338000   61 576332000   78 203063000
11 778647000   28   1600590   45 849674000   62 440484000   79 504149000
12 621821000   29 519375000   46 923114000   63 307522000   80  85358500
13 288653000   30 541827000   47 756312000   64 464075000   81 177481000
14 354234000   31 718527000   48 969149000   65 371435000   82 230636000
15 900164000   32 785403000   49 567185000   66 603145000   83 561400000
16  53219800   33 883990000   50 184760000   67 602559000   84 910212000
17 424402000   34 213301000   51  83103000   68 812816000
;

