_solve_elapsed_time = 31.8278

calculated_sum = 20454300000

target_sum = 20454300000

set_len = 88

x [*] :=
 1 0    9 1   17 1   25 0   33 1   41 1   49 1   57 1   65 0   73 0   81 1
 2 0   10 1   18 0   26 0   34 0   42 0   50 1   58 1   66 1   74 1   82 0
 3 0   11 0   19 1   27 0   35 0   43 0   51 0   59 0   67 0   75 0   83 1
 4 1   12 1   20 0   28 1   36 0   44 0   52 1   60 0   68 0   76 1   84 1
 5 1   13 0   21 1   29 0   37 1   45 0   53 1   61 1   69 1   77 1   85 0
 6 1   14 0   22 0   30 1   38 0   46 0   54 0   62 0   70 1   78 0   86 0
 7 0   15 1   23 1   31 0   39 0   47 0   55 0   63 0   71 0   79 0   87 0
 8 0   16 1   24 1   32 0   40 0   48 1   56 1   64 0   72 1   80 0   88 1
;

values [*] :=
 1  454398000   19  267287000   37  199927000   55  234200000   73  747077000
 2  895875000   20  376571000   38  905933000   56   57847500   74  433131000
 3  787708000   21  376220000   39   21253600   57  923567000   75  610682000
 4   39722200   22  214440000   40  179786000   58  885714000   76   22765200
 5  643789000   23  812573000   41 1031510000   59  996108000   77  586527000
 6  926368000   24  666860000   42   69087800   60   70944700   78 1012340000
 7  357361000   25  998734000   43  208596000   61  692001000   79  752297000
 8 1051200000   26  827575000   44  794585000   62  338955000   80  208410000
 9  869592000   27  120918000   45  792256000   63  201110000   81  565733000
10   32800300   28  983812000   46  405090000   64  924417000   82   32966200
11  232353000   29  134044000   47  490240000   65  520457000   83  462218000
12  247028000   30  860386000   48  784527000   66  482499000   84  129574000
13  612031000   31  849325000   49    3466470   67  879474000   85  862219000
14  531688000   32   43505300   50  571770000   68  440828000   86  230729000
15  254443000   33   61517100   51  210641000   69  665067000   87  932995000
16  928037000   34  291263000   52  329483000   70  897820000   88  994566000
17  973512000   35  964322000   53   20241500   71  828605000
18  203271000   36  656512000   54  411171000   72  770438000
;

