_solve_elapsed_time = 24.094

calculated_sum = 21634300000

target_sum = 21634300000

set_len = 88

x [*] :=
 1 0    9 0   17 1   25 0   33 0   41 0   49 1   57 0   65 1   73 1   81 0
 2 0   10 1   18 0   26 0   34 0   42 0   50 1   58 0   66 1   74 0   82 0
 3 1   11 0   19 0   27 0   35 1   43 1   51 1   59 0   67 1   75 0   83 0
 4 1   12 1   20 1   28 1   36 0   44 1   52 1   60 0   68 0   76 0   84 1
 5 1   13 0   21 1   29 1   37 1   45 0   53 1   61 1   69 0   77 1   85 1
 6 1   14 1   22 1   30 1   38 0   46 1   54 1   62 0   70 1   78 0   86 0
 7 1   15 1   23 0   31 1   39 1   47 0   55 0   63 0   71 0   79 0   87 0
 8 1   16 1   24 0   32 1   40 1   48 0   56 1   64 0   72 0   80 1   88 1
;

values [*] :=
 1 1051110000   19  134566000   37  920753000   55  898158000   73  286300000
 2  934839000   20  927442000   38  232619000   56  404674000   74  799580000
 3  904825000   21  232126000   39  129579000   57  203353000   75  520581000
 4  214345000   22  310537000   40   78852900   58  208270000   76  838894000
 5  902546000   23  884326000   41  197561000   59  705158000   77  805632000
 6  141393000   24  969249000   42  648937000   60  481237000   78  830366000
 7    5193810   25 1056760000   43  878253000   61  216537000   79  795145000
 8  326961000   26  639995000   44  456587000   62  129929000   80  375906000
 9  273852000   27  963927000   45  326913000   63  198954000   81 1038920000
10  503111000   28  679290000   46  670603000   64 1012480000   82  197920000
11  697481000   29  819466000   47  363875000   65   48765800   83  393545000
12  773105000   30  503145000   48  835189000   66  357234000   84  729861000
13   57117100   31   35288700   49  495438000   67  350603000   85   81179200
14  365707000   32  352496000   50  929523000   68  451773000   86  576686000
15  758069000   33  559267000   51  254759000   69 1041250000   87  485201000
16 1048910000   34 1018770000   52  743807000   70  317201000   88   90615200
17  786072000   35   71682400   53  631593000   71  268381000
18  792280000   36  180779000   54  718309000   72  435597000
;

