_solve_elapsed_time = 16.7857

calculated_sum = 22234900000

target_sum = 22234900000

set_len = 90

x [*] :=
 1 1   10 0   19 1   28 1   37 1   46 0   55 0   64 0   73 1   82 1
 2 0   11 0   20 1   29 1   38 1   47 0   56 0   65 0   74 0   83 1
 3 0   12 1   21 1   30 0   39 0   48 1   57 1   66 0   75 0   84 1
 4 1   13 0   22 1   31 0   40 0   49 0   58 0   67 0   76 0   85 1
 5 1   14 1   23 0   32 0   41 0   50 1   59 0   68 0   77 0   86 0
 6 1   15 1   24 1   33 1   42 1   51 0   60 0   69 0   78 0   87 1
 7 0   16 0   25 1   34 1   43 1   52 1   61 0   70 0   79 0   88 0
 8 1   17 0   26 1   35 1   44 0   53 1   62 0   71 0   80 1   89 0
 9 0   18 0   27 1   36 0   45 1   54 0   63 0   72 0   81 0   90 0
;

values [*] :=
 1  340561000   19  489529000   37  118170000   55  583628000   73  872508000
 2  183893000   20  770990000   38  199855000   56  119379000   74  609652000
 3  584633000   21  950309000   39  326765000   57  543965000   75  856923000
 4 1036660000   22  770396000   40  210973000   58 1007780000   76  119279000
 5  220818000   23   79230600   41  734397000   59   70757600   77  391623000
 6  922915000   24   90025500   42   18558700   60  653060000   78  435534000
 7  378781000   25   63409300   43  126816000   61  281863000   79  614146000
 8  192478000   26  971879000   44  320350000   62 1030710000   80  804090000
 9  136638000   27  728654000   45  777250000   63  319501000   81  743647000
10  143042000   28  743699000   46  127851000   64  926002000   82  816159000
11  636151000   29  963612000   47   23873300   65   91068000   83  908128000
12  336351000   30  156687000   48  606005000   66 1007100000   84  595048000
13  175704000   31  157141000   49 1064250000   67  193559000   85  990236000
14  452754000   32   28759400   50  434982000   68  417979000   86  785766000
15  657194000   33  391059000   51  528589000   69  163456000   87 1058130000
16  303183000   34   25758000   52  846717000   70  413634000   88  448452000
17   73917000   35  948374000   53  450824000   71  250366000   89  281411000
18  653756000   36  709527000   54  732061000   72  247498000   90  339109000
;

