_solve_elapsed_time = 52.8869

calculated_sum = 23060800000

target_sum = 23060800000

set_len = 96

x [*] :=
 1 1   10 1   19 1   28 1   37 0   46 1   55 1   64 1   73 0   82 0   91 0
 2 1   11 0   20 1   29 1   38 1   47 0   56 0   65 0   74 1   83 0   92 1
 3 1   12 0   21 0   30 1   39 1   48 1   57 1   66 1   75 0   84 0   93 1
 4 1   13 0   22 1   31 0   40 0   49 1   58 1   67 0   76 0   85 0   94 0
 5 1   14 0   23 1   32 0   41 1   50 1   59 1   68 1   77 1   86 1   95 1
 6 0   15 1   24 0   33 1   42 0   51 1   60 1   69 1   78 1   87 0   96 1
 7 0   16 0   25 1   34 1   43 0   52 1   61 0   70 0   79 0   88 0
 8 0   17 1   26 0   35 0   44 0   53 0   62 1   71 1   80 0   89 1
 9 0   18 1   27 1   36 1   45 0   54 1   63 1   72 1   81 1   90 1
;

values [*] :=
 1  988935000   21  883037000   41  269293000   61  631453000   81  988564000
 2  177995000   22  267677000   42  920628000   62  436692000   82  760107000
 3  565294000   23   64575100   43 1052240000   63  830697000   83  928821000
 4  333869000   24  783513000   44  875388000   64  455331000   84  194222000
 5   80485800   25  739377000   45  772126000   65  986279000   85 1042910000
 6  904604000   26  151769000   46  638881000   66  472466000   86  235771000
 7  198569000   27   16818300   47  299039000   67  397216000   87  918031000
 8  149118000   28  186608000   48  252421000   68  108534000   88  121117000
 9  783904000   29  455303000   49  467867000   69  364797000   89  333606000
10  342060000   30  522428000   50  228243000   70   76967400   90  522327000
11  908292000   31  564567000   51  425588000   71  245186000   91  339405000
12   97875300   32   84990000   52  346821000   72  320267000   92  430568000
13 1051570000   33 1070260000   53  793419000   73  796941000   93  275754000
14  765546000   34  258945000   54  984260000   74  376759000   94  412350000
15  218088000   35  961609000   55  260170000   75  887046000   95  204884000
16  929461000   36  417775000   56  584909000   76  494974000   96  426150000
17  148343000   37 1053400000   57  144239000   77  949844000
18  662277000   38  344107000   58  365513000   78  651284000
19  524305000   39  264177000   59  247579000   79   71691700
20  141340000   40  125112000   60 1009370000   80  770196000
;

