_solve_elapsed_time = 0.008435

calculated_sum = 4974220000

target_sum = 4974220000

set_len = 18

x [*] :=
 1  1
 2  1
 3  1
 4  1
 5  1
 6  1
 7  1
 8  0.105564
 9  0
10  0
11  0
12  0
13  0
14  0
15  0
16  0
17  0
18  0
;

values [*] :=
 1   525769000
 2  1022910000
 3    52704600
 4   469945000
 5  1068420000
 6   748422000
 7  1034940000
 8   484221000
 9   171601000
10   880844000
11    64540700
12   628247000
13   631413000
14   331634000
15   681181000
16   447726000
17   665865000
18   464610000
;

