_solve_elapsed_time = 0.008514

calculated_sum = 5307200000

target_sum = 5307200000

set_len = 18

x [*] :=
 1  1
 2  1
 3  1
 4  1
 5  1
 6  1
 7  1
 8  1
 9  1
10  1
11  1
12  0.0865465
13  0
14  0
15  0
16  0
17  0
18  0
;

values [*] :=
 1   510571000
 2   730053000
 3   211395000
 4   290143000
 5  1008070000
 6   176085000
 7   476971000
 8   834128000
 9   263314000
10   644323000
11    82544700
12   919824000
13   739219000
14   840276000
15   608449000
16   530890000
17   490329000
18   405384000
;

