_solve_elapsed_time = 0.009018

calculated_sum = 4181900000

target_sum = 4181900000

set_len = 20

x [*] :=
 1  1
 2  1
 3  1
 4  1
 5  1
 6  1
 7  1
 8  1
 9  0.235486
10  0
11  0
12  0
13  0
14  0
15  0
16  0
17  0
18  0
19  0
20  0
;

values [*] :=
 1  234836000
 2  129843000
 3  422779000
 4  607609000
 5   87323800
 6  924443000
 7  602656000
 8  952157000
 9  935327000
10  817005000
11  277387000
12  455572000
13   34981400
14  487787000
15    1379850
16  264171000
17  189392000
18  458088000
19   21321900
20  296643000
;

