_solve_elapsed_time = 0.008706

calculated_sum = 5198660000

target_sum = 5198660000

set_len = 20

x [*] :=
 1  1
 2  1
 3  1
 4  1
 5  1
 6  1
 7  1
 8  1
 9  0.466708
10  0
11  0
12  0
13  0
14  0
15  0
16  0
17  0
18  0
19  0
20  0
;

values [*] :=
 1  546820000
 2  755181000
 3  134874000
 4  971691000
 5  248922000
 6          1.034e+09
 7  123066000
 8  968001000
 9  891579000
10  469374000
11  243895000
12  709672000
13   65534600
14  603106000
15  523868000
16  473970000
17  771555000
18  472402000
19  131886000
20   28954500
;

