_solve_elapsed_time = 0.008465

calculated_sum = 6916260000

target_sum = 6916260000

set_len = 26

x [*] :=
 1 1            7 1           13 0.0651934   19 0           25 0
 2 1            8 1           14 0           20 0           26 0
 3 1            9 1           15 0           21 0
 4 1           10 1           16 0           22 0
 5 1           11 1           17 0           23 0
 6 1           12 1           18 0           24 0
;

values [*] :=
 1  749547000    7  739231000   13  925085000   19  777131000   25  174970000
 2  666288000    8  939542000   14  168246000   20  647167000   26  570068000
 3  410580000    9 1001740000   15  843217000   21  577426000
 4   91485000   10  583334000   16  886016000   22  475266000
 5  358641000   11  599967000   17   47394500   23  670523000
 6  422542000   12  293050000   18  244393000   24   33683500
;

