_solve_elapsed_time = 0.008387

calculated_sum = 8933590000

target_sum = 8933590000

set_len = 28

x [*] :=
 1 1           7 1          13 1          19 0          25 0
 2 1           8 1          14 0.115443   20 0          26 0
 3 1           9 1          15 0          21 0          27 0
 4 1          10 1          16 0          22 0          28 0
 5 1          11 1          17 0          23 0
 6 1          12 1          18 0          24 0
;

values [*] :=
 1 1015940000    7  605833000   13  343831000   19  929512000   25  807957000
 2  749800000    8  644844000   14  776084000   20  877226000   26 1010380000
 3  473638000    9  609724000   15  722364000   21   72227700   27  200706000
 4  958066000   10  277689000   16  942734000   22  474111000   28 1010430000
 5  842470000   11  906917000   17  538120000   23 1068330000
 6  569541000   12  845698000   18  187067000   24  861566000
;

