_solve_elapsed_time = 0.009081

calculated_sum = 8485900000

target_sum = 8485900000

set_len = 30

x [*] :=
 1 1           7 1          13 0          19 0          25 0
 2 1           8 1          14 0          20 0          26 0
 3 1           9 1          15 0          21 0          27 0
 4 1          10 1          16 0          22 0          28 0
 5 1          11 0.971536   17 0          23 0          29 0
 6 1          12 0          18 0          24 0          30 0
;

values [*] :=
 1  730503000    7  715329000   13  114363000   19  122689000   25  379999000
 2  410432000    8  904516000   14   87943600   20  369214000   26  695378000
 3 1031590000    9  581570000   15  205399000   21  618206000   27   56012000
 4  858644000   10  944823000   16  626304000   22  787285000   28  712800000
 5  978352000   11  624167000   17  364232000   23  923719000   29  384052000
 6  723741000   12  494731000   18  956322000   24  587604000   30  977684000
;

