_solve_elapsed_time = 0.008919

calculated_sum = 9210240000

target_sum = 9210240000

set_len = 30

x [*] :=
 1 1            7 1           13 1           19 0           25 0
 2 1            8 1           14 1           20 0           26 0
 3 1            9 1           15 1           21 0           27 0
 4 1           10 1           16 1           22 0           28 0
 5 1           11 1           17 1           23 0           29 0
 6 1           12 1           18 0.0242918   24 0           30 0
;

values [*] :=
 1  285922000    7  622673000   13  991233000   19  737066000   25   81278000
 2  361990000    8  172203000   14   65588300   20  248406000   26  291729000
 3  673618000    9  834134000   15  768035000   21  973760000   27  834422000
 4  256853000   10  555880000   16 1010090000   22  875944000   28   82716300
 5  220004000   11  354188000   17  775713000   23  205198000   29 1008550000
 6  447545000   12  797820000   18  689651000   24  694830000   30  967738000
;

