_solve_elapsed_time = 0.00839

calculated_sum = 7089060000

target_sum = 7089060000

set_len = 30

x [*] :=
 1 1           7 1          13 1          19 0          25 0
 2 1           8 1          14 1          20 0          26 0
 3 1           9 1          15 0.781054   21 0          27 0
 4 1          10 1          16 0          22 0          28 0
 5 1          11 1          17 0          23 0          29 0
 6 1          12 1          18 0          24 0          30 0
;

values [*] :=
 1 243277000    7 907787000   13 517263000   19 584630000   25 837319000
 2 181536000    8 325476000   14 456150000   20 190176000   26 140875000
 3 984147000    9 957488000   15 726816000   21 183705000   27 264879000
 4 191797000   10  44521300   16 905604000   22 260275000   28 439347000
 5 234662000   11 259602000   17 665650000   23 411659000   29 343447000
 6 404278000   12 813396000   18 333362000   24 300497000   30 934878000
;

