_solve_elapsed_time = 0.008512

calculated_sum = 8871240000

target_sum = 8871240000

set_len = 30

x [*] :=
 1 1           7 1          13 1          19 0          25 0
 2 1           8 1          14 1          20 0          26 0
 3 1           9 1          15 1          21 0          27 0
 4 1          10 1          16 1          22 0          28 0
 5 1          11 1          17 0.360358   23 0          29 0
 6 1          12 1          18 0          24 0          30 0
;

values [*] :=
 1 918744000    7 412891000   13 917201000   19 895293000   25 614001000
 2 249960000    8 617200000   14 306181000   20 775327000   26 730230000
 3 416823000    9    164758   15 711175000   21 214025000   27 660637000
 4 355726000   10 450026000   16 582279000   22 570549000   28 954882000
 5 939826000   11 612699000   17 583097000   23 519270000   29 886228000
 6 634114000   12 536106000   18 466033000   24 484562000   30 207747000
;

