_solve_elapsed_time = 0.008812

calculated_sum = 8450920000

target_sum = 8450920000

set_len = 32

x [*] :=
 1 1           8 1          15 0          22 0          29 0
 2 1           9 1          16 0          23 0          30 0
 3 1          10 1          17 0          24 0          31 0
 4 1          11 1          18 0          25 0          32 0
 5 1          12 1          19 0          26 0
 6 1          13 1          20 0          27 0
 7 1          14 0.467657   21 0          28 0
;

values [*] :=
 1  447949000    8  610491000   15  594483000   22 1067290000   29   90658100
 2  807749000    9  779055000   16   33368800   23  305301000   30    3799730
 3  228849000   10  922866000   17  386729000   24  292459000   31 1008730000
 4  642744000   11  473499000   18  474545000   25  766871000   32  428385000
 5  874584000   12  621879000   19 1004940000   26  401096000
 6  305601000   13  913293000   20  942498000   27  435811000
 7  577619000   14  523343000   21  186850000   28  356306000
;

