_solve_elapsed_time = 0.008498

calculated_sum = 8671340000

target_sum = 8671340000

set_len = 32

x [*] :=
 1 1           8 1          15 1          22 0          29 0
 2 1           9 1          16 1          23 0          30 0
 3 1          10 1          17 0.919298   24 0          31 0
 4 1          11 1          18 0          25 0          32 0
 5 1          12 1          19 0          26 0
 6 1          13 1          20 0          27 0
 7 1          14 1          21 0          28 0
;

values [*] :=
 1 604032000    8 202807000   15 502149000   22 472872000   29 879032000
 2 519933000    9 632986000   16 579839000   23 800616000   30 121037000
 3 785969000   10 997960000   17 850418000   24 711738000   31 391512000
 4 216337000   11 465938000   18 484993000   25  28283400   32  39505000
 5 156451000   12 238461000   19 323052000   26 109347000
 6 319816000   13 735245000   20 431861000   27 696891000
 7 404374000   14 527252000   21 344600000   28 811646000
;

