_solve_elapsed_time = 0.008963

calculated_sum = 9177400000

target_sum = 9177400000

set_len = 32

x [*] :=
 1 1          7 1         13 1         19 1         25 0         31 0
 2 1          8 1         14 1         20 0.87786   26 0         32 0
 3 1          9 1         15 1         21 0         27 0
 4 1         10 1         16 1         22 0         28 0
 5 1         11 1         17 1         23 0         29 0
 6 1         12 1         18 1         24 0         30 0
;

values [*] :=
 1  507906000    8   53797500   15  163215000   22  952202000   29  544572000
 2  189411000    9  865014000   16  187790000   23  418408000   30  131105000
 3  272022000   10  240401000   17  477815000   24  823497000   31  576383000
 4   55884100   11 1025330000   18  247316000   25  355050000   32  452852000
 5  624557000   12  580797000   19  959611000   26    3180510
 6  492158000   13  695975000   20  155721000   27 1035300000
 7  562143000   14  839564000   21  773802000   28 1027610000
;

