_solve_elapsed_time = 0.008434

calculated_sum = 8435710000

target_sum = 8435710000

set_len = 32

x [*] :=
 1 1           8 1          15 0.141687   22 0          29 0
 2 1           9 1          16 0          23 0          30 0
 3 1          10 1          17 0          24 0          31 0
 4 1          11 1          18 0          25 0          32 0
 5 1          12 1          19 0          26 0
 6 1          13 1          20 0          27 0
 7 1          14 1          21 0          28 0
;

values [*] :=
 1  112875000    8  790886000   15  488979000   22  613922000   29  285154000
 2  930166000    9  411403000   16  649407000   23 1039800000   30  711628000
 3  488926000   10   61361000   17  751173000   24  452747000   31  347546000
 4  215021000   11  821182000   18  740855000   25  511556000   32  422267000
 5 1002090000   12 1062950000   19  958900000   26  115485000
 6  134067000   13  643508000   20   89924100   27  727010000
 7  809150000   14  882844000   21  428880000   28  478674000
;

