_solve_elapsed_time = 0.008557

calculated_sum = 7383360000

target_sum = 7383360000

set_len = 34

x [*] :=
 1 1           8 1          15 0.621651   22 0          29 0
 2 1           9 1          16 0          23 0          30 0
 3 1          10 1          17 0          24 0          31 0
 4 1          11 1          18 0          25 0          32 0
 5 1          12 1          19 0          26 0          33 0
 6 1          13 1          20 0          27 0          34 0
 7 1          14 1          21 0          28 0
;

values [*] :=
 1  323778000    8  530139000   15  173676000   22  980486000   29  780166000
 2 1037350000    9  387419000   16  771664000   23  924407000   30  515991000
 3  659483000   10  178712000   17  946892000   24  614553000   31  558654000
 4  936535000   11   30595400   18  387109000   25  347522000   32  401063000
 5  970850000   12  494080000   19   54730700   26  341220000   33  741129000
 6  360642000   13  170060000   20  906132000   27  873665000   34  137388000
 7  485191000   14  710556000   21  322483000   28  484180000
;

