_solve_elapsed_time = 0.00826

calculated_sum = 9010480000

target_sum = 9010480000

set_len = 34

x [*] :=
 1 1           8 1          15 1          22 0          29 0
 2 1           9 1          16 1          23 0          30 0
 3 1          10 1          17 1          24 0          31 0
 4 1          11 1          18 0.231635   25 0          32 0
 5 1          12 1          19 0          26 0          33 0
 6 1          13 1          20 0          27 0          34 0
 7 1          14 1          21 0          28 0
;

values [*] :=
 1  368182000    8  422636000   15  943332000   22  699686000   29  595500000
 2  305768000    9  786311000   16 1002800000   23  201093000   30   33028400
 3  736653000   10   16645700   17  514163000   24  652021000   31  797229000
 4  963324000   11  390305000   18  691524000   25  619440000   32  341741000
 5   68455200   12  661141000   19  181968000   26  720905000   33  701101000
 6  928529000   13   81166300   20  142286000   27  349191000   34  632712000
 7  483214000   14  177673000   21  621628000   28  173766000
;

