_solve_elapsed_time = 2.445

calculated_sum = 11027300000

target_sum = 11027300000

set_len = 36

x [*] :=
 1 1    5 1    9 1   13 1   17 1   21 0   25 1   29 1   33 0
 2 1    6 0   10 1   14 1   18 1   22 0   26 0   30 1   34 1
 3 0    7 0   11 1   15 1   19 0   23 1   27 1   31 0   35 1
 4 0    8 1   12 0   16 1   20 1   24 0   28 0   32 0   36 1
;

values [*] :=
 1  265330000    9  487485000   17  728741000   25  128448000   33  770215000
 2  150624000   10  693639000   18  824148000   26  227915000   34  658177000
 3  734903000   11 1007430000   19  887383000   27  306672000   35  251842000
 4  260623000   12  658250000   20  674151000   28  953952000   36  238235000
 5  285955000   13  366470000   21 1059550000   29  447256000
 6  878496000   14  589845000   22  934544000   30  713942000
 7  270797000   15  494405000   23  218877000   31  749564000
 8  471103000   16 1024510000   24 1060310000   32  214377000
;

