_solve_elapsed_time = 0.008396

calculated_sum = 9186950000

target_sum = 9186950000

set_len = 36

x [*] :=
 1 1           9 1          17 1          25 0          33 0
 2 1          10 1          18 1          26 0          34 0
 3 1          11 1          19 1          27 0          35 0
 4 1          12 1          20 1          28 0          36 0
 5 1          13 1          21 0.645226   29 0
 6 1          14 1          22 0          30 0
 7 1          15 1          23 0          31 0
 8 1          16 1          24 0          32 0
;

values [*] :=
 1   2106770    9 586146000   17 445696000   25 388278000   33 189045000
 2 105448000   10 540760000   18 451724000   26 647906000   34  76403500
 3 308340000   11 673562000   19 550915000   27 356649000   35 374747000
 4  82691600   12 101598000   20 504404000   28 743134000   36 341258000
 5 603801000   13 136006000   21 856596000   29 490776000
 6 549276000   14 894952000   22 307828000   30 829079000
 7 137005000   15 937450000   23 730161000   31  29257300
 8 798273000   16 224095000   24 146759000   32 595615000
;

