_solve_elapsed_time = 0.00852

calculated_sum = 10216900000

target_sum = 10216900000

set_len = 36

x [*] :=
 1 1           9 1          17 1          25 0          33 0
 2 1          10 1          18 1          26 0          34 0
 3 1          11 1          19 1          27 0          35 0
 4 1          12 1          20 1          28 0          36 0
 5 1          13 1          21 0.365157   29 0
 6 1          14 1          22 0          30 0
 7 1          15 1          23 0          31 0
 8 1          16 1          24 0          32 0
;

values [*] :=
 1  951428000    9  461752000   17  689730000   25  175212000   33  305147000
 2  176634000   10  452688000   18  393277000   26  746257000   34  892112000
 3    3148160   11   52775100   19 1034770000   27  732804000   35  532193000
 4  214661000   12 1069180000   20  253971000   28  683330000   36  822502000
 5  543434000   13  542458000   21  146869000   29  241556000
 6  763676000   14  447195000   22  733677000   30  236562000
 7  877361000   15  262161000   23  906879000   31  263646000
 8  461227000   16  511730000   24  899510000   32  679277000
;

