_solve_elapsed_time = 0.008877

calculated_sum = 8408650000

target_sum = 8408650000

set_len = 38

x [*] :=
 1 1           9 1          17 1          25 0          33 0
 2 1          10 1          18 1          26 0          34 0
 3 1          11 1          19 0.193818   27 0          35 0
 4 1          12 1          20 0          28 0          36 0
 5 1          13 1          21 0          29 0          37 0
 6 1          14 1          22 0          30 0          38 0
 7 1          15 1          23 0          31 0
 8 1          16 1          24 0          32 0
;

values [*] :=
 1  487145000    9  454566000   17  728960000   25  783093000   33  593921000
 2  178529000   10  379882000   18   77920500   26   70504700   34  913204000
 3  885788000   11  357422000   19 1053270000   27  599209000   35  637803000
 4   78379700   12  377276000   20  796270000   28  672387000   36 1040960000
 5   84621800   13  864311000   21 1011700000   29   59814000   37  951554000
 6  973010000   14  359150000   22  965780000   30  696585000   38  267006000
 7  249410000   15  874397000   23  209832000   31  923276000
 8  287461000   16  506277000   24   88500600   32   20055600
;

