_solve_elapsed_time = 0.008188

calculated_sum = 10298300000

target_sum = 10298300000

set_len = 38

x [*] :=
 1 1          8 1         15 1         22 0         29 0         36 0
 2 1          9 1         16 1         23 0         30 0         37 0
 3 1         10 1         17 1         24 0         31 0         38 0
 4 1         11 1         18 1         25 0         32 0
 5 1         12 1         19 1         26 0         33 0
 6 1         13 1         20 0.98464   27 0         34 0
 7 1         14 1         21 0         28 0         35 0
;

values [*] :=
 1  144284000    9  826091000   17  510653000   25  943706000   33  650155000
 2  162471000   10  324733000   18  906944000   26  948214000   34   62720500
 3 1032470000   11  409152000   19  503190000   27  134896000   35  783059000
 4  847201000   12  716822000   20  632919000   28  410650000   36  327786000
 5  717423000   13  113494000   21  452247000   29  531358000   37  534468000
 6  830660000   14  537057000   22  160403000   30  816653000   38  885356000
 7  462129000   15  318239000   23  133976000   31 1064850000
 8  286321000   16   25797200   24  657883000   32 1031710000
;

