_solve_elapsed_time = 0.008409

calculated_sum = 5934500000

target_sum = 5934500000

set_len = 40

x [*] :=
 1 1           9 1          17 0          25 0          33 0
 2 1          10 1          18 0          26 0          34 0
 3 1          11 1          19 0          27 0          35 0
 4 1          12 1          20 0          28 0          36 0
 5 1          13 0.098169   21 0          29 0          37 0
 6 1          14 0          22 0          30 0          38 0
 7 1          15 0          23 0          31 0          39 0
 8 1          16 0          24 0          32 0          40 0
;

values [*] :=
 1 458980000    9 107085000   17 180200000   25 959573000   33 349446000
 2 511919000   10  32736200   18  62939500   26 316563000   34 420016000
 3 924029000   11 352754000   19 767643000   27 750538000   35  99094300
 4 835786000   12 452971000   20 449186000   28 848653000   36 521355000
 5 815272000   13 311762000   21 990906000   29 141578000   37 110390000
 6 441444000   14 698665000   22   8634720   30 332777000   38 277530000
 7 202681000   15 109553000   23 217791000   31 500335000   39  13447700
 8 768236000   16 331300000   24   1553600   32 215696000   40 737560000
;

