_solve_elapsed_time = 0.008179

calculated_sum = 11345400000

target_sum = 11345400000

set_len = 40

x [*] :=
 1 1           9 1          17 1          25 0          33 0
 2 1          10 1          18 1          26 0          34 0
 3 1          11 1          19 1          27 0          35 0
 4 1          12 1          20 1          28 0          36 0
 5 1          13 1          21 1          29 0          37 0
 6 1          14 1          22 0.478668   30 0          38 0
 7 1          15 1          23 0          31 0          39 0
 8 1          16 1          24 0          32 0          40 0
;

values [*] :=
 1   12822400    9  195084000   17 1068610000   25  280234000   33  958518000
 2  809446000   10  205522000   18  418348000   26  175543000   34  614277000
 3  852617000   11  469456000   19  590636000   27  652609000   35  868733000
 4  744359000   12  637537000   20  660849000   28  988006000   36  904164000
 5   12988700   13  495118000   21  335992000   29  671697000   37  774677000
 6  746658000   14   56731700   22 1072030000   30 1029960000   38  353655000
 7  675404000   15  859113000   23  417498000   31  239157000   39  238311000
 8  879590000   16  105349000   24  918044000   32  228550000   40  388743000
;

