_solve_elapsed_time = 0.009347

calculated_sum = 12990200000

target_sum = 12990200000

set_len = 42

x [*] :=
 1 1          10 1          19 1          28 0          37 0
 2 1          11 1          20 1          29 0          38 0
 3 1          12 1          21 1          30 0          39 0
 4 1          13 1          22 1          31 0          40 0
 5 1          14 1          23 0.600701   32 0          41 0
 6 1          15 1          24 0          33 0          42 0
 7 1          16 1          25 0          34 0
 8 1          17 1          26 0          35 0
 9 1          18 1          27 0          36 0
;

values [*] :=
 1   17185400          15  912097000          29  667455000
 2  608156000          16 1069100000          30  720410000
 3  158534000          17  400359000          31  468795000
 4  112769000          18  634299000          32  151930000
 5  814172000          19  971386000          33   63387600
 6  478091000          20  686319000          34  985124000
 7  236617000          21  631222000          35  723748000
 8          3.98e+08   22  880972000          36  937572000
 9  388791000          23  899807000          37  855440000
10  909727000          24  557711000          38  846765000
11  253810000          25  995603000          39  252814000
12  390306000          26  332628000          40  530363000
13  687989000          27  173726000          41  501072000
14  809827000          28  272898000          42  759260000
;

