_solve_elapsed_time = 0.008311

calculated_sum = 11509800000

target_sum = 11509800000

set_len = 42

x [*] :=
 1 1          10 1          19 1          28 0          37 0
 2 1          11 1          20 0.265635   29 0          38 0
 3 1          12 1          21 0          30 0          39 0
 4 1          13 1          22 0          31 0          40 0
 5 1          14 1          23 0          32 0          41 0
 6 1          15 1          24 0          33 0          42 0
 7 1          16 1          25 0          34 0
 8 1          17 1          26 0          35 0
 9 1          18 1          27 0          36 0
;

values [*] :=
 1  877621000   10  536704000   19   58661100   28  474327000   37  633618000
 2  824418000   11  941958000   20 1046720000   29  912327000   38  258550000
 3  865163000   12  863233000   21 1052810000   30  694221000   39  383349000
 4 1019430000   13  561355000   22  944895000   31  665693000   40   22293400
 5   94903900   14  814518000   23  496160000   32  541556000   41   74472600
 6  882501000   15  257404000   24  272527000   33  473075000   42  219365000
 7   69353200   16  799634000   25  776059000   34  879943000
 8  400834000   17  911464000   26  715287000   35  454452000
 9  171197000   18  281417000   27  687209000   36  484746000
;

