_solve_elapsed_time = 0.888985

calculated_sum = 12116600000

target_sum = 12116600000

set_len = 42

x [*] :=
 1 1    5 1    9 1   13 1   17 1   21 1   25 0   29 0   33 1   37 1   41 0
 2 1    6 0   10 0   14 0   18 0   22 1   26 0   30 0   34 1   38 1   42 1
 3 1    7 1   11 1   15 0   19 0   23 1   27 0   31 0   35 1   39 0
 4 0    8 1   12 0   16 1   20 1   24 1   28 0   32 1   36 1   40 0
;

values [*] :=
 1  160761000   10  947985000   19  767133000   28  727504000   37  224960000
 2  181181000   11  179720000   20  287861000   29  179696000   38  789538000
 3  443970000   12  255852000   21  857677000   30  837393000   39  838187000
 4  904494000   13  563194000   22  746268000   31  263689000   40  436469000
 5  278355000   14  565572000   23  817933000   32 1064370000   41  440329000
 6 1031120000   15  483526000   24  829934000   33  836628000   42  163953000
 7  182471000   16  310656000   25   37300500   34  868411000
 8  159610000   17  372013000   26  971280000   35 1053780000
 9    1781220   18  912650000   27  986256000   36  741574000
;

