_solve_elapsed_time = 0.008452

calculated_sum = 12150500000

target_sum = 12150500000

set_len = 42

x [*] :=
 1 1          10 1          19 1          28 0          37 0
 2 1          11 1          20 1          29 0          38 0
 3 1          12 1          21 1          30 0          39 0
 4 1          13 1          22 1          31 0          40 0
 5 1          14 1          23 0.631729   32 0          41 0
 6 1          15 1          24 0          33 0          42 0
 7 1          16 1          25 0          34 0
 8 1          17 1          26 0          35 0
 9 1          18 1          27 0          36 0
;

values [*] :=
 1  359863000   10 1006640000   19  223522000   28  272493000   37  854486000
 2  707510000   11  212687000   20  453746000   29   20500500   38  373125000
 3  621947000   12  387364000   21  383711000   30   22239000   39  461127000
 4  862950000   13  211070000   22  889483000   31  848894000   40 1044500000
 5  188079000   14  544988000   23  801567000   32 1027440000   41  325909000
 6  747473000   15  653241000   24  287649000   33  479389000   42  576154000
 7 1064060000   16 1041380000   25  927590000   34  876042000
 8  179953000   17  455396000   26  122194000   35 1052770000
 9  446500000   18    2557190   27  633299000   36  600269000
;

