_solve_elapsed_time = 0.008712

calculated_sum = 16021400000

target_sum = 16021400000

set_len = 46

x [*] :=
 1 1          11 1          21 1          31 0          41 0
 2 1          12 1          22 1          32 0          42 0
 3 1          13 1          23 1          33 0          43 0
 4 1          14 1          24 1          34 0          44 0
 5 1          15 1          25 1          35 0          45 0
 6 1          16 1          26 1          36 0          46 0
 7 1          17 1          27 0.232265   37 0
 8 1          18 1          28 0          38 0
 9 1          19 1          29 0          39 0
10 1          20 1          30 0          40 0
;

values [*] :=
 1  277664000   11  359617000   21  492170000   31  176993000   41  167470000
 2  380999000   12  374654000   22  624351000   32  782199000   42  776979000
 3 1068660000   13 1046370000   23 1064070000   33 1047350000   43   98964300
 4  536245000   14  934935000   24  747037000   34  943677000   44 1030090000
 5  845861000   15  801744000   25  579022000   35  992237000   45  191692000
 6  169633000   16  835391000   26 1060640000   36  373921000   46  922676000
 7  444944000   17   14765300   27  996643000   37  991765000
 8  393497000   18  985633000   28  390718000   38  676172000
 9  532004000   19  164016000   29   23799400   39  387949000
10  270833000   20  785144000   30  618722000   40  864413000
;

