_solve_elapsed_time = 0.008267

calculated_sum = 11322400000

target_sum = 11322400000

set_len = 46

x [*] :=
 1 1          11 1          21 0          31 0          41 0
 2 1          12 1          22 0          32 0          42 0
 3 1          13 1          23 0          33 0          43 0
 4 1          14 1          24 0          34 0          44 0
 5 1          15 1          25 0          35 0          45 0
 6 1          16 1          26 0          36 0          46 0
 7 1          17 1          27 0          37 0
 8 1          18 0.935824   28 0          38 0
 9 1          19 0          29 0          39 0
10 1          20 0          30 0          40 0
;

values [*] :=
 1  855462000   11  875621000   21  557464000   31  158098000   41  561546000
 2  607115000   12  900016000   22  400026000   32 1020970000   42  801976000
 3  513100000   13  907430000   23 1054610000   33 1013020000   43  259957000
 4  125412000   14  425657000   24  719439000   34  273483000   44    4538870
 5   43630600   15  784964000   25  241911000   35  486265000   45  813195000
 6  668905000   16  490169000   26  583665000   36   75977200   46     905637
 7  252852000   17  697694000   27  723949000   37   33215800
 8  929853000   18 1052120000   28  772457000   38  138205000
 9  199484000   19   76371700   29 1008070000   39  435764000
10 1060450000   20   39937600   30  958794000   40  165708000
;

