_solve_elapsed_time = 0.008627

calculated_sum = 14570500000

target_sum = 14570500000

set_len = 46

x [*] :=
 1 1          11 1          21 1          31 0          41 0
 2 1          12 1          22 1          32 0          42 0
 3 1          13 1          23 1          33 0          43 0
 4 1          14 1          24 1          34 0          44 0
 5 1          15 1          25 0.300304   35 0          45 0
 6 1          16 1          26 0          36 0          46 0
 7 1          17 1          27 0          37 0
 8 1          18 1          28 0          38 0
 9 1          19 1          29 0          39 0
10 1          20 1          30 0          40 0
;

values [*] :=
 1 1038620000   11  327672000   21  535501000   31  448314000   41  634313000
 2  453750000   12   49691200   22   11749400   32  304170000   42  139432000
 3   94427800   13  613188000   23  952748000   33 1054020000   43  487623000
 4  640583000   14  989810000   24  662916000   34  225446000   44 1072340000
 5  947359000   15  210188000   25  344800000   35  425499000   45  442637000
 6  879563000   16  985521000   26  716729000   36  576706000   46 1023240000
 7  803765000   17  815641000   27  833641000   37  729572000
 8  717150000   18  387431000   28  869196000   38  962023000
 9  896505000   19  602647000   29  893624000   39  268297000
10  282722000   20  567854000   30 1063550000   40  454930000
;

