_solve_elapsed_time = 0.008504

calculated_sum = 12704100000

target_sum = 12704100000

set_len = 48

x [*] :=
 1 1          9 1         17 1         25 0         33 0         41 0
 2 1         10 1         18 1         26 0         34 0         42 0
 3 1         11 1         19 1         27 0         35 0         43 0
 4 1         12 1         20 1         28 0         36 0         44 0
 5 1         13 1         21 1         29 0         37 0         45 0
 6 1         14 1         22 0.40193   30 0         38 0         46 0
 7 1         15 1         23 0         31 0         39 0         47 0
 8 1         16 1         24 0         32 0         40 0         48 0
;

values [*] :=
 1  519562000   11  656559000   21  652645000   31  974867000   41  604154000
 2  783523000   12 1067550000   22  810809000   32  150373000   42  979892000
 3  587819000   13  397022000   23  641036000   33  472519000   43  954866000
 4  560075000   14  477514000   24 1062080000   34  551962000   44   57903200
 5  584663000   15   28399700   25  994629000   35   33792600   45   83919600
 6  762995000   16  770197000   26  114997000   36  444815000   46  195510000
 7   29107300   17  402662000   27   14028100   37  668406000   47  331108000
 8  611547000   18  693651000   28  355284000   38  672570000   48  386459000
 9  314226000   19  646092000   29  979860000   39  815282000
10  849808000   20  982620000   30  331651000   40  683600000
;

