_solve_elapsed_time = 0.008728

calculated_sum = 14239600000

target_sum = 14239600000

set_len = 52

x [*] :=
 1 1           12 1           23 1           34 0           45 0
 2 1           13 1           24 1           35 0           46 0
 3 1           14 1           25 1           36 0           47 0
 4 1           15 1           26 1           37 0           48 0
 5 1           16 1           27 1           38 0           49 0
 6 1           17 1           28 1           39 0           50 0
 7 1           18 1           29 0.0197197   40 0           51 0
 8 1           19 1           30 0           41 0           52 0
 9 1           20 1           31 0           42 0
10 1           21 1           32 0           43 0
11 1           22 1           33 0           44 0
;

values [*] :=
 1   24995100   12 1024080000   23  221665000   34  549329000   45  873174000
 2  715717000   13  241931000   24  393313000   35   62950400   46   25522700
 3  810902000   14   87452200   25  925497000   36  550673000   47  931002000
 4  782583000   15  746740000   26  275466000   37  498301000   48  586784000
 5 1044930000   16  172801000   27  782473000   38  394778000   49  703814000
 6  242931000   17  515846000   28  990878000   39  456480000   50 1034600000
 7  533010000   18  398307000   29  696776000   40  510094000   51  625302000
 8  738615000   19  995706000   30  229808000   41  633284000   52  518380000
 9  115723000   20   77998500   31  621629000   42  423087000
10  482690000   21  757182000   32  889215000   43  433407000
11   26510100   22   99935300   33  860242000   44  134985000
;

