_solve_elapsed_time = 0.009019

calculated_sum = 14719100000

target_sum = 14719100000

set_len = 52

x [*] :=
 1 1          12 1          23 1          34 0          45 0
 2 1          13 1          24 1          35 0          46 0
 3 1          14 1          25 1          36 0          47 0
 4 1          15 1          26 0.517263   37 0          48 0
 5 1          16 1          27 0          38 0          49 0
 6 1          17 1          28 0          39 0          50 0
 7 1          18 1          29 0          40 0          51 0
 8 1          19 1          30 0          41 0          52 0
 9 1          20 1          31 0          42 0
10 1          21 1          32 0          43 0
11 1          22 1          33 0          44 0
;

values [*] :=
 1 1054800000   12 1054620000   23   61411800   34  156763000   45   64029300
 2   30961100   13 1069680000   24  903639000   35  506013000   46    4263770
 3   57332500   14  791810000   25  988781000   36  692034000   47 1068700000
 4  137243000   15  671012000   26  914640000   37 1019480000   48  940069000
 5  203906000   16  195512000   27  923821000   38   62689300   49 1039540000
 6  634350000   17  922600000   28  134545000   39  889024000   50  181991000
 7  414206000   18  687062000   29  790913000   40  836318000   51  121046000
 8   71593000   19  694153000   30  787624000   41  306410000   52  614621000
 9  533961000   20  979551000   31  127228000   42  938763000
10  710351000   21  605506000   32  878911000   43  777895000
11  490272000   22  281711000   33  351163000   44   85695600
;

