_solve_elapsed_time = 0.008328

calculated_sum = 14448400000

target_sum = 14448400000

set_len = 52

x [*] :=
 1 1          12 1          23 1          34 0          45 0
 2 1          13 1          24 1          35 0          46 0
 3 1          14 1          25 1          36 0          47 0
 4 1          15 1          26 1          37 0          48 0
 5 1          16 1          27 1          38 0          49 0
 6 1          17 1          28 1          39 0          50 0
 7 1          18 1          29 1          40 0          51 0
 8 1          19 1          30 1          41 0          52 0
 9 1          20 1          31 1          42 0
10 1          21 1          32 0.864804   43 0
11 1          22 1          33 0          44 0
;

values [*] :=
 1  361992000   12  404817000   23   21492000   34  592014000   45 1043880000
 2  799086000   13 1031990000   24  675872000   35  316575000   46  822822000
 3  950518000   14  657122000   25  536495000   36  501163000   47  794428000
 4  921454000   15  730014000   26  151318000   37  924233000   48  344803000
 5  229321000   16  876694000   27   84642300   38  281829000   49   69542700
 6  392292000   17  220077000   28  741900000   39  975007000   50  623993000
 7  116864000   18  758331000   29  767175000   40  473459000   51  677932000
 8   31170800   19  479414000   30   22178900   41  187158000   52  677391000
 9  443672000   20   68328800   31  352817000   42  581802000
10  305942000   21  765554000   32   60459500   43  474737000
11  325787000   22  171806000   33  990731000   44 1027720000
;

