_solve_elapsed_time = 0.009506

calculated_sum = 15499500000

target_sum = 15499500000

set_len = 54

x [*] :=
 1 1          12 1          23 1          34 0          45 0
 2 1          13 1          24 1          35 0          46 0
 3 1          14 1          25 1          36 0          47 0
 4 1          15 1          26 0.424094   37 0          48 0
 5 1          16 1          27 0          38 0          49 0
 6 1          17 1          28 0          39 0          50 0
 7 1          18 1          29 0          40 0          51 0
 8 1          19 1          30 0          41 0          52 0
 9 1          20 1          31 0          42 0          53 0
10 1          21 1          32 0          43 0          54 0
11 1          22 1          33 0          44 0
;

values [*] :=
 1  266151000   12   58601600   23  354580000   34  487779000   45  191672000
 2  246854000   13  554626000   24  989194000   35  453747000   46  306331000
 3  897681000   14  759592000   25  138720000   36  717972000   47 1065160000
 4  996707000   15  779271000   26  913146000   37  421643000   48  852497000
 5  369801000   16  764477000   27  258472000   38  302108000   49  218949000
 6  102551000   17  958601000   28  999845000   39  124866000   50  303416000
 7  510050000   18  453430000   29  967339000   40  133297000   51  246723000
 8  566416000   19  609690000   30  312570000   41  321929000   52  974757000
 9  495831000   20  688990000   31  115216000   42  160664000   53  465354000
10  855068000   21  795339000   32  535726000   43  275835000   54  923037000
11  963530000   22  936509000   33  961754000   44  432586000
;

