_solve_elapsed_time = 20.7356

calculated_sum = 17729300000

target_sum = 17729300000

set_len = 56

x [*] :=
 1 0    7 1   13 1   19 0   25 1   31 0   37 1   43 0   49 1   55 1
 2 1    8 1   14 0   20 1   26 1   32 1   38 0   44 1   50 0   56 1
 3 0    9 1   15 0   21 0   27 1   33 0   39 0   45 1   51 0
 4 0   10 1   16 0   22 0   28 0   34 0   40 1   46 1   52 0
 5 0   11 1   17 1   23 0   29 1   35 0   41 0   47 1   53 0
 6 1   12 0   18 1   24 0   30 1   36 1   42 0   48 1   54 1
;

values [*] :=
 1  905521000   13  201521000   25  235922000   37  255183000   49  986834000
 2 1001590000   14  899811000   26  778155000   38   62282100   50  734521000
 3    6363260   15  888915000   27  493966000   39   26667800   51  933400000
 4  358533000   16  835573000   28  195645000   40  843546000   52 1020170000
 5  532668000   17  852646000   29  696088000   41  289043000   53  467279000
 6  694935000   18  343125000   30  595392000   42   27789400   54  912395000
 7  771724000   19  256436000   31  714308000   43  803574000   55  225722000
 8  858147000   20  734702000   32 1002610000   44  990908000   56  406420000
 9  361747000   21  301748000   33  484669000   45  874238000
10  128678000   22  475643000   34  552579000   46  454341000
11  226143000   23  923166000   35  791958000   47  795718000
12  638415000   24 1051410000   36  322525000   48  684407000
;

