_solve_elapsed_time = 0.009118

calculated_sum = 16289600000

target_sum = 16289600000

set_len = 56

x [*] :=
 1 1          13 1          25 1          37 0          49 0
 2 1          14 1          26 0.844533   38 0          50 0
 3 1          15 1          27 0          39 0          51 0
 4 1          16 1          28 0          40 0          52 0
 5 1          17 1          29 0          41 0          53 0
 6 1          18 1          30 0          42 0          54 0
 7 1          19 1          31 0          43 0          55 0
 8 1          20 1          32 0          44 0          56 0
 9 1          21 1          33 0          45 0
10 1          22 1          34 0          46 0
11 1          23 1          35 0          47 0
12 1          24 1          36 0          48 0
;

values [*] :=
 1  919333000   13  780811000   25  531057000   37  677577000   49 1017270000
 2  179664000   14  594154000   26  685420000   38  798690000   50   10820300
 3  859990000   15   22225400   27  648110000   39  232897000   51   60876200
 4 1062530000   16 1056630000   28  485451000   40   19753600   52  637895000
 5  517372000   17  650068000   29  941221000   41   96583200   53  459422000
 6  782047000   18  647175000   30  934438000   42  499547000   54  130279000
 7 1027670000   19  878675000   31  664460000   43  932587000   55  780803000
 8  173866000   20  944938000   32  834681000   44  360337000   56  720887000
 9   12995800   21 1005270000   33  571566000   45  555383000
10  492496000   22  354341000   34  178032000   46  373155000
11  462635000   23  674233000   35  108090000   47  273318000
12  887353000   24  193179000   36  419876000   48  221052000
;

