_solve_elapsed_time = 23.6842

calculated_sum = 19446600000

target_sum = 19446600000

set_len = 56

x [*] :=
 1 1    7 1   13 1   19 1   25 1   31 1   37 0   43 1   49 0   55 1
 2 0    8 0   14 1   20 1   26 0   32 0   38 0   44 1   50 1   56 0
 3 0    9 0   15 0   21 0   27 0   33 0   39 1   45 0   51 0
 4 1   10 0   16 1   22 0   28 1   34 0   40 0   46 1   52 1
 5 0   11 1   17 1   23 1   29 0   35 0   41 1   47 0   53 0
 6 0   12 0   18 1   24 1   30 1   36 1   42 1   48 0   54 1
;

values [*] :=
 1  927843000   13  590373000   25  961634000   37  907382000   49  661715000
 2  823865000   14  245732000   26  829672000   38  559191000   50  939777000
 3 1053270000   15  974649000   27  892890000   39  560128000   51  732437000
 4  666360000   16  732294000   28  208657000   40  907840000   52  857534000
 5  674584000   17  632012000   29  957411000   41  630195000   53  757163000
 6   55624100   18  900397000   30  830540000   42  992699000   54  433087000
 7  247927000   19  728835000   31  589694000   43  150920000   55 1018360000
 8  832813000   20  809932000   32  583952000   44  594854000   56  266842000
 9  308010000   21  720100000   33  181102000   45  746344000
10  839741000   22   12909400   34  245882000   46  884829000
11  953895000   23  817236000   35  898186000   47  922848000
12  981857000   24  846595000   36  694300000   48  518781000
;

