_solve_elapsed_time = 88.5233

calculated_sum = 1.7334e+10

target_sum = 1.7334e+10

set_len = 60

x [*] :=
 1 1    7 1   13 0   19 0   25 0   31 1   37 0   43 1   49 0   55 1
 2 0    8 1   14 1   20 1   26 1   32 1   38 0   44 1   50 0   56 0
 3 1    9 0   15 1   21 0   27 0   33 1   39 0   45 0   51 0   57 1
 4 1   10 1   16 1   22 1   28 1   34 1   40 1   46 1   52 1   58 1
 5 0   11 0   17 1   23 1   29 0   35 0   41 0   47 1   53 0   59 0
 6 0   12 1   18 1   24 0   30 1   36 1   42 1   48 0   54 1   60 0
;

values [*] :=
 1  616738000   13 1001670000   25  170942000   37  216462000   49 1046680000
 2  105109000   14  241599000   26  372989000   38  966851000   50  819113000
 3  658232000   15  284510000   27  354205000   39  243569000   51  364754000
 4  655213000   16  353007000   28  944701000   40  711052000   52  197955000
 5  894136000   17  119545000   29  179826000   41  209057000   53  897492000
 6  860565000   18   53699900   30  714821000   42  873432000   54  137967000
 7  257348000   19 1031970000   31  435104000   43  404311000   55  654149000
 8  278352000   20 1025490000   32  126631000   44  692321000   56 1038150000
 9  948090000   21  635375000   33  788741000   45 1026520000   57  746776000
10  400463000   22  787581000   34  593395000   46  787608000   58  378850000
11  914396000   23 1041380000   35  176519000   47  190361000   59   36167100
12  234649000   24  844696000   36  575061000   48  905582000   60  992498000
;

