_solve_elapsed_time = 0.009298

calculated_sum = 16291700000

target_sum = 16291700000

set_len = 60

x [*] :=
 1 1          13 1          25 1          37 0          49 0
 2 1          14 1          26 1          38 0          50 0
 3 1          15 1          27 1          39 0          51 0
 4 1          16 1          28 1          40 0          52 0
 5 1          17 1          29 1          41 0          53 0
 6 1          18 1          30 1          42 0          54 0
 7 1          19 1          31 1          43 0          55 0
 8 1          20 1          32 0.954566   44 0          56 0
 9 1          21 1          33 0          45 0          57 0
10 1          22 1          34 0          46 0          58 0
11 1          23 1          35 0          47 0          59 0
12 1          24 1          36 0          48 0          60 0
;

values [*] :=
 1  774558000   13  683499000   25  536231000   37  585557000   49   71713400
 2  597855000   14  817584000   26  626970000   38  149090000   50   51836800
 3   37948200   15 1023720000   27  673440000   39  299541000   51  960326000
 4  915921000   16  622801000   28  108845000   40  608639000   52  343524000
 5  320337000   17  396150000   29  162048000   41 1004390000   53  706335000
 6  329806000   18  262825000   30   18925500   42  962699000   54  488610000
 7   17868500   19   47424400   31  842930000   43  765140000   55  560896000
 8  372689000   20  573655000   32  518720000   44   93929900   56  881416000
 9  995075000   21  813504000   33  828395000   45   24018200   57  663786000
10  995346000   22  734083000   34  854096000   46 1064930000   58  865359000
11   59851000   23   40626800   35  726842000   47  361367000   59  235592000
12  565851000   24  828143000   36  348701000   48  836107000   60  824804000
;

