_solve_elapsed_time = 45.8848

calculated_sum = 17490500000

target_sum = 17490500000

set_len = 60

x [*] :=
 1 1    7 1   13 1   19 0   25 1   31 1   37 1   43 1   49 0   55 1
 2 0    8 0   14 1   20 1   26 1   32 1   38 1   44 1   50 0   56 1
 3 0    9 1   15 0   21 0   27 0   33 0   39 0   45 0   51 0   57 1
 4 0   10 1   16 1   22 0   28 1   34 1   40 0   46 0   52 1   58 0
 5 1   11 0   17 1   23 1   29 0   35 0   41 1   47 0   53 1   59 0
 6 1   12 0   18 1   24 0   30 0   36 0   42 1   48 1   54 0   60 1
;

values [*] :=
 1   69968200   13  218937000   25  788216000   37  846718000   49  738198000
 2  797904000   14  665529000   26  816535000   38  534354000   50  569722000
 3  103617000   15  280698000   27  751105000   39  753979000   51  252651000
 4 1053390000   16   11799700   28  513472000   40  418925000   52  553815000
 5  259163000   17  442321000   29  470185000   41  276871000   53  115455000
 6  564847000   18  874042000   30  454413000   42  653075000   54 1049470000
 7  756851000   19  591552000   31   72902500   43  588027000   55  851208000
 8  568114000   20  535406000   32  273931000   44  899308000   56  832637000
 9  891605000   21  956810000   33  850272000   45  405679000   57  326178000
10  630481000   22  994909000   34  194879000   46  452981000   58  420454000
11  376925000   23  991367000   35  537984000   47  635221000   59  392902000
12  627230000   24  125167000   36  855034000   48  555060000   60  885529000
;

