_solve_elapsed_time = 10.7062

calculated_sum = 18642600000

target_sum = 18642600000

set_len = 62

x [*] :=
 1 0    7 0   13 1   19 0   25 1   31 1   37 1   43 1   49 0   55 1   61 0
 2 1    8 0   14 1   20 0   26 0   32 1   38 1   44 1   50 0   56 0   62 1
 3 0    9 1   15 1   21 1   27 1   33 0   39 1   45 1   51 0   57 1
 4 0   10 0   16 0   22 1   28 1   34 0   40 0   46 1   52 1   58 0
 5 0   11 0   17 1   23 1   29 1   35 1   41 1   47 0   53 0   59 1
 6 1   12 0   18 0   24 0   30 0   36 0   42 1   48 1   54 1   60 1
;

values [*] :=
 1  923285000   14  942062000   27  524315000   40  796883000   53  955419000
 2  111590000   15  882206000   28  412036000   41  773648000   54 1035970000
 3  631311000   16  418164000   29  443029000   42  840611000   55  802014000
 4  742665000   17  994660000   30  189227000   43  552982000   56   88126700
 5  908521000   18  630496000   31  303587000   44  362853000   57  438851000
 6  640639000   19  510774000   32  493994000   45  480912000   58 1007960000
 7  705907000   20  126186000   33 1060290000   46  665297000   59  548649000
 8  165061000   21   28901700   34   39123500   47 1032440000   60  132199000
 9  697514000   22  496895000   35  288487000   48  633572000   61  486199000
10   11930000   23  598184000   36  629050000   49  689888000   62  801767000
11  142157000   24  973645000   37  475264000   50 1021670000
12   97339100   25  785214000   38  956130000   51  484105000
13   24383000   26  915138000   39  429373000   52   44830300
;

