_solve_elapsed_time = 0.008638

calculated_sum = 16376300000

target_sum = 16376300000

set_len = 62

x [*] :=
 1 1          14 1          27 1          40 0          53 0
 2 1          15 1          28 1          41 0          54 0
 3 1          16 1          29 1          42 0          55 0
 4 1          17 1          30 1          43 0          56 0
 5 1          18 1          31 0.614852   44 0          57 0
 6 1          19 1          32 0          45 0          58 0
 7 1          20 1          33 0          46 0          59 0
 8 1          21 1          34 0          47 0          60 0
 9 1          22 1          35 0          48 0          61 0
10 1          23 1          36 0          49 0          62 0
11 1          24 1          37 0          50 0
12 1          25 1          38 0          51 0
13 1          26 1          39 0          52 0
;

values [*] :=
 1   67269800   14  963793000   27  586931000   40  425975000   53  974503000
 2  927512000   15  313043000   28  665246000   41  704458000   54   77997500
 3  643027000   16  172501000   29  715083000   42  844355000   55  821120000
 4  812968000   17   74769400   30  401263000   43  346897000   56  727123000
 5  597278000   18  788202000   31  734749000   44  522424000   57  938942000
 6  443415000   19  673227000   32  613479000   45  539080000   58  402527000
 7  441164000   20  899809000   33  553038000   46  537276000   59  522719000
 8     830654   21  153521000   34  918619000   47 1002820000   60  127836000
 9  939730000   22  147530000   35  934356000   48  765791000   61  563929000
10  802044000   23  152061000   36  377130000   49  338252000   62  500842000
11  553395000   24  850422000   37  178365000   50  627210000
12  663634000   25  425905000   38  493231000   51  588046000
13  871089000   26  177826000   39  282419000   52  771039000
;

