_solve_elapsed_time = 0.008737

calculated_sum = 18174500000

target_sum = 18174500000

set_len = 62

x [*] :=
 1 1          14 1          27 1          40 0          53 0
 2 1          15 1          28 1          41 0          54 0
 3 1          16 1          29 1          42 0          55 0
 4 1          17 1          30 1          43 0          56 0
 5 1          18 1          31 1          44 0          57 0
 6 1          19 1          32 0.769774   45 0          58 0
 7 1          20 1          33 0          46 0          59 0
 8 1          21 1          34 0          47 0          60 0
 9 1          22 1          35 0          48 0          61 0
10 1          23 1          36 0          49 0          62 0
11 1          24 1          37 0          50 0
12 1          25 1          38 0          51 0
13 1          26 1          39 0          52 0
;

values [*] :=
 1  643980000   14 1034260000   27 1065820000   40  716227000   53  322127000
 2 1025780000   15 1009920000   28  252711000   41  419204000   54  764120000
 3   33856100   16  678081000   29  685965000   42  435852000   55  585854000
 4  751339000   17  149752000   30  347520000   43  237641000   56  680089000
 5 1047730000   18  574299000   31   22767300   44  251477000   57  944909000
 6  753940000   19 1040240000   32  577330000   45  190117000   58  809381000
 7  136875000   20  661443000   33  840623000   46  201618000   59   35744000
 8   11989700   21  542364000   34  915935000   47 1026720000   60  596437000
 9  245651000   22  625986000   35  475844000   48  951069000   61  415470000
10  152290000   23  406926000   36  358719000   49  531628000   62  341400000
11  362474000   24  925706000   37  624829000   50  610812000
12  460130000   25  466592000   38  633334000   51 1051160000
13 1067610000   26  546101000   39  331291000   52  796029000
;

