_solve_elapsed_time = 20.5449

calculated_sum = 20101700000

target_sum = 20101700000

set_len = 64

x [*] :=
 1 1    7 0   13 0   19 1   25 0   31 1   37 1   43 0   49 1   55 1   61 1
 2 1    8 1   14 0   20 0   26 1   32 0   38 0   44 0   50 0   56 1   62 1
 3 1    9 1   15 1   21 1   27 1   33 0   39 1   45 1   51 1   57 1   63 1
 4 1   10 0   16 1   22 0   28 1   34 0   40 1   46 1   52 0   58 1   64 1
 5 0   11 1   17 0   23 1   29 1   35 1   41 1   47 0   53 0   59 0
 6 0   12 1   18 1   24 1   30 1   36 0   42 1   48 1   54 1   60 1
;

values [*] :=
 1  258673000   14  958021000   27  138049000   40 1038720000   53  792998000
 2  443994000   15   36514700   28  703256000   41  288492000   54   28249600
 3  824807000   16  565214000   29  374514000   42  427207000   55  912482000
 4  467575000   17  957690000   30  895278000   43  670924000   56  250632000
 5 1001680000   18  705476000   31  407457000   44 1025460000   57   17227900
 6 1023090000   19  873198000   32  152203000   45  781067000   58  346954000
 7  807317000   20  230993000   33  648464000   46  860017000   59   82416300
 8  580783000   21   49339500   34  232518000   47 1068460000   60  377822000
 9  387974000   22 1025300000   35  923358000   48   51984700   61  969480000
10  225506000   23  695850000   36  398998000   49  128355000   62   30292500
11  270570000   24  701204000   37  754970000   50  163560000   63   21127800
12  261820000   25 1010530000   38  331482000   51  806737000   64  146912000
13  762016000   26  709984000   39  588057000   52  597684000
;

