_solve_elapsed_time = 0.008693

calculated_sum = 19126300000

target_sum = 19126300000

set_len = 66

x [*] :=
 1 1          15 1          29 1          43 0          57 0
 2 1          16 1          30 1          44 0          58 0
 3 1          17 1          31 1          45 0          59 0
 4 1          18 1          32 1          46 0          60 0
 5 1          19 1          33 1          47 0          61 0
 6 1          20 1          34 1          48 0          62 0
 7 1          21 1          35 1          49 0          63 0
 8 1          22 1          36 1          50 0          64 0
 9 1          23 1          37 1          51 0          65 0
10 1          24 1          38 0.248943   52 0          66 0
11 1          25 1          39 0          53 0
12 1          26 1          40 0          54 0
13 1          27 1          41 0          55 0
14 1          28 1          42 0          56 0
;

values [*] :=
 1  879764000          23    4808510          45  105631000
 2   62711000          24  689681000          46  797057000
 3  580378000          25  626127000          47  724333000
 4  254132000          26  425517000          48  976491000
 5  571801000          27  862228000          49  961781000
 6  371934000          28   92468600          50  245223000
 7   16155800          29  696418000          51  727152000
 8          5.64e+08   30  398964000          52  539118000
 9   57265100          31 1024220000          53  172694000
10  114924000          32   10774600          54 1017140000
11  540035000          33   70044100          55  452124000
12  233871000          34  362274000          56  584475000
13 1011560000          35  905965000          57   77694700
14  131058000          36  821299000          58  690298000
15  963515000          37  201562000          59  726023000
16  368915000          38  681416000          60  625651000
17  980928000          39  393404000          61 1065160000
18 1038910000          40  385260000          62  668223000
19  603641000          41   67155400          63  236316000
20 1010950000          42  555546000          64  252333000
21  578625000          43  219758000          65  866308000
22  829228000          44  477414000          66  924961000
;

