_solve_elapsed_time = 38.3001

calculated_sum = 1.9169e+10

target_sum = 1.9169e+10

set_len = 66

x [*] :=
 1 1    7 1   13 1   19 1   25 1   31 1   37 0   43 0   49 0   55 1   61 0
 2 1    8 0   14 1   20 1   26 0   32 1   38 0   44 0   50 0   56 0   62 0
 3 1    9 0   15 0   21 1   27 1   33 0   39 1   45 1   51 1   57 0   63 0
 4 1   10 0   16 0   22 1   28 0   34 1   40 1   46 0   52 1   58 1   64 1
 5 1   11 0   17 1   23 0   29 1   35 1   41 0   47 1   53 1   59 1   65 1
 6 1   12 1   18 1   24 1   30 1   36 0   42 1   48 1   54 0   60 0   66 0
;

values [*] :=
 1 327336000          23  57543600          45 241138000
 2 657597000          24 303478000          46 460475000
 3 824364000          25  46261500          47 604393000
 4 530605000          26 207672000          48 516308000
 5 909606000          27 966207000          49 883051000
 6  99642400          28 333796000          50 159356000
 7 685720000          29 200774000          51 113197000
 8 687359000          30 546741000          52 868647000
 9 999076000          31 354218000          53 877809000
10 524782000          32 123730000          54 373973000
11  71227500          33 173385000          55 665996000
12  80747300          34 265638000          56 672691000
13 963884000          35 582882000          57 537081000
14 364518000          36 362004000          58 590704000
15 419782000          37 716060000          59 287537000
16 659658000          38 506066000          60 217340000
17 173070000          39 484710000          61 689570000
18 218235000          40   3457530          62 722693000
19 842975000          41 759405000          63         2.94e+08
20 502375000          42 115027000          64 828663000
21 875519000          43 668890000          65 772676000
22 752639000          44  20556400          66 291635000
;

