_solve_elapsed_time = 0.00878

calculated_sum = 16485100000

target_sum = 16485100000

set_len = 66

x [*] :=
 1 1          15 1          29 1          43 0          57 0
 2 1          16 1          30 1          44 0          58 0
 3 1          17 1          31 1          45 0          59 0
 4 1          18 1          32 1          46 0          60 0
 5 1          19 1          33 1          47 0          61 0
 6 1          20 1          34 0.978961   48 0          62 0
 7 1          21 1          35 0          49 0          63 0
 8 1          22 1          36 0          50 0          64 0
 9 1          23 1          37 0          51 0          65 0
10 1          24 1          38 0          52 0          66 0
11 1          25 1          39 0          53 0
12 1          26 1          40 0          54 0
13 1          27 1          41 0          55 0
14 1          28 1          42 0          56 0
;

values [*] :=
 1  958753000   15  474443000   29  716506000   43  315790000   57  895212000
 2  127903000   16  603229000   30  921856000   44  645081000   58 1006920000
 3  949477000   17  312174000   31   18841000   45   72214400   59   16223400
 4  656861000   18   82184900   32  408738000   46  648574000   60   67156600
 5   13767800   19  566709000   33  537628000   47  568750000   61  219503000
 6  886285000   20  900820000   34  577065000   48   43716300   62  452700000
 7  333717000   21  245078000   35  405089000   49  190726000   63  596526000
 8  134047000   22  436189000   36  671999000   50  441642000   64  118862000
 9  164358000   23  103138000   37  446488000   51  198892000   65  998170000
10  444821000   24  284256000   38  939625000   52  198943000   66  370559000
11  950667000   25  953076000   39  123629000   53  829297000
12  646972000   26  203962000   40  509190000   54  731695000
13  563806000   27  674078000   41  741039000   55  996931000
14  436463000   28  209338000   42  124977000   56 1030390000
;

