_solve_elapsed_time = 236.363

calculated_sum = 18905700000

target_sum = 18905700000

set_len = 68

x [*] :=
 1 1    8 1   15 1   22 0   29 0   36 1   43 1   50 1   57 0   64 1
 2 0    9 0   16 0   23 1   30 0   37 1   44 0   51 0   58 0   65 0
 3 1   10 0   17 0   24 1   31 1   38 0   45 1   52 1   59 0   66 1
 4 0   11 0   18 1   25 1   32 0   39 1   46 1   53 0   60 1   67 1
 5 1   12 0   19 0   26 0   33 0   40 1   47 1   54 1   61 0   68 1
 6 0   13 0   20 1   27 0   34 1   41 0   48 1   55 1   62 0
 7 0   14 1   21 1   28 1   35 1   42 1   49 0   56 1   63 1
;

values [*] :=
 1  856300000   15  692782000   29  915778000   43  279472000   57  946472000
 2  963777000   16  860609000   30 1017480000   44   81478600   58  376210000
 3  405961000   17  967252000   31  225138000   45  842238000   59   54301400
 4  144604000   18  676373000   32  571363000   46  597163000   60  296613000
 5  933111000   19  201680000   33  752843000   47  396992000   61  767643000
 6  375021000   20  339409000   34  894809000   48  184391000   62  920143000
 7  917117000   21  357213000   35   71586600   49  565385000   63  175794000
 8  285854000   22  862873000   36  877369000   50  188761000   64  434753000
 9  658681000   23  515865000   37  837045000   51 1034020000   65 1003610000
10  468611000   24  225355000   38  637645000   52  493871000   66  278439000
11  762322000   25  555867000   39  292902000   53 1062650000   67  988886000
12  569943000   26  755516000   40  610590000   54 1036400000   68  288644000
13  332993000   27  507904000   41   20094700   55  526665000
14  686637000   28  604823000   42  762892000   56  188750000
;

