_solve_elapsed_time = 0.008541

calculated_sum = 18338500000

target_sum = 18338500000

set_len = 70

x [*] :=
 1 1          15 1          29 1          43 0          57 0
 2 1          16 1          30 1          44 0          58 0
 3 1          17 1          31 1          45 0          59 0
 4 1          18 1          32 1          46 0          60 0
 5 1          19 1          33 1          47 0          61 0
 6 1          20 1          34 1          48 0          62 0
 7 1          21 1          35 1          49 0          63 0
 8 1          22 1          36 0.398199   50 0          64 0
 9 1          23 1          37 0          51 0          65 0
10 1          24 1          38 0          52 0          66 0
11 1          25 1          39 0          53 0          67 0
12 1          26 1          40 0          54 0          68 0
13 1          27 1          41 0          55 0          69 0
14 1          28 1          42 0          56 0          70 0
;

values [*] :=
 1  644171000   15  911446000   29  546395000   43  939769000   57  284461000
 2  683172000   16  764306000   30  136922000   44  518655000   58  667498000
 3  283039000   17  734154000   31  167934000   45   11047700   59  178036000
 4   79503700   18  726124000   32   29213700   46  650764000   60   16224200
 5  646249000   19  538390000   33  750886000   47  228734000   61  581531000
 6  712368000   20  157904000   34  625596000   48  998954000   62  394613000
 7   76255400   21  123043000   35  988106000   49  256060000   63  490790000
 8   16236100   22 1068670000   36  473162000   50  722775000   64  811309000
 9   61971700   23   69592800   37  860147000   51  203780000   65  801870000
10  499818000   24  910339000   38  352943000   52  343653000   66  590647000
11  882845000   25  914435000   39  259624000   53  792068000   67  303361000
12  443652000   26  166251000   40  428216000   54  737720000   68  495290000
13  822182000   27  797003000   41  369754000   55  734397000   69  808986000
14  471102000   28  700782000   42  448311000   56  264442000   70  386359000
;

