_solve_elapsed_time = 0.008666

calculated_sum = 15389400000

target_sum = 15389400000

set_len = 72

x [*] :=
 1 1          16 1          31 0.737351   46 0          61 0
 2 1          17 1          32 0          47 0          62 0
 3 1          18 1          33 0          48 0          63 0
 4 1          19 1          34 0          49 0          64 0
 5 1          20 1          35 0          50 0          65 0
 6 1          21 1          36 0          51 0          66 0
 7 1          22 1          37 0          52 0          67 0
 8 1          23 1          38 0          53 0          68 0
 9 1          24 1          39 0          54 0          69 0
10 1          25 1          40 0          55 0          70 0
11 1          26 1          41 0          56 0          71 0
12 1          27 1          42 0          57 0          72 0
13 1          28 1          43 0          58 0
14 1          29 1          44 0          59 0
15 1          30 1          45 0          60 0
;

values [*] :=
 1  947811000   16  128769000   31  756984000   46   60794300   61  882314000
 2  644700000   17  338390000   32  562835000   47  899242000   62  247571000
 3  651719000   18   17398900   33  592273000   48  730628000   63  552400000
 4  126403000   19   19967000   34   56415100   49  624486000   64  181100000
 5  371899000   20  812878000   35  289967000   50 1006130000   65  160529000
 6  189848000   21  725927000   36  404899000   51  313992000   66   16926200
 7  538868000   22  230224000   37   10848300   52  560442000   67  259784000
 8  997739000   23  477585000   38  650736000   53  869184000   68  344282000
 9  350526000   24  310539000   39  784052000   54  256979000   69  943489000
10  827438000   25  584340000   40  767573000   55  509572000   70  445957000
11  656223000   26  199461000   41  435196000   56  975593000   71  894836000
12  811878000   27 1017340000   42   38887500   57  176314000   72  395577000
13   31222800   28  114112000   43  635977000   58  697925000
14  289865000   29  844854000   44  164479000   59  843706000
15  927108000   30  646248000   45  507878000   60  244710000
;

