_solve_elapsed_time = 0.009264

calculated_sum = 19567700000

target_sum = 19567700000

set_len = 72

x [*] :=
 1 1          16 1          31 1          46 0          61 0
 2 1          17 1          32 1          47 0          62 0
 3 1          18 1          33 1          48 0          63 0
 4 1          19 1          34 1          49 0          64 0
 5 1          20 1          35 1          50 0          65 0
 6 1          21 1          36 1          51 0          66 0
 7 1          22 1          37 1          52 0          67 0
 8 1          23 1          38 0.876617   53 0          68 0
 9 1          24 1          39 0          54 0          69 0
10 1          25 1          40 0          55 0          70 0
11 1          26 1          41 0          56 0          71 0
12 1          27 1          42 0          57 0          72 0
13 1          28 1          43 0          58 0
14 1          29 1          44 0          59 0
15 1          30 1          45 0          60 0
;

values [*] :=
 1   52160100   16  985253000   31  325302000   46  696946000   61   26742900
 2   83179700   17  985730000   32  880172000   47  335674000   62  262159000
 3  163859000   18  963412000   33   43070200   48  293605000   63  550854000
 4 1052220000   19  302629000   34 1005730000   49  826877000   64  573988000
 5   73806400   20  813793000   35   27268000   50  895207000   65  335085000
 6  364606000   21  287442000   36  385922000   51 1011440000   66  885762000
 7  626363000   22  195498000   37  370665000   52  240555000   67  169157000
 8  847842000   23  925332000   38  828428000   53  734814000   68  773419000
 9  438338000   24  333605000   39   35674000   54  396442000   69   72683400
10  482717000   25 1008630000   40   74735000   55  963990000   70  718959000
11  397555000   26   99234200   41 1033810000   56 1034120000   71   46479300
12  329458000   27  324116000   42  163025000   57   27353500   72  440903000
13  246153000   28  790887000   43  415731000   58  803036000
14  509876000   29  892979000   44  247778000   59  970429000
15  408337000   30  818369000   45  359801000   60  826929000
;

