_solve_elapsed_time = 0.008697

calculated_sum = 19394900000

target_sum = 19394900000

set_len = 72

x [*] :=
 1 1          16 1          31 1          46 0          61 0
 2 1          17 1          32 0.871265   47 0          62 0
 3 1          18 1          33 0          48 0          63 0
 4 1          19 1          34 0          49 0          64 0
 5 1          20 1          35 0          50 0          65 0
 6 1          21 1          36 0          51 0          66 0
 7 1          22 1          37 0          52 0          67 0
 8 1          23 1          38 0          53 0          68 0
 9 1          24 1          39 0          54 0          69 0
10 1          25 1          40 0          55 0          70 0
11 1          26 1          41 0          56 0          71 0
12 1          27 1          42 0          57 0          72 0
13 1          28 1          43 0          58 0
14 1          29 1          44 0          59 0
15 1          30 1          45 0          60 0
;

values [*] :=
 1  490770000   16  632158000   31  497444000   46  221020000   61  609096000
 2  964680000   17  938329000   32  635071000   47  171527000   62   51418300
 3  824853000   18  423407000   33  946764000   48  170489000   63  400232000
 4  765111000   19  990924000   34  825408000   49  992154000   64  373267000
 5  986003000   20  362212000   35  519793000   50  475100000   65  109695000
 6  759102000   21   63111000   36  542354000   51  120686000   66  662116000
 7  207799000   22  995102000   37  500433000   52  722277000   67  691607000
 8  896357000   23  409309000   38 1012870000   53  661487000   68  671672000
 9  737101000   24  893270000   39  304494000   54  675833000   69  805354000
10  286855000   25  291150000   40  414967000   55  290865000   70  533870000
11  282673000   26  874285000   41  799032000   56  185476000   71  153619000
12  338319000   27  367959000   42  198226000   57    4193370   72  905592000
13  223504000   28  899664000   43  400384000   58 1027800000
14  146531000   29  660314000   44  924490000   59  370982000
15  608650000   30 1024640000   45  854341000   60  636257000
;

