_solve_elapsed_time = 0.008904

calculated_sum = 22653700000

target_sum = 22653700000

set_len = 72

x [*] :=
 1 1          16 1          31 1          46 0          61 0
 2 1          17 1          32 1          47 0          62 0
 3 1          18 1          33 1          48 0          63 0
 4 1          19 1          34 1          49 0          64 0
 5 1          20 1          35 1          50 0          65 0
 6 1          21 1          36 1          51 0          66 0
 7 1          22 1          37 1          52 0          67 0
 8 1          23 1          38 1          53 0          68 0
 9 1          24 1          39 1          54 0          69 0
10 1          25 1          40 1          55 0          70 0
11 1          26 1          41 1          56 0          71 0
12 1          27 1          42 1          57 0          72 0
13 1          28 1          43 1          58 0
14 1          29 1          44 0.209925   59 0
15 1          30 1          45 0          60 0
;

values [*] :=
 1  618165000   16  492394000   31  468967000   46 1022420000   61  138299000
 2   95383400   17  687296000   32 1073220000   47  122429000   62  469186000
 3  801624000   18    4361360   33  571790000   48  909694000   63 1069080000
 4  384246000   19  330857000   34  741535000   49  939316000   64  735840000
 5 1047990000   20  706135000   35  602795000   50  122677000   65  886470000
 6  260126000   21      53163   36  411119000   51  841817000   66  865266000
 7  653618000   22  847244000   37  636859000   52  107335000   67  119483000
 8  350210000   23  450976000   38  432740000   53  579687000   68  490664000
 9  430707000   24  147522000   39  651127000   54  460158000   69  635084000
10  841261000   25  467997000   40  531285000   55 1043080000   70  968230000
11   78994600   26  333589000   41    8987680   56  978681000   71  677833000
12  941336000   27  134551000   42  460576000   57  934239000   72  884647000
13 1025890000   28  693846000   43  763569000   58   42939200
14  813819000   29  653201000   44  726573000   59  743541000
15  402495000   30  450718000   45  634084000   60  698474000
;

