_solve_elapsed_time = 0.008974

calculated_sum = 18953200000

target_sum = 18953200000

set_len = 74

x [*] :=
 1 1          16 1          31 1          46 0          61 0
 2 1          17 1          32 1          47 0          62 0
 3 1          18 1          33 1          48 0          63 0
 4 1          19 1          34 1          49 0          64 0
 5 1          20 1          35 1          50 0          65 0
 6 1          21 1          36 1          51 0          66 0
 7 1          22 1          37 1          52 0          67 0
 8 1          23 1          38 1          53 0          68 0
 9 1          24 1          39 0.563443   54 0          69 0
10 1          25 1          40 0          55 0          70 0
11 1          26 1          41 0          56 0          71 0
12 1          27 1          42 0          57 0          72 0
13 1          28 1          43 0          58 0          73 0
14 1          29 1          44 0          59 0          74 0
15 1          30 1          45 0          60 0
;

values [*] :=
 1  478545000   16  115399000   31  146266000   46  157935000   61  363452000
 2  135906000   17  689172000   32  911253000   47  640948000   62  326094000
 3  587593000   18  378382000   33  992670000   48  367419000   63  641078000
 4  633420000   19  118289000   34  944811000   49  294708000   64  420224000
 5  120974000   20  263533000   35  787006000   50  248710000   65  202442000
 6  540576000   21  519531000   36  790051000   51  722006000   66  280964000
 7  695266000   22  371628000   37  372382000   52 1025900000   67  977836000
 8  501064000   23   56016200   38  567150000   53  170012000   68  848848000
 9  789677000   24  557550000   39  535448000   54  876258000   69  325447000
10 1004520000   25   16303000   40  838546000   55  999219000   70  249747000
11  647566000   26   47256900   41  134421000   56  180558000   71  151639000
12  524230000   27  882197000   42   82308200   57  733371000   72  852003000
13  149811000   28  220632000   43   52837700   58  523592000   73 1053860000
14  220317000   29  547810000   44  584926000   59   59350700   74  206989000
15  886417000   30  440353000   45  308824000   60  965008000
;

