_solve_elapsed_time = 0.008742

calculated_sum = 22354900000

target_sum = 22354900000

set_len = 74

x [*] :=
 1 1          16 1          31 1          46 0          61 0
 2 1          17 1          32 1          47 0          62 0
 3 1          18 1          33 1          48 0          63 0
 4 1          19 1          34 1          49 0          64 0
 5 1          20 1          35 0.804733   50 0          65 0
 6 1          21 1          36 0          51 0          66 0
 7 1          22 1          37 0          52 0          67 0
 8 1          23 1          38 0          53 0          68 0
 9 1          24 1          39 0          54 0          69 0
10 1          25 1          40 0          55 0          70 0
11 1          26 1          41 0          56 0          71 0
12 1          27 1          42 0          57 0          72 0
13 1          28 1          43 0          58 0          73 0
14 1          29 1          44 0          59 0          74 0
15 1          30 1          45 0          60 0
;

values [*] :=
 1  514294000   16  520632000   31  435526000   46  139335000   61  479342000
 2  265460000   17 1030530000   32  550520000   47  210841000   62  850596000
 3   47566900   18  821938000   33 1004030000   48  691013000   63    3000260
 4  846817000   19  618217000   34  295398000   49  698690000   64  936947000
 5  622786000   20 1011920000   35  419909000   50  608262000   65  484412000
 6  653759000   21  632611000   36  968055000   51  257914000   66   59026800
 7  383966000   22 1035490000   37  495341000   52  592027000   67  806360000
 8  766962000   23  671758000   38  594630000   53  520902000   68  452246000
 9  660307000   24  892011000   39  320505000   54  648788000   69  911252000
10  911714000   25  356785000   40  609830000   55  379621000   70  778097000
11  735261000   26  205490000   41  473275000   56  157314000   71  827902000
12  690026000   27  614892000   42  742080000   57   80874200   72  959550000
13  572023000   28 1020180000   43  492347000   58   46477900   73 1016830000
14  881414000   29   24386700   44  932060000   59  225135000   74  856401000
15  717226000   30 1005110000   45  439091000   60  326785000
;

