_solve_elapsed_time = 0.00883

calculated_sum = 22288500000

target_sum = 22288500000

set_len = 74

x [*] :=
 1 1          16 1          31 1          46 0          61 0
 2 1          17 1          32 1          47 0          62 0
 3 1          18 1          33 1          48 0          63 0
 4 1          19 1          34 1          49 0          64 0
 5 1          20 1          35 1          50 0          65 0
 6 1          21 1          36 1          51 0          66 0
 7 1          22 1          37 1          52 0          67 0
 8 1          23 1          38 0.697776   53 0          68 0
 9 1          24 1          39 0          54 0          69 0
10 1          25 1          40 0          55 0          70 0
11 1          26 1          41 0          56 0          71 0
12 1          27 1          42 0          57 0          72 0
13 1          28 1          43 0          58 0          73 0
14 1          29 1          44 0          59 0          74 0
15 1          30 1          45 0          60 0
;

values [*] :=
 1  860620000   16  898307000   31  114856000   46  139698000   61  458009000
 2  111661000   17  396634000   32   10476200   47  102019000   62  280470000
 3  812027000   18  497560000   33  977029000   48  682434000   63  802888000
 4  784244000   19  458484000   34  949554000   49  526051000   64  609326000
 5  226986000   20  376621000   35  828498000   50   52346500   65  252917000
 6  921121000   21  860717000   36  275955000   51  732996000   66   67034800
 7  328262000   22  653966000   37  664775000   52 1034400000   67 1040610000
 8  765063000   23  681364000   38  967018000   53  792019000   68  158090000
 9 1027930000   24   58363800   39  180053000   54  132901000   69   26626300
10  481155000   25  562868000   40  853179000   55  914387000   70  797849000
11  531585000   26   20339500   41  228336000   56  501114000   71  672434000
12  285388000   27  979242000   42  736680000   57  792352000   72  245650000
13  996905000   28 1033700000   43  727150000   58  534142000   73  372554000
14  328919000   29  548562000   44   48033700   59  291921000   74  696318000
15  914587000   30  389375000   45  610264000   60  662488000
;

