_solve_elapsed_time = 0.008449

calculated_sum = 20683300000

target_sum = 20683300000

set_len = 76

x [*] :=
 1 1          17 1          33 1          49 0          65 0
 2 1          18 1          34 1          50 0          66 0
 3 1          19 1          35 1          51 0          67 0
 4 1          20 1          36 1          52 0          68 0
 5 1          21 1          37 0.434491   53 0          69 0
 6 1          22 1          38 0          54 0          70 0
 7 1          23 1          39 0          55 0          71 0
 8 1          24 1          40 0          56 0          72 0
 9 1          25 1          41 0          57 0          73 0
10 1          26 1          42 0          58 0          74 0
11 1          27 1          43 0          59 0          75 0
12 1          28 1          44 0          60 0          76 0
13 1          29 1          45 0          61 0
14 1          30 1          46 0          62 0
15 1          31 1          47 0          63 0
16 1          32 1          48 0          64 0
;

values [*] :=
 1  467936000   17  553972000   33  914564000   49  167029000   65  443521000
 2  123832000   18  385445000   34  988657000   50   81938200   66  136808000
 3  127154000   19  509456000   35  824447000   51  794212000   67  431560000
 4  621707000   20  332639000   36  920320000   52  417972000   68  468800000
 5  987868000   21  189391000   37  394386000   53  350228000   69  860483000
 6  609458000   22  344186000   38  114252000   54  843827000   70  673871000
 7  831076000   23  516293000   39  925846000   55 1007020000   71   46091400
 8  573037000   24  586380000   40  893563000   56  207522000   72  705943000
 9  836341000   25  296386000   41  864109000   57  270869000   73  142354000
10  957469000   26  538155000   42 1050860000   58 1013100000   74  690905000
11  628090000   27  733489000   43    8840440   59  245493000   75 1041620000
12  784158000   28  648342000   44  658981000   60  364833000   76  105688000
13  262745000   29  669180000   45  115659000   61  941414000
14  485660000   30   65722900   46  868474000   62  934027000
15  423157000   31  143627000   47  865108000   63  661064000
16  781486000   32  850146000   48  743283000   64   35675500
;

