_solve_elapsed_time = 0.008924

calculated_sum = 2.0545e+10

target_sum = 2.0545e+10

set_len = 76

x [*] :=
 1 1          17 1          33 1          49 0          65 0
 2 1          18 1          34 1          50 0          66 0
 3 1          19 1          35 1          51 0          67 0
 4 1          20 1          36 1          52 0          68 0
 5 1          21 1          37 1          53 0          69 0
 6 1          22 1          38 0.672264   54 0          70 0
 7 1          23 1          39 0          55 0          71 0
 8 1          24 1          40 0          56 0          72 0
 9 1          25 1          41 0          57 0          73 0
10 1          26 1          42 0          58 0          74 0
11 1          27 1          43 0          59 0          75 0
12 1          28 1          44 0          60 0          76 0
13 1          29 1          45 0          61 0
14 1          30 1          46 0          62 0
15 1          31 1          47 0          63 0
16 1          32 1          48 0          64 0
;

values [*] :=
 1  822627000   17  356858000   33  992370000   49  221117000   65  584465000
 2  248623000   18   17850400   34  656387000   50  828941000   66  263177000
 3   46076400   19  525264000   35  191032000   51  599834000   67  545692000
 4  895950000   20  647523000   36  732005000   52  785695000   68  314376000
 5  571019000   21  812082000   37   16433400   53  161196000   69  104343000
 6 1008540000   22  896054000   38  911121000   54   60009100   70  263918000
 7  916416000   23  567768000   39   88992400   55  130481000   71  623545000
 8  853478000   24  154991000   40  742207000   56  907847000   72  514903000
 9  993720000   25  525301000   41  605825000   57  950905000   73  962961000
10  591256000   26  571038000   42  436845000   58  572293000   74  706427000
11  979627000   27  328512000   43  108620000   59  356097000   75  519548000
12  404780000   28  653082000   44 1051980000   60  863128000   76  671914000
13  461015000   29  574847000   45  478959000   61  565341000
14  441974000   30  613660000   46  951723000   62  721686000
15  147977000   31  127789000   47  994783000   63  785052000
16  482411000   32  106175000   48  506765000   64  793888000
;

