_solve_elapsed_time = 0.008944

calculated_sum = 19622900000

target_sum = 19622900000

set_len = 76

x [*] :=
 1 1          17 1          33 1          49 0          65 0
 2 1          18 1          34 1          50 0          66 0
 3 1          19 1          35 1          51 0          67 0
 4 1          20 1          36 1          52 0          68 0
 5 1          21 1          37 1          53 0          69 0
 6 1          22 1          38 1          54 0          70 0
 7 1          23 1          39 0.709829   55 0          71 0
 8 1          24 1          40 0          56 0          72 0
 9 1          25 1          41 0          57 0          73 0
10 1          26 1          42 0          58 0          74 0
11 1          27 1          43 0          59 0          75 0
12 1          28 1          44 0          60 0          76 0
13 1          29 1          45 0          61 0
14 1          30 1          46 0          62 0
15 1          31 1          47 0          63 0
16 1          32 1          48 0          64 0
;

values [*] :=
 1  820238000   17  280061000   33  311415000   49  708252000   65  336720000
 2  457913000   18  775857000   34  574077000   50  196365000   66  464696000
 3  580815000   19  309863000   35  107176000   51   67771600   67    4992580
 4  811054000   20  235519000   36  425424000   52  571889000   68  184202000
 5  324154000   21  935914000   37  284820000   53   26366800   69  335368000
 6  982633000   22  477563000   38  828762000   54  646453000   70 1060680000
 7  580499000   23  176131000   39  572436000   55  391665000   71  877497000
 8  134515000   24  457251000   40  781422000   56   92139400   72  888675000
 9  615181000   25  990396000   41  339012000   57   13241800   73   78467000
10  521266000   26  715209000   42  415673000   58  418563000   74  860648000
11    8950600   27  440341000   43  591839000   59  423149000   75  832512000
12  592107000   28  801658000   44 1011790000   60  813528000   76  805332000
13  329598000   29  164327000   45  834872000   61  801535000
14   51025000   30 1010440000   46  652127000   62  560174000
15  256509000   31  485980000   47  843877000   63  475926000
16  666732000   32  695151000   48  150403000   64    1638470
;

