_solve_elapsed_time = 0.008819

calculated_sum = 19874700000

target_sum = 19874700000

set_len = 78

x [*] :=
 1 1         14 1         27 1         40 1         53 0         66 0
 2 1         15 1         28 1         41 1         54 0         67 0
 3 1         16 1         29 1         42 0.41938   55 0         68 0
 4 1         17 1         30 1         43 0         56 0         69 0
 5 1         18 1         31 1         44 0         57 0         70 0
 6 1         19 1         32 1         45 0         58 0         71 0
 7 1         20 1         33 1         46 0         59 0         72 0
 8 1         21 1         34 1         47 0         60 0         73 0
 9 1         22 1         35 1         48 0         61 0         74 0
10 1         23 1         36 1         49 0         62 0         75 0
11 1         24 1         37 1         50 0         63 0         76 0
12 1         25 1         38 1         51 0         64 0         77 0
13 1         26 1         39 1         52 0         65 0         78 0
;

values [*] :=
 1  820309000   17  622099000   33  519285000   49  983102000   65  295332000
 2  323435000   18  868277000   34  201555000   50  359337000   66  855031000
 3  671780000   19  927227000   35  629546000   51  225178000   67  542405000
 4  433508000   20  270387000   36  946010000   52  781517000   68  866374000
 5  498590000   21  597201000   37   56484100   53  348780000   69  521718000
 6  473752000   22 1047800000   38   15140100   54  657211000   70  763124000
 7  230040000   23  488881000   39  385054000   55  144229000   71  700911000
 8  176467000   24  648018000   40   22813600   56  222744000   72  669854000
 9  820898000   25  687923000   41   91700200   57  503484000   73  220914000
10  601181000   26  222571000   42  476111000   58  891560000   74  466760000
11  163621000   27  656266000   43  714143000   59  797455000   75  741308000
12  228767000   28  188814000   44  443027000   60  206637000   76  990707000
13  818021000   29  105289000   45 1071150000   61 1005400000   77  158934000
14  295526000   30  411488000   46  859437000   62  307035000   78  552685000
15  978397000   31  993161000   47  360462000   63  567900000
16   91833000   32  445900000   48  791383000   64   96836100
;

