_solve_elapsed_time = 3.79471

calculated_sum = 21965900000

target_sum = 21965900000

set_len = 78

x [*] :=
 1 1    9 0   17 0   25 1   33 1   41 1   49 1   57 1   65 1   73 0
 2 1   10 0   18 0   26 0   34 0   42 1   50 1   58 1   66 0   74 1
 3 1   11 1   19 1   27 0   35 1   43 0   51 0   59 1   67 1   75 1
 4 0   12 1   20 1   28 0   36 1   44 0   52 0   60 0   68 1   76 1
 5 1   13 1   21 0   29 0   37 1   45 0   53 1   61 1   69 0   77 0
 6 1   14 1   22 1   30 0   38 0   46 1   54 0   62 1   70 1   78 0
 7 1   15 1   23 1   31 1   39 1   47 1   55 1   63 0   71 1
 8 0   16 1   24 1   32 0   40 0   48 1   56 1   64 1   72 1
;

values [*] :=
 1  551405000   17  877952000   33   96808500   49  139858000   65  762225000
 2  953041000   18  402264000   34  755735000   50  745301000   66  969578000
 3  614257000   19   61855000   35  680521000   51  838746000   67  968474000
 4 1056290000   20  623153000   36  567924000   52  662637000   68  335105000
 5  610960000   21 1013610000   37   61476600   53  596718000   69  926987000
 6  266068000   22  158618000   38 1011930000   54  545434000   70  260223000
 7  998038000   23  861795000   39   26487600   55  326244000   71   72847200
 8  643024000   24  163294000   40  872063000   56  361099000   72  146137000
 9  603749000   25  774843000   41  809476000   57   53215700   73  734316000
10  499559000   26  876033000   42  324094000   58  152930000   74  751618000
11   98385700   27  137567000   43 1057460000   59  841382000   75  220351000
12  278368000   28 1019360000   44   19558400   60  105246000   76  186640000
13  899978000   29  241988000   45  973203000   61   62727700   77  392847000
14  261204000   30  358400000   46  741053000   62  200111000   78  841479000
15  279023000   31  912328000   47  336868000   63  722165000
16 1032400000   32 1056030000   48  570534000   64  168454000
;

