_solve_elapsed_time = 0.009082

calculated_sum = 20489200000

target_sum = 20489200000

set_len = 78

x [*] :=
 1 1          17 1          33 1          49 0          65 0
 2 1          18 1          34 1          50 0          66 0
 3 1          19 1          35 1          51 0          67 0
 4 1          20 1          36 1          52 0          68 0
 5 1          21 1          37 1          53 0          69 0
 6 1          22 1          38 1          54 0          70 0
 7 1          23 1          39 1          55 0          71 0
 8 1          24 1          40 1          56 0          72 0
 9 1          25 1          41 0.980217   57 0          73 0
10 1          26 1          42 0          58 0          74 0
11 1          27 1          43 0          59 0          75 0
12 1          28 1          44 0          60 0          76 0
13 1          29 1          45 0          61 0          77 0
14 1          30 1          46 0          62 0          78 0
15 1          31 1          47 0          63 0
16 1          32 1          48 0          64 0
;

values [*] :=
 1   81300400   17  861643000   33  121026000   49  158844000   65  174019000
 2  141103000   18  301163000   34  209779000   50  874294000   66  543871000
 3  204536000   19  879226000   35  848016000   51  205013000   67  163128000
 4 1053490000   20  625754000   36  659067000   52  217648000   68  930164000
 5  217838000   21  613692000   37  796428000   53  114128000   69  689677000
 6  323854000   22   33101200   38   94884200   54  441620000   70 1029860000
 7  568466000   23  751750000   39   13910600   55  661293000   71  672376000
 8 1045510000   24  161242000   40  687076000   56   31795700   72  378277000
 9  924679000   25  534585000   41  567326000   57  957190000   73  166942000
10  712265000   26  775967000   42  447243000   58  239352000   74 1035320000
11  381280000   27  299687000   43  598269000   59  771030000   75  745591000
12  180520000   28  968549000   44  488534000   60  443531000   76  633359000
13  141087000   29  371667000   45  124158000   61  211656000   77  783531000
14  942121000   30  466101000   46  872184000   62  355411000   78 1047040000
15  283279000   31  839285000   47  891834000   63  796493000
16  179689000   32  638478000   48  950489000   64  364198000
;

