_solve_elapsed_time = 0.00913

calculated_sum = 19330800000

target_sum = 19330800000

set_len = 80

x [*] :=
 1 1           17 1           33 1           49 0           65 0
 2 1           18 1           34 1           50 0           66 0
 3 1           19 1           35 1           51 0           67 0
 4 1           20 1           36 1           52 0           68 0
 5 1           21 1           37 1           53 0           69 0
 6 1           22 1           38 1           54 0           70 0
 7 1           23 1           39 0.0264891   55 0           71 0
 8 1           24 1           40 0           56 0           72 0
 9 1           25 1           41 0           57 0           73 0
10 1           26 1           42 0           58 0           74 0
11 1           27 1           43 0           59 0           75 0
12 1           28 1           44 0           60 0           76 0
13 1           29 1           45 0           61 0           77 0
14 1           30 1           46 0           62 0           78 0
15 1           31 1           47 0           63 0           79 0
16 1           32 1           48 0           64 0           80 0
;

values [*] :=
 1  890842000          28  661052000          55  993605000
 2  474116000          29  794282000          56  883844000
 3  741946000          30  602712000          57  211031000
 4  973519000          31  541844000          58  290426000
 5  229532000          32  400523000          59  831720000
 6  740439000          33  416240000          60  818373000
 7  678396000          34 1035950000          61  864668000
 8  156067000          35  887387000          62  972383000
 9  141742000          36  392044000          63  392711000
10   84010400          37  272665000          64 1004100000
11  267470000          38  858675000          65  895899000
12  529822000          39  347284000          66  171586000
13  626076000          40  688452000          67   61641400
14  476099000          41  574490000          68 1047940000
15  248798000          42  676489000          69  174265000
16  264107000          43  609503000          70  588314000
17  687932000          44   14005400          71  658156000
18          5.93e+08   45  899913000          72  195994000
19 1042910000          46  700535000          73   12158400
20  659720000          47   63177200          74 1000230000
21  324988000          48  425769000          75  839740000
22  391786000          49  327688000          76   16344000
23   66877500          50  288665000          77  845813000
24  427641000          51   97798000          78 1031600000
25  338203000          52  416740000          79  116854000
26  150458000          53  338840000          80  104364000
27  251748000          54  779389000
;

