_solve_elapsed_time = 0.008971

calculated_sum = 22101800000

target_sum = 22101800000

set_len = 80

x [*] :=
 1 1          17 1          33 1          49 0          65 0
 2 1          18 1          34 1          50 0          66 0
 3 1          19 1          35 1          51 0          67 0
 4 1          20 1          36 1          52 0          68 0
 5 1          21 1          37 1          53 0          69 0
 6 1          22 1          38 1          54 0          70 0
 7 1          23 1          39 0.735509   55 0          71 0
 8 1          24 1          40 0          56 0          72 0
 9 1          25 1          41 0          57 0          73 0
10 1          26 1          42 0          58 0          74 0
11 1          27 1          43 0          59 0          75 0
12 1          28 1          44 0          60 0          76 0
13 1          29 1          45 0          61 0          77 0
14 1          30 1          46 0          62 0          78 0
15 1          31 1          47 0          63 0          79 0
16 1          32 1          48 0          64 0          80 0
;

values [*] :=
 1  749487000   17  116080000   33  243696000   49  863448000   65  689168000
 2  995583000   18  882442000   34  634017000   50  757232000   66   65610000
 3  364063000   19  287429000   35  573459000   51  256434000   67  170018000
 4  808443000   20  724031000   36  635321000   52  176661000   68  740773000
 5  974229000   21  450391000   37 1018050000   53  833359000   69  547312000
 6  235468000   22  408161000   38  159214000   54  625768000   70  848731000
 7    6975700   23  381434000   39  994452000   55    2741570   71  723933000
 8  180557000   24  728588000   40 1023060000   56  230269000   72  620748000
 9  978191000   25  413334000   41  283735000   57  779412000   73  949340000
10  317258000   26  935935000   42   72662900   58  593854000   74  883398000
11  975396000   27  546908000   43   47405400   59  846693000   75  562874000
12  921897000   28  212962000   44  680188000   60  813362000   76  205639000
13  977065000   29  315898000   45  779760000   61  275852000   77  353438000
14  297538000   30  503422000   46  284601000   62  655227000   78  794486000
15  855069000   31  636030000   47  500876000   63  225945000   79  550579000
16   67981700   32  858315000   48  260970000   64  428396000   80  397524000
;

