_solve_elapsed_time = 0.00891

calculated_sum = 23872500000

target_sum = 23872500000

set_len = 82

x [*] :=
 1 1          18 1          35 1          52 0          69 0
 2 1          19 1          36 1          53 0          70 0
 3 1          20 1          37 1          54 0          71 0
 4 1          21 1          38 1          55 0          72 0
 5 1          22 1          39 1          56 0          73 0
 6 1          23 1          40 1          57 0          74 0
 7 1          24 1          41 1          58 0          75 0
 8 1          25 1          42 0.723545   59 0          76 0
 9 1          26 1          43 0          60 0          77 0
10 1          27 1          44 0          61 0          78 0
11 1          28 1          45 0          62 0          79 0
12 1          29 1          46 0          63 0          80 0
13 1          30 1          47 0          64 0          81 0
14 1          31 1          48 0          65 0          82 0
15 1          32 1          49 0          66 0
16 1          33 1          50 0          67 0
17 1          34 1          51 0          68 0
;

values [*] :=
 1   97808100   18  293594000   35  424383000   52  150063000   69  719870000
 2  567967000   19  145892000   36 1057890000   53  121666000   70  224479000
 3  642355000   20  843152000   37  242045000   54  296569000   71  393176000
 4   32770200   21  265567000   38  412888000   55  277366000   72  350111000
 5  510288000   22  740607000   39  853799000   56  351478000   73  857279000
 6  929276000   23  797470000   40  347600000   57  552638000   74  996724000
 7  670197000   24  816863000   41  248641000   58  826862000   75  694846000
 8  856764000   25  465218000   42  614847000   59   99161000   76 1065760000
 9  414267000   26  932187000   43  712442000   60  136448000   77  547652000
10  523254000   27  788318000   44  755363000   61  980223000   78  903272000
11 1003440000   28   77690500   45  672012000   62 1003160000   79  321005000
12  962262000   29  395389000   46 1017600000   63  602446000   80  572527000
13  285863000   30   71498300   47  278033000   64  245571000   81  739513000
14 1049940000   31   60016300   48  713136000   65  592054000   82 1006740000
15  554636000   32  980528000   49  781873000   66 1003720000
16  374019000   33  873162000   50  674743000   67  678126000
17 1048360000   34  769794000   51  846558000   68  539479000
;

