_solve_elapsed_time = 0.008883

calculated_sum = 24642600000

target_sum = 24642600000

set_len = 82

x [*] :=
 1 1          18 1          35 1          52 0          69 0
 2 1          19 1          36 1          53 0          70 0
 3 1          20 1          37 1          54 0          71 0
 4 1          21 1          38 1          55 0          72 0
 5 1          22 1          39 1          56 0          73 0
 6 1          23 1          40 1          57 0          74 0
 7 1          24 1          41 1          58 0          75 0
 8 1          25 1          42 1          59 0          76 0
 9 1          26 1          43 1          60 0          77 0
10 1          27 1          44 1          61 0          78 0
11 1          28 1          45 1          62 0          79 0
12 1          29 1          46 1          63 0          80 0
13 1          30 1          47 1          64 0          81 0
14 1          31 1          48 0.197623   65 0          82 0
15 1          32 1          49 0          66 0
16 1          33 1          50 0          67 0
17 1          34 1          51 0          68 0
;

values [*] :=
 1  178178000   18  105154000   35  782493000   52 1028500000   69   26782300
 2  198838000   19 1021340000   36  674088000   53  441859000   70  100353000
 3  267730000   20  839488000   37    4507420   54  786351000   71  983058000
 4  546668000   21  395056000   38  772190000   55  851265000   72  998604000
 5  161793000   22  134522000   39  777329000   56  834925000   73  997466000
 6  146584000   23  593703000   40  430782000   57  921558000   74 1001130000
 7  178904000   24   20264400   41  356716000   58  839272000   75  561892000
 8  205230000   25 1063700000   42  479035000   59   13347400   76  806209000
 9  178172000   26  241701000   43  481046000   60  991270000   77  189252000
10  397264000   27  100262000   44  912686000   61  132966000   78  279780000
11  755892000   28 1011080000   45  556026000   62  447147000   79  411170000
12  442061000   29  790540000   46  970534000   63  189233000   80  613331000
13  619312000   30 1001770000   47  423287000   64  396151000   81  941177000
14 1003010000   31  534913000   48  605722000   65  428438000   82  737765000
15 1033410000   32  575695000   49   26780700   66  639673000
16  584058000   33  102676000   50  285348000   67  452961000
17  401756000   34 1071480000   51  873910000   68  107355000
;

