_solve_elapsed_time = 0.00885

calculated_sum = 23141900000

target_sum = 23141900000

set_len = 82

x [*] :=
 1 1         15 1         29 1         43 0         57 0         71 0
 2 1         16 1         30 1         44 0         58 0         72 0
 3 1         17 1         31 1         45 0         59 0         73 0
 4 1         18 1         32 1         46 0         60 0         74 0
 5 1         19 1         33 1         47 0         61 0         75 0
 6 1         20 1         34 1         48 0         62 0         76 0
 7 1         21 1         35 1         49 0         63 0         77 0
 8 1         22 1         36 1         50 0         64 0         78 0
 9 1         23 1         37 1         51 0         65 0         79 0
10 1         24 1         38 1         52 0         66 0         80 0
11 1         25 1         39 1         53 0         67 0         81 0
12 1         26 1         40 1         54 0         68 0         82 0
13 1         27 1         41 0.72478   55 0         69 0
14 1         28 1         42 0         56 0         70 0
;

values [*] :=
 1  515214000   18 1028590000   35  417976000   52   24084100   69  758406000
 2  461479000   19  581210000   36  398310000   53  239109000   70  166445000
 3  215023000   20  935034000   37  996761000   54  148274000   71  547807000
 4  358898000   21  299988000   38  537420000   55  166228000   72  697829000
 5  119567000   22  662715000   39  881476000   56  729790000   73  543815000
 6  120175000   23  592854000   40  560649000   57  966646000   74  283615000
 7  408095000   24 1053500000   41  469848000   58  313145000   75  213998000
 8  691439000   25  217108000   42  592883000   59  490969000   76  493700000
 9  258240000   26  853655000   43  748706000   60  515329000   77  342711000
10  681887000   27  916111000   44  940372000   61  495171000   78  561746000
11  544634000   28  319773000   45  717331000   62  332767000   79  507994000
12  200670000   29  945743000   46   17936200   63  206388000   80  497473000
13  476420000   30  893154000   47  451194000   64  278947000   81 1011440000
14  257826000   31  768385000   48  259529000   65  209641000   82 1068630000
15  624027000   32  897486000   49  435470000   66  652444000
16  378957000   33  862453000   50  616406000   67  399922000
17  688328000   34  180092000   51  930880000   68   77001900
;

