_solve_elapsed_time = 36.5379

calculated_sum = 2.3684e+10

target_sum = 2.3684e+10

set_len = 84

x [*] :=
 1 1    9 1   17 0   25 1   33 1   41 1   49 1   57 0   65 1   73 0   81 1
 2 1   10 0   18 1   26 1   34 1   42 0   50 0   58 0   66 1   74 0   82 1
 3 1   11 0   19 0   27 0   35 0   43 0   51 0   59 0   67 1   75 0   83 1
 4 1   12 0   20 0   28 1   36 1   44 1   52 0   60 0   68 1   76 1   84 0
 5 1   13 1   21 1   29 1   37 0   45 0   53 0   61 0   69 1   77 1
 6 1   14 1   22 1   30 1   38 1   46 0   54 0   62 0   70 1   78 1
 7 1   15 0   23 1   31 1   39 0   47 1   55 1   63 0   71 1   79 1
 8 1   16 0   24 0   32 1   40 1   48 1   56 1   64 0   72 1   80 0
;

values [*] :=
 1  256775000   18  214509000   35  104981000   52   58095300   69  398662000
 2  407800000   19 1043770000   36  955838000   53  520823000   70  406852000
 3  630178000   20 1027640000   37  170651000   54  518571000   71  261661000
 4  538926000   21  805185000   38  831607000   55  294751000   72   43918400
 5  843698000   22   41048600   39  345992000   56  150187000   73  125051000
 6  916981000   23  755206000   40  663344000   57  240826000   74 1040290000
 7  735008000   24  710775000   41  867539000   58  538005000   75  919913000
 8  755274000   25  197686000   42  379063000   59  724043000   76  363223000
 9  546249000   26  538634000   43 1044270000   60 1005010000   77  461963000
10  955906000   27  977274000   44  534760000   61  572141000   78  262616000
11  979968000   28  597075000   45  635744000   62   84032200   79   82762100
12  465755000   29  580779000   46  888093000   63  603891000   80  910878000
13  445985000   30  415893000   47  653306000   64  252269000   81  514639000
14   81814300   31  654689000   48  560478000   65  645266000   82  364652000
15  504983000   32  773947000   49   21278300   66  498910000   83  424573000
16  725344000   33  488206000   50  598302000   67  263485000   84  732525000
17  716238000   34  792434000   51  615342000   68  143726000
;

