_solve_elapsed_time = 0.008664

calculated_sum = 24903100000

target_sum = 24903100000

set_len = 86

x [*] :=
 1 1           19 1           37 1           55 0           73 0
 2 1           20 1           38 1           56 0           74 0
 3 1           21 1           39 1           57 0           75 0
 4 1           22 1           40 1           58 0           76 0
 5 1           23 1           41 1           59 0           77 0
 6 1           24 1           42 1           60 0           78 0
 7 1           25 1           43 1           61 0           79 0
 8 1           26 1           44 1           62 0           80 0
 9 1           27 1           45 1           63 0           81 0
10 1           28 1           46 1           64 0           82 0
11 1           29 1           47 0.0367847   65 0           83 0
12 1           30 1           48 0           66 0           84 0
13 1           31 1           49 0           67 0           85 0
14 1           32 1           50 0           68 0           86 0
15 1           33 1           51 0           69 0
16 1           34 1           52 0           70 0
17 1           35 1           53 0           71 0
18 1           36 1           54 0           72 0
;

values [*] :=
 1  998957000   19  256754000   37  944596000   55  834615000   73  968184000
 2 1069960000   20  706127000   38  648891000   56  533966000   74  543200000
 3  124520000   21  879661000   39  877507000   57  124190000   75  810042000
 4   25754900   22  367423000   40   11318000   58  563862000   76  798698000
 5  308861000   23  226393000   41  861383000   59  575559000   77   45057800
 6  253934000   24  872570000   42  165173000   60  620257000   78   91775100
 7  149304000   25  777785000   43  611147000   61  928346000   79  218630000
 8  798748000   26  392097000   44  355922000   62  698839000   80  664318000
 9  478949000   27  221615000   45  862213000   63  531716000   81  880598000
10   32889500   28 1001060000   46  290159000   64  458599000   82  532196000
11  241898000   29 1072460000   47  610287000   65  252157000   83  707737000
12  907515000   30 1048620000   48  863474000   66 1036920000   84  432571000
13  383663000   31  528111000   49  109771000   67  612723000   85  866184000
14  991390000   32   54809600   50   21607800   68  518156000   86  148582000
15  729050000   33  542834000   51  473373000   69 1073240000
16  344368000   34  207738000   52   87645600   70  124722000
17  395607000   35  963137000   53 1065270000   71  109006000
18  460103000   36  437693000   54  890455000   72  217333000
;

