_solve_elapsed_time = 0.009162

calculated_sum = 27144800000

target_sum = 27144800000

set_len = 88

x [*] :=
 1 1          19 1          37 1          55 0          73 0
 2 1          20 1          38 1          56 0          74 0
 3 1          21 1          39 1          57 0          75 0
 4 1          22 1          40 1          58 0          76 0
 5 1          23 1          41 1          59 0          77 0
 6 1          24 1          42 1          60 0          78 0
 7 1          25 1          43 1          61 0          79 0
 8 1          26 1          44 1          62 0          80 0
 9 1          27 1          45 1          63 0          81 0
10 1          28 1          46 1          64 0          82 0
11 1          29 1          47 0.281988   65 0          83 0
12 1          30 1          48 0          66 0          84 0
13 1          31 1          49 0          67 0          85 0
14 1          32 1          50 0          68 0          86 0
15 1          33 1          51 0          69 0          87 0
16 1          34 1          52 0          70 0          88 0
17 1          35 1          53 0          71 0
18 1          36 1          54 0          72 0
;

values [*] :=
 1  336077000   19  695001000   37  776516000   55   50532800   73  150844000
 2  770447000   20  238884000   38  421317000   56  473502000   74   76855800
 3  414250000   21  901082000   39   27397000   57  705923000   75  317691000
 4   44720500   22  785480000   40 1048970000   58  941432000   76  894446000
 5  246273000   23  819984000   41  189575000   59  814998000   77  445681000
 6  775341000   24  840521000   42  830429000   60  586644000   78  245774000
 7  229107000   25  230065000   43  506230000   61  426767000   79   41097800
 8 1048690000   26  835161000   44  817531000   62  791929000   80  337297000
 9  159391000   27  322035000   45   63013900   63  655529000   81  182286000
10  729852000   28  476387000   46 1060250000   64  378116000   82  576767000
11 1038280000   29  825174000   47  953568000   65  538707000   83  969272000
12  729067000   30 1021290000   48 1025230000   66  602440000   84  963644000
13  753999000   31  158647000   49  905582000   67  585006000   85  950138000
14  662294000   32  100248000   50  684503000   68  782369000   86  799040000
15  778882000   33   10889200   51  958679000   69  905167000   87   63354000
16  296943000   34  991839000   52  615041000   70  502833000   88 1056120000
17  930420000   35  825323000   53   28560100   71  999099000
18  306835000   36  805803000   54   49777400   72  619911000
;

