_solve_elapsed_time = 45.1044

calculated_sum = 24751500000

target_sum = 24751500000

set_len = 90

x [*] :=
 1 1   10 1   19 1   28 1   37 1   46 1   55 1   64 0   73 1   82 0
 2 0   11 1   20 0   29 1   38 1   47 1   56 1   65 0   74 0   83 0
 3 0   12 1   21 1   30 0   39 1   48 0   57 1   66 1   75 0   84 0
 4 1   13 1   22 1   31 1   40 1   49 0   58 0   67 0   76 0   85 1
 5 0   14 0   23 0   32 1   41 0   50 1   59 1   68 0   77 1   86 1
 6 1   15 0   24 0   33 1   42 0   51 0   60 1   69 1   78 0   87 0
 7 1   16 0   25 1   34 0   43 0   52 0   61 1   70 0   79 1   88 1
 8 0   17 1   26 0   35 1   44 1   53 1   62 1   71 1   80 1   89 1
 9 0   18 0   27 1   36 1   45 1   54 0   63 1   72 0   81 0   90 0
;

values [*] :=
 1   92502700   19  936668000   37  908384000   55  449789000   73  240904000
 2   55893400   20 1061840000   38  371657000   56  793787000   74  373823000
 3  793677000   21   99493400   39  116124000   57  281874000   75  917887000
 4  477258000   22  112191000   40  549436000   58  128833000   76  198664000
 5  792454000   23  326988000   41  468235000   59  797933000   77  437993000
 6  761101000   24 1002010000   42  471376000   60  916007000   78  507247000
 7  824930000   25  597210000   43 1028640000   61  566954000   79  621004000
 8  476279000   26  201450000   44  840708000   62   82120200   80  258384000
 9  998258000   27  533481000   45   56676800   63  212028000   81  711910000
10  483066000   28  742482000   46  544375000   64  645459000   82  862550000
11  493251000   29  694957000   47  123869000   65  646278000   83  190639000
12  902965000   30  181924000   48 1057940000   66  936752000   84  609442000
13  382850000   31  379607000   49  472768000   67  743254000   85  550081000
14  445418000   32  753210000   50  569726000   68  757273000   86  577868000
15 1026790000   33  255594000   51  687258000   69  461360000   87  291683000
16  473509000   34   24672800   52 1053820000   70  912421000   88  150755000
17  650289000   35  674248000   53  274546000   71   22407900   89  804193000
18  234423000   36  386475000   54  819225000   72  684362000   90  775992000
;

