_solve_elapsed_time = 22.202

calculated_sum = 26709100000

target_sum = 26709100000

set_len = 90

x [*] :=
 1 1   10 1   19 1   28 1   37 1   46 0   55 0   64 1   73 0   82 0
 2 1   11 1   20 1   29 1   38 1   47 1   56 0   65 0   74 0   83 0
 3 1   12 1   21 1   30 1   39 1   48 1   57 0   66 0   75 0   84 1
 4 1   13 1   22 1   31 0   40 1   49 0   58 0   67 1   76 0   85 0
 5 1   14 0   23 1   32 1   41 0   50 0   59 0   68 1   77 0   86 0
 6 1   15 1   24 1   33 1   42 1   51 0   60 1   69 0   78 1   87 0
 7 1   16 1   25 1   34 0   43 1   52 0   61 1   70 0   79 1   88 1
 8 1   17 0   26 0   35 1   44 0   53 0   62 1   71 0   80 0   89 0
 9 0   18 1   27 1   36 1   45 1   54 1   63 0   72 0   81 0   90 0
;

values [*] :=
 1  126139000   19  391941000   37  944257000   55  834261000   73  567923000
 2  510719000   20  664173000   38  203986000   56  241593000   74  555993000
 3  611873000   21  889257000   39  943897000   57  818466000   75  123744000
 4  817473000   22  682858000   40  425520000   58  708256000   76  494470000
 5  484900000   23  705564000   41  972723000   59  911022000   77   27210800
 6  813240000   24  656335000   42  303007000   60  469043000   78   26032800
 7  912446000   25  587177000   43  481294000   61  714214000   79   35749000
 8  623793000   26  219529000   44 1015090000   62  604612000   80  258119000
 9   92673700   27  289428000   45  187351000   63  492004000   81   40188600
10   16864000   28  772314000   46  736825000   64  207053000   82  530022000
11  918507000   29  947773000   47  182803000   65  743630000   83  662495000
12  149817000   30  785471000   48  935933000   66 1033030000   84  716200000
13  103455000   31  326602000   49  342073000   67  723364000   85  488241000
14 1066220000   32  474442000   50  561527000   68  415038000   86  621003000
15  318819000   33  615888000   51  331236000   69  210452000   87  989718000
16  866181000   34  299993000   52  486198000   70  657276000   88  142044000
17  875915000   35  393407000   53  993721000   71  837368000   89 1017090000
18  925463000   36  891771000   54  100214000   72 1041370000   90  998317000
;

