_solve_elapsed_time = 0.008434

calculated_sum = 2.296e+10

target_sum = 2.296e+10

set_len = 92

x [*] :=
 1 1          20 1          39 1          58 0          77 0
 2 1          21 1          40 1          59 0          78 0
 3 1          22 1          41 0.427312   60 0          79 0
 4 1          23 1          42 0          61 0          80 0
 5 1          24 1          43 0          62 0          81 0
 6 1          25 1          44 0          63 0          82 0
 7 1          26 1          45 0          64 0          83 0
 8 1          27 1          46 0          65 0          84 0
 9 1          28 1          47 0          66 0          85 0
10 1          29 1          48 0          67 0          86 0
11 1          30 1          49 0          68 0          87 0
12 1          31 1          50 0          69 0          88 0
13 1          32 1          51 0          70 0          89 0
14 1          33 1          52 0          71 0          90 0
15 1          34 1          53 0          72 0          91 0
16 1          35 1          54 0          73 0          92 0
17 1          36 1          55 0          74 0
18 1          37 1          56 0          75 0
19 1          38 1          57 0          76 0
;

values [*] :=
 1  829740000   20  910433000   39  346343000   58  284841000   77  343607000
 2  291449000   21  358569000   40  412454000   59  158530000   78  756445000
 3  369929000   22   47532200   41  999921000   60  931744000   79  805578000
 4   58838400   23  815731000   42 1052830000   61  299786000   80  103742000
 5  620035000   24    6040560   43  518850000   62  255306000   81  617789000
 6  888817000   25  736630000   44  375316000   63  191703000   82  111970000
 7  701519000   26   33921200   45 1038770000   64  795924000   83  879487000
 8  326783000   27  264763000   46  168921000   65 1012020000   84  208422000
 9   87113400   28 1019820000   47  324158000   66  322675000   85  254380000
10  920058000   29   98839400   48  777978000   67  105749000   86   54123900
11 1070680000   30  209974000   49  513203000   68   41259900   87  612317000
12  132872000   31  325108000   50  327300000   69  462130000   88  346544000
13  777235000   32  893350000   51  871853000   70  785445000   89  798814000
14 1034440000   33  540774000   52  461297000   71  261038000   90  780784000
15  143061000   34 1070280000   53  441403000   72  134760000   91  375244000
16  846613000   35  870827000   54  422936000   73   47616800   92  461703000
17 1004030000   36  789714000   55  157534000   74   11353200
18  448646000   37  693002000   56  757172000   75   50198300
19  824833000   38  711964000   57  233249000   76  617400000
;

