_solve_elapsed_time = 15.9729

calculated_sum = 26980300000

target_sum = 26980300000

set_len = 92

x [*] :=
 1 1   10 0   19 1   28 1   37 0   46 0   55 0   64 0   73 1   82 0   91 0
 2 1   11 1   20 0   29 1   38 1   47 0   56 0   65 0   74 0   83 1   92 1
 3 1   12 0   21 1   30 1   39 0   48 1   57 0   66 0   75 1   84 0
 4 1   13 1   22 1   31 1   40 1   49 1   58 0   67 1   76 0   85 0
 5 0   14 1   23 1   32 0   41 1   50 0   59 0   68 0   77 0   86 0
 6 0   15 1   24 0   33 1   42 0   51 1   60 0   69 0   78 0   87 0
 7 1   16 1   25 1   34 1   43 0   52 0   61 1   70 1   79 0   88 1
 8 1   17 1   26 1   35 1   44 0   53 1   62 1   71 1   80 0   89 0
 9 1   18 1   27 1   36 1   45 0   54 0   63 1   72 1   81 0   90 0
;

values [*] :=
 1  845010000   20  757517000   39  299150000   58  630727000   77  463221000
 2   44163900   21  646357000   40  624159000   59  468092000   78  110353000
 3  464178000   22  460812000   41  569231000   60  267390000   79 1002450000
 4   34377600   23 1068220000   42  992278000   61   59968200   80  492984000
 5  376142000   24  228946000   43  801478000   62  391157000   81  913219000
 6  188470000   25  897883000   44  476686000   63  769805000   82  321099000
 7  760419000   26  787681000   45  367101000   64  508983000   83  186654000
 8  972838000   27  811441000   46  506781000   65    1605430   84 1040570000
 9  267087000   28  473539000   47  739782000   66  473202000   85  727192000
10  452386000   29  604876000   48  993781000   67  176381000   86  996384000
11  677346000   30   84194200   49  359291000   68  234568000   87  622269000
12  481546000   31  251758000   50 1047560000   69  503638000   88  438968000
13  271063000   32  735921000   51  851810000   70   58360600   89  319375000
14  984297000   33  356329000   52  909743000   71  198532000   90  491786000
15  694058000   34  962301000   53  223265000   72  355900000   91  731878000
16  954853000   35  967331000   54  687366000   73 1028190000   92  190402000
17 1015850000   36 1054620000   55  789988000   74  970062000
18  896585000   37  859209000   56   20813100   75  408120000
19  448019000   38  338869000   57  848732000   76  830230000
;

