_solve_elapsed_time = 0.00884

calculated_sum = 20838100000

target_sum = 20838100000

set_len = 94

x [*] :=
 1 1          20 1          39 1          58 0          77 0
 2 1          21 1          40 0.290136   59 0          78 0
 3 1          22 1          41 0          60 0          79 0
 4 1          23 1          42 0          61 0          80 0
 5 1          24 1          43 0          62 0          81 0
 6 1          25 1          44 0          63 0          82 0
 7 1          26 1          45 0          64 0          83 0
 8 1          27 1          46 0          65 0          84 0
 9 1          28 1          47 0          66 0          85 0
10 1          29 1          48 0          67 0          86 0
11 1          30 1          49 0          68 0          87 0
12 1          31 1          50 0          69 0          88 0
13 1          32 1          51 0          70 0          89 0
14 1          33 1          52 0          71 0          90 0
15 1          34 1          53 0          72 0          91 0
16 1          35 1          54 0          73 0          92 0
17 1          36 1          55 0          74 0          93 0
18 1          37 1          56 0          75 0          94 0
19 1          38 1          57 0          76 0
;

values [*] :=
 1  822516000   20  494459000   39 1061990000   58  169368000   77  693816000
 2  468971000   21  314974000   40  779498000   59  332022000   78  703941000
 3  544804000   22  171790000   41  710091000   60  332500000   79  607203000
 4   91263900   23  761685000   42 1029350000   61  297948000   80  446484000
 5  450917000   24  977825000   43 1043340000   62  692708000   81  503728000
 6  598051000   25   69330200   44  506081000   63  942139000   82  576417000
 7  811510000   26  943900000   45  938650000   64  320461000   83  147202000
 8  550988000   27   91464300   46  279807000   65  728271000   84  611369000
 9  769332000   28  879457000   47  113854000   66  837311000   85  440040000
10  583978000   29  116048000   48  824111000   67  804336000   86  600755000
11  486625000   30  725928000   49  109201000   68 1040270000   87  506695000
12  978062000   31  138404000   50  640263000   69  419275000   88  497559000
13  178147000   32  146022000   51  730455000   70  111893000   89  130399000
14  334386000   33  369513000   52  557861000   71  573618000   90  146416000
15  486567000   34  231960000   53  460845000   72  810998000   91  344127000
16  771005000   35  486791000   54  332664000   73  615489000   92  548541000
17  389609000   36  891938000   55  947136000   74  129200000   93  102648000
18  756942000   37 1025360000   56  121685000   75  550177000   94  166181000
19  446369000   38  193068000   57  894067000   76  753700000
;

