_solve_elapsed_time = 0.009048

calculated_sum = 20689100000

target_sum = 20689100000

set_len = 94

x [*] :=
 1 1          20 1          39 1          58 0          77 0
 2 1          21 1          40 1          59 0          78 0
 3 1          22 1          41 1          60 0          79 0
 4 1          23 1          42 1          61 0          80 0
 5 1          24 1          43 1          62 0          81 0
 6 1          25 1          44 0.693588   63 0          82 0
 7 1          26 1          45 0          64 0          83 0
 8 1          27 1          46 0          65 0          84 0
 9 1          28 1          47 0          66 0          85 0
10 1          29 1          48 0          67 0          86 0
11 1          30 1          49 0          68 0          87 0
12 1          31 1          50 0          69 0          88 0
13 1          32 1          51 0          70 0          89 0
14 1          33 1          52 0          71 0          90 0
15 1          34 1          53 0          72 0          91 0
16 1          35 1          54 0          73 0          92 0
17 1          36 1          55 0          74 0          93 0
18 1          37 1          56 0          75 0          94 0
19 1          38 1          57 0          76 0
;

values [*] :=
 1  266021000   20   51391300   39  699931000   58   66603100   77  750402000
 2  721273000   21  228958000   40  388270000   59   26062400   78  781489000
 3   43095400   22  155415000   41  480087000   60  944145000   79   16725200
 4  955398000   23  313945000   42  902408000   61  318868000   80  127834000
 5  349813000   24  272010000   43  799198000   62  471906000   81  792754000
 6  925072000   25  173665000   44  896345000   63 1056930000   82  430584000
 7  787911000   26  259024000   45  270538000   64  442017000   83  135436000
 8   14333800   27  756273000   46  589476000   65  519947000   84   96013600
 9  577316000   28  672926000   47  994414000   66  330537000   85  760287000
10  245038000   29   37368700   48  576497000   67  624734000   86  840520000
11 1027040000   30  245355000   49  450731000   68  181264000   87 1030850000
12  216263000   31  547431000   50  801637000   69  373786000   88  359774000
13  752931000   32  588775000   51  411828000   70 1001370000   89  727610000
14 1017280000   33  844104000   52  504747000   71  398258000   90  184618000
15  180749000   34   66254700   53    9369180   72  379807000   91  117445000
16   21066500   35  307628000   54  480480000   73  512908000   92  573962000
17   40502100   36  432222000   55  759561000   74  874821000   93  701793000
18  578863000   37  105189000   56  827503000   75  574625000   94  608507000
19 1045230000   38  974367000   57  262198000   76  500128000
;

