_solve_elapsed_time = 25.0549

calculated_sum = 26955800000

target_sum = 26955800000

set_len = 96

x [*] :=
 1 1   10 1   19 0   28 1   37 0   46 0   55 1   64 0   73 1   82 0   91 1
 2 1   11 1   20 0   29 1   38 1   47 0   56 0   65 1   74 1   83 0   92 0
 3 1   12 1   21 1   30 1   39 0   48 1   57 1   66 0   75 1   84 1   93 1
 4 1   13 1   22 1   31 0   40 1   49 1   58 1   67 1   76 0   85 1   94 0
 5 1   14 1   23 1   32 0   41 1   50 0   59 0   68 1   77 1   86 1   95 1
 6 0   15 1   24 1   33 0   42 0   51 1   60 0   69 0   78 1   87 0   96 0
 7 1   16 1   25 1   34 0   43 1   52 1   61 1   70 0   79 1   88 1
 8 0   17 1   26 1   35 1   44 1   53 0   62 0   71 0   80 0   89 1
 9 1   18 0   27 1   36 0   45 1   54 0   63 1   72 0   81 0   90 0
;

values [*] :=
 1  209399000   21  602193000   41  746389000   61  299950000   81  470359000
 2  560867000   22  729510000   42 1010750000   62  879945000   82  927245000
 3   25561600   23  546056000   43  715888000   63  568065000   83 1003180000
 4  205266000   24   17343800   44  480246000   64  318054000   84  602123000
 5  261206000   25  531175000   45  429416000   65  503620000   85  334071000
 6  188539000   26  604142000   46  871775000   66  876460000   86  406627000
 7  637921000   27  602673000   47  201279000   67  511139000   87 1005490000
 8  929067000   28  480407000   48  811442000   68  414033000   88  453532000
 9  717699000   29  579968000   49  365854000   69  639274000   89   90649100
10   96152300   30  107103000   50  223820000   70  694563000   90  675504000
11   96510000   31  753432000   51  528066000   71  423218000   91 1067540000
12  934336000   32  237255000   52  911800000   72   32675500   92  931759000
13  394286000   33  233444000   53  361621000   73  633284000   93  205295000
14  383075000   34  848743000   54  372799000   74  377378000   94  776729000
15   96820400   35  174917000   55  602714000   75  402727000   95  235250000
16  520039000   36  954017000   56  302248000   76  135734000   96  881456000
17  558883000   37  824155000   57  858715000   77  394140000
18  273210000   38  229363000   58  119365000   78  364146000
19  321301000   39  435565000   59  758925000   79  836570000
20  915163000   40  782947000   60   40170400   80  789221000
;

