_solve_elapsed_time = 0.008859

calculated_sum = 27210700000

target_sum = 27210700000

set_len = 98

x [*] :=
 1 1          21 1          41 1          61 0          81 0
 2 1          22 1          42 1          62 0          82 0
 3 1          23 1          43 1          63 0          83 0
 4 1          24 1          44 1          64 0          84 0
 5 1          25 1          45 1          65 0          85 0
 6 1          26 1          46 1          66 0          86 0
 7 1          27 1          47 1          67 0          87 0
 8 1          28 1          48 1          68 0          88 0
 9 1          29 1          49 1          69 0          89 0
10 1          30 1          50 0.920606   70 0          90 0
11 1          31 1          51 0          71 0          91 0
12 1          32 1          52 0          72 0          92 0
13 1          33 1          53 0          73 0          93 0
14 1          34 1          54 0          74 0          94 0
15 1          35 1          55 0          75 0          95 0
16 1          36 1          56 0          76 0          96 0
17 1          37 1          57 0          77 0          97 0
18 1          38 1          58 0          78 0          98 0
19 1          39 1          59 0          79 0
20 1          40 1          60 0          80 0
;

values [*] :=
 1  653976000   21  734810000   41  727583000   61  825178000   81  682255000
 2  238601000   22   15598000   42  107078000   62  154922000   82  508794000
 3  707033000   23  940878000   43  429061000   63  787391000   83   66021600
 4   13108100   24  372007000   44 1033640000   64  385596000   84   61768500
 5  406610000   25  633345000   45  967296000   65  902840000   85  577234000
 6  463127000   26  706895000   46  965627000   66 1053190000   86  522439000
 7  695096000   27  696318000   47  139600000   67  422614000   87  311562000
 8  922890000   28  573431000   48  532406000   68  207083000   88  870040000
 9  827151000   29  672454000   49  360031000   69  847013000   89 1008070000
10  496825000   30  462900000   50  431997000   70  746761000   90   23341400
11  919923000   31  709683000   51 1050450000   71  486967000   91  483338000
12  607079000   32  235093000   52  348459000   72   79150400   92   16101000
13  413351000   33  741319000   53  688069000   73  269094000   93  795215000
14  735525000   34    2853430   54  632925000   74  933567000   94  895741000
15  877988000   35   84524400   55  464594000   75  998005000   95  621068000
16  626831000   36  160037000   56 1033470000   76  617940000   96  460374000
17  121307000   37  572288000   57  968733000   77  149579000   97 1023360000
18  233950000   38  374011000   58  903220000   78  293943000   98  552840000
19  714544000   39  868599000   59  682451000   79  762313000
20  915345000   40  403359000   60  970320000   80  990153000
;

