_solve_elapsed_time = 0.009001

calculated_sum = 28370700000

target_sum = 28370700000

set_len = 98

x [*] :=
 1 1          21 1          41 1          61 0          81 0
 2 1          22 1          42 1          62 0          82 0
 3 1          23 1          43 1          63 0          83 0
 4 1          24 1          44 1          64 0          84 0
 5 1          25 1          45 1          65 0          85 0
 6 1          26 1          46 1          66 0          86 0
 7 1          27 1          47 0.970309   67 0          87 0
 8 1          28 1          48 0          68 0          88 0
 9 1          29 1          49 0          69 0          89 0
10 1          30 1          50 0          70 0          90 0
11 1          31 1          51 0          71 0          91 0
12 1          32 1          52 0          72 0          92 0
13 1          33 1          53 0          73 0          93 0
14 1          34 1          54 0          74 0          94 0
15 1          35 1          55 0          75 0          95 0
16 1          36 1          56 0          76 0          96 0
17 1          37 1          57 0          77 0          97 0
18 1          38 1          58 0          78 0          98 0
19 1          39 1          59 0          79 0
20 1          40 1          60 0          80 0
;

values [*] :=
 1  916638000           34  872683000           67  988838000
 2  730149000           35  351749000           68  366881000
 3  333991000           36   67035500           69  880812000
 4  293657000           37  986104000           70  570939000
 5  287609000           38 1034330000           71   21510800
 6 1001670000           39  587399000           72  306774000
 7  866094000           40  137084000           73  312080000
 8  355217000           41  953710000           74  187385000
 9  870261000           42  373828000           75  268726000
10  139840000           43  943908000           76  512345000
11   82056600           44 1001680000           77  141617000
12  679880000           45  993308000           78  652874000
13  369197000           46  554129000           79  572691000
14  851050000           47 1001810000           80  821543000
15  781515000           48  220461000           81  501966000
16  385673000           49  393070000           82  537049000
17   27096400           50  732901000           83  435946000
18  854079000           51 1053730000           84 1013980000
19  956791000           52  941830000           85  717830000
20  974603000           53  458915000           86  576422000
21  178557000           54  556542000           87  576399000
22  157969000           55  142694000           88  911759000
23 1020460000           56 1003670000           89  716635000
24  798565000           57  859352000           90   30800200
25   25506300           58  636578000           91  105094000
26  290945000           59  651644000           92  333605000
27  657833000           60   46877200           93  597471000
28  614848000           61  746766000           94  634254000
29  448779000           62 1004490000           95  607726000
30  364212000           63  415129000           96  684537000
31 1021650000           64  692897000           97  929604000
32  193526000           65  291847000           98  458309000
33 1011770000           66          1.018e+09
;

