_solve_elapsed_time = 0.009117

calculated_sum = 26175300000

target_sum = 26175300000

set_len = 98

x [*] :=
 1 1          21 1          41 1          61 0          81 0
 2 1          22 1          42 1          62 0          82 0
 3 1          23 1          43 1          63 0          83 0
 4 1          24 1          44 1          64 0          84 0
 5 1          25 1          45 1          65 0          85 0
 6 1          26 1          46 1          66 0          86 0
 7 1          27 1          47 0.187486   67 0          87 0
 8 1          28 1          48 0          68 0          88 0
 9 1          29 1          49 0          69 0          89 0
10 1          30 1          50 0          70 0          90 0
11 1          31 1          51 0          71 0          91 0
12 1          32 1          52 0          72 0          92 0
13 1          33 1          53 0          73 0          93 0
14 1          34 1          54 0          74 0          94 0
15 1          35 1          55 0          75 0          95 0
16 1          36 1          56 0          76 0          96 0
17 1          37 1          57 0          77 0          97 0
18 1          38 1          58 0          78 0          98 0
19 1          39 1          59 0          79 0
20 1          40 1          60 0          80 0
;

values [*] :=
 1  407505000   21  567969000   41  519917000   61  556622000   81  612094000
 2  111216000   22  696833000   42  794030000   62  909415000   82  751666000
 3  578318000   23 1030770000   43  435582000   63   60274900   83  952497000
 4  866172000   24  965250000   44  446825000   64  166090000   84  442003000
 5  931031000   25  407498000   45  842568000   65  978243000   85  698421000
 6  680543000   26  858839000   46  927418000   66  312268000   86   89082000
 7  168072000   27  263395000   47  456101000   67  155787000   87  837555000
 8  577904000   28  945870000   48  306890000   68  821167000   88  382302000
 9  527190000   29  402800000   49  752185000   69  982677000   89  487498000
10  887219000   30  457913000   50 1031430000   70   82107200   90  794599000
11  470060000   31   85771600   51  323046000   71 1070050000   91  965615000
12  863903000   32  865426000   52  290050000   72  153619000   92  657616000
13  560577000   33  278098000   53  965834000   73  762344000   93  598867000
14 1006920000   34  696246000   54  528468000   74  317333000   94  932184000
15   81667400   35  481237000   55  283187000   75 1003010000   95  314091000
16  534042000   36  702770000   56  149446000   76  329398000   96 1064210000
17  680397000   37  572958000   57  350296000   77  259954000   97  289009000
18  142815000   38  314608000   58  599330000   78  855133000   98  371115000
19   88375000   39  583206000   59  672617000   79  208434000
20  419263000   40  362841000   60   86699800   80  367569000
;

