_solve_elapsed_time = 5.71912

calculated_sum = 28870800000

target_sum = 28870800000

set_len = 100

x [*] :=
  1 1    11 0    21 1    31 0    41 1    51 1    61 1    71 1    81 0    91 0
  2 0    12 1    22 1    32 1    42 0    52 0    62 0    72 1    82 0    92 0
  3 1    13 0    23 1    33 0    43 1    53 1    63 1    73 1    83 0    93 0
  4 0    14 1    24 0    34 1    44 1    54 1    64 1    74 0    84 0    94 1
  5 0    15 1    25 1    35 0    45 1    55 0    65 1    75 1    85 1    95 1
  6 0    16 1    26 1    36 0    46 1    56 0    66 1    76 0    86 1    96 1
  7 1    17 1    27 0    37 0    47 1    57 1    67 0    77 1    87 1    97 0
  8 1    18 0    28 1    38 0    48 0    58 1    68 0    78 0    88 0    98 0
  9 1    19 0    29 1    39 0    49 1    59 1    69 1    79 1    89 1    99 1
 10 0    20 1    30 1    40 0    50 0    60 0    70 0    80 0    90 1   100 0
;

values [*] :=
  1  786413000    26  152422000    51  443239000    76  390105000
  2   50665200    27  578146000    52  287400000    77   96778800
  3  811196000    28  533139000    53  469129000    78  953175000
  4  271586000    29  784254000    54  646735000    79  502278000
  5  940606000    30  259828000    55  584674000    80  952050000
  6   31354200    31  888839000    56  127753000    81  857157000
  7  733939000    32  562104000    57  669676000    82  825861000
  8  231746000    33   50013500    58  561083000    83  824276000
  9  416087000    34  193921000    59  476233000    84  398157000
 10  270904000    35  718679000    60  778242000    85  649087000
 11 1024920000    36  936901000    61  495313000    86  596603000
 12  435249000    37 1040060000    62  940369000    87  522332000
 13  398830000    38 1057520000    63  521237000    88 1033170000
 14  770693000    39   37257800    64  910815000    89  640824000
 15  399650000    40 1050520000    65  698346000    90 1069720000
 16  406646000    41  529390000    66  671966000    91 1054010000
 17  146986000    42  280831000    67  278741000    92  722060000
 18  944050000    43  249602000    68  280620000    93   51875500
 19  271335000    44     988397    69  256752000    94  916880000
 20   76962500    45  478505000    70  375026000    95 1071930000
 21  628949000    46  594967000    71  596581000    96  417213000
 22  381609000    47  364139000    72  660973000    97  402201000
 23  795948000    48  894001000    73  201486000    98  881517000
 24  334440000    49  418329000    74  791429000    99 1069550000
 25  442491000    50  887314000    75  451864000   100  864430000
;

