_solve_elapsed_time = 14.2033

calculated_sum = 25188900000

target_sum = 25188900000

set_len = 100

x [*] :=
  1 1    11 1    21 0    31 0    41 1    51 0    61 0    71 1    81 0    91 1
  2 1    12 1    22 1    32 1    42 1    52 0    62 0    72 1    82 1    92 0
  3 1    13 1    23 1    33 1    43 0    53 0    63 0    73 0    83 1    93 0
  4 0    14 1    24 1    34 0    44 1    54 0    64 0    74 0    84 0    94 0
  5 0    15 1    25 1    35 1    45 1    55 1    65 0    75 1    85 1    95 0
  6 0    16 1    26 1    36 1    46 1    56 1    66 0    76 1    86 0    96 1
  7 0    17 1    27 1    37 0    47 1    57 1    67 1    77 0    87 0    97 0
  8 1    18 1    28 0    38 1    48 1    58 1    68 1    78 1    88 1    98 0
  9 1    19 1    29 1    39 1    49 0    59 1    69 0    79 1    89 0    99 0
 10 1    20 1    30 1    40 1    50 0    60 0    70 1    80 0    90 0   100 0
;

values [*] :=
  1 1012980000    26  588095000    51  590064000    76  965064000
  2  151132000    27  273489000    52  314443000    77  499275000
  3  232798000    28  806111000    53  978307000    78  239090000
  4  797156000    29  361098000    54  742773000    79  136120000
  5  179493000    30  708702000    55  568837000    80   75940500
  6  814087000    31  842309000    56   30643100    81  984818000
  7 1067310000    32  269902000    57  686834000    82  295443000
  8  556927000    33  642396000    58  299437000    83   95076300
  9  948567000    34  658366000    59   50101400    84  991069000
 10  266584000    35  593322000    60 1015950000    85  108915000
 11  942846000    36  434518000    61  734043000    86  837986000
 12   24483000    37  886984000    62  886900000    87  211799000
 13  377226000    38  337100000    63  451725000    88  652117000
 14  531841000    39  697102000    64  641123000    89  712179000
 15  551056000    40  219478000    65    9059650    90   89754400
 16  792601000    41  454838000    66  428359000    91  424748000
 17  522540000    42  655085000    67    4115090    92  719202000
 18  405584000    43  802433000    68  146904000    93  933920000
 19  541250000    44  387658000    69  817495000    94  366824000
 20  356474000    45  807641000    70  155291000    95  231441000
 21  733235000    46   89012800    71 1041640000    96  151944000
 22  131346000    47  172880000    72  238653000    97  731487000
 23  395177000    48 1001430000    73  207492000    98  466443000
 24  480135000    49  307231000    74  543868000    99  655955000
 25  405423000    50  839482000    75  577257000   100  296373000
;

