_solve_elapsed_time = 0.241308

calculated_sum = 4713660000

target_sum = 4713660000

set_len = 20

x [*] :=
 1  1
 2  0
 3  0
 4  1
 5  1
 6  1
 7  0
 8  1
 9  0
10  0
11  0
12  1
13  1
14  0
15  0
16  0
17  1
18  1
19  0
20  1
;

values [*] :=
 1   718073000
 2   642518000
 3   369223000
 4   680097000
 5   722716000
 6   105713000
 7   792990000
 8   158358000
 9   726390000
10   467012000
11   193391000
12   333660000
13   615958000
14   619475000
15   441788000
16   258811000
17  1009640000
18    96686400
19   195167000
20   272756000
;

