_solve_elapsed_time = 3.90806

calculated_sum = 9940400000

target_sum = 9940400000

set_len = 36

x [*] :=
 1 0    5 0    9 1   13 1   17 0   21 0   25 0   29 0   33 1
 2 1    6 1   10 0   14 0   18 1   22 0   26 0   30 1   34 1
 3 1    7 0   11 0   15 0   19 0   23 1   27 0   31 1   35 1
 4 1    8 1   12 1   16 1   20 1   24 0   28 0   32 0   36 0
;

values [*] :=
 1  514891000    9  367696000   17  699791000   25  635024000   33  754077000
 2  298846000   10  887948000   18  945111000   26  130160000   34  796803000
 3  854415000   11 1026170000   19    7753720   27  349378000   35  801315000
 4  316184000   12  738255000   20 1024410000   28  374668000   36  107625000
 5  384756000   13  445872000   21  687577000   29  782965000
 6  210321000   14   13563700   22  487688000   30  591581000
 7 1050620000   15  223087000   23  305865000   31  738317000
 8  413202000   16  338124000   24  366066000   32 1030880000
;

