_solve_elapsed_time = 100.565

calculated_sum = 11211600000

target_sum = 11211600000

set_len = 38

x [*] :=
 1 1    5 0    9 1   13 1   17 1   21 1   25 0   29 1   33 0   37 1
 2 0    6 0   10 1   14 1   18 0   22 1   26 1   30 1   34 1   38 0
 3 1    7 1   11 1   15 1   19 1   23 1   27 1   31 0   35 1
 4 1    8 0   12 1   16 0   20 0   24 0   28 1   32 0   36 1
;

values [*] :=
 1  816492000    9   38498100   17  916092000   25  328132000   33  328527000
 2  797844000   10  618268000   18  887392000   26  178554000   34  230095000
 3  116394000   11  849918000   19  906064000   27  249724000   35 1031640000
 4  149394000   12  847887000   20  803932000   28  206730000   36  947364000
 5  571237000   13  408344000   21  124928000   29  422331000   37  541055000
 6  766841000   14  152397000   22   46770400   30  525830000   38  890814000
 7  648008000   15  214100000   23   24762300   31  359721000
 8  699762000   16    3451650   24  511435000   32  794602000
;

