_solve_elapsed_time = 1582.13

calculated_sum = 10264900000

target_sum = 10264900000

set_len = 40

x [*] :=
 1 1    5 1    9 0   13 0   17 0   21 1   25 1   29 0   33 1   37 0
 2 1    6 0   10 0   14 0   18 0   22 1   26 1   30 1   34 1   38 0
 3 1    7 1   11 0   15 0   19 1   23 0   27 0   31 1   35 0   39 1
 4 0    8 1   12 0   16 0   20 1   24 1   28 1   32 0   36 1   40 1
;

values [*] :=
 1  367077000    9  130491000   17 1057620000   25  390058000   33  489027000
 2   91965900   10   34832800   18  958657000   26  964444000   34  643997000
 3  889697000   11 1052920000   19  430667000   27  529816000   35  184240000
 4  782509000   12  494339000   20  387813000   28   43158600   36  847730000
 5 1056290000   13  816700000   21  363359000   29  489404000   37  889948000
 6  312485000   14   99048900   22  740532000   30  803070000   38  657367000
 7   11605300   15  269869000   23  983005000   31  389384000   39  243202000
 8   83818500   16  521612000   24  747322000   32  875746000   40  280701000
;

