_solve_elapsed_time = 9.60813

calculated_sum = 12150500000

target_sum = 12150500000

set_len = 42

x [*] :=
 1 1    5 1    9 0   13 1   17 0   21 1   25 0   29 1   33 1   37 1   41 1
 2 0    6 1   10 1   14 1   18 0   22 0   26 1   30 1   34 1   38 0   42 0
 3 0    7 0   11 1   15 0   19 1   23 0   27 0   31 1   35 1   39 1
 4 0    8 1   12 1   16 0   20 1   24 1   28 1   32 1   36 1   40 0
;

values [*] :=
 1  359863000   10 1006640000   19  223522000   28  272493000   37  854486000
 2  707510000   11  212687000   20  453746000   29   20500500   38  373125000
 3  621947000   12  387364000   21  383711000   30   22239000   39  461127000
 4  862950000   13  211070000   22  889483000   31  848894000   40 1044500000
 5  188079000   14  544988000   23  801567000   32 1027440000   41  325909000
 6  747473000   15  653241000   24  287649000   33  479389000   42  576154000
 7 1064060000   16 1041380000   25  927590000   34  876042000
 8  179953000   17  455396000   26  122194000   35 1052770000
 9  446500000   18    2557190   27  633299000   36  600269000
;

