_solve_elapsed_time = 2.5311

calculated_sum = 10439200000

target_sum = 10439200000

set_len = 44

x [*] :=
 1 0    5 0    9 1   13 1   17 1   21 1   25 0   29 1   33 0   37 1   41 0
 2 1    6 0   10 1   14 1   18 0   22 0   26 1   30 0   34 0   38 1   42 0
 3 1    7 0   11 0   15 1   19 0   23 0   27 1   31 1   35 1   39 0   43 1
 4 0    8 0   12 1   16 0   20 1   24 1   28 1   32 0   36 0   40 1   44 0
;

values [*] :=
 1   60493400   10  232294000   19  455949000   28   57319300   37  547088000
 2  533955000   11 1033650000   20  563777000   29    5080580   38  506741000
 3  502047000   12  134679000   21  228481000   30   45295200   39  391790000
 4  284467000   13 1009910000   22  978802000   31  211063000   40  402538000
 5  241467000   14  321299000   23   83237000   32  157140000   41  318916000
 6  486464000   15  585534000   24  557933000   33  680165000   42  426588000
 7  245251000   16  474683000   25  221565000   34  730745000   43  327974000
 8  263392000   17  299685000   26  671940000   35  756023000   44  167615000
 9 1067620000   18  261511000   27  916188000   36  409462000
;

