_solve_elapsed_time = 28.689

calculated_sum = 1.1299e+10

target_sum = 1.1299e+10

set_len = 48

x [*] :=
 1 1    6 1   11 1   16 0   21 1   26 0   31 0   36 0   41 0   46 1
 2 1    7 0   12 1   17 0   22 1   27 0   32 1   37 0   42 0   47 1
 3 1    8 0   13 1   18 0   23 0   28 1   33 0   38 1   43 1   48 0
 4 1    9 0   14 0   19 1   24 0   29 0   34 1   39 0   44 0
 5 1   10 0   15 1   20 1   25 0   30 0   35 0   40 0   45 0
;

values [*] :=
 1  491981000   11  818920000   21  711722000   31  126701000   41  324525000
 2  203339000   12 1065910000   22  719115000   32  311065000   42  437878000
 3  347902000   13 1024710000   23  699006000   33  562565000   43  397429000
 4  321907000   14  899417000   24  383956000   34  318074000   44   56755200
 5  255550000   15  819454000   25  699457000   35  188093000   45  446829000
 6  658615000   16  994149000   26  319249000   36  563630000   46 1050200000
 7  595080000   17  779533000   27  745706000   37   16094900   47  496663000
 8  402489000   18  341771000   28  146094000   38  439035000   48  830190000
 9  494022000   19    3730930   29    6173520   39  596399000
10  446071000   20  697554000   30  836409000   40  298211000
;

