_solve_elapsed_time = 6.60549

calculated_sum = 14239600000

target_sum = 14239600000

set_len = 52

x [*] :=
 1 0    6 0   11 1   16 0   21 0   26 1   31 1   36 1   41 1   46 1   51 1
 2 1    7 0   12 0   17 1   22 0   27 1   32 0   37 1   42 1   47 1   52 1
 3 1    8 1   13 0   18 0   23 1   28 0   33 1   38 0   43 1   48 1
 4 0    9 1   14 0   19 0   24 0   29 0   34 1   39 1   44 0   49 0
 5 0   10 0   15 1   20 1   25 1   30 0   35 1   40 1   45 0   50 0
;

values [*] :=
 1   24995100   12 1024080000   23  221665000   34  549329000   45  873174000
 2  715717000   13  241931000   24  393313000   35   62950400   46   25522700
 3  810902000   14   87452200   25  925497000   36  550673000   47  931002000
 4  782583000   15  746740000   26  275466000   37  498301000   48  586784000
 5 1044930000   16  172801000   27  782473000   38  394778000   49  703814000
 6  242931000   17  515846000   28  990878000   39  456480000   50 1034600000
 7  533010000   18  398307000   29  696776000   40  510094000   51  625302000
 8  738615000   19  995706000   30  229808000   41  633284000   52  518380000
 9  115723000   20   77998500   31  621629000   42  423087000
10  482690000   21  757182000   32  889215000   43  433407000
11   26510100   22   99935300   33  860242000   44  134985000
;

