_solve_elapsed_time = 2.5742

calculated_sum = 18024600000

target_sum = 18024600000

set_len = 58

x [*] :=
 1 1    7 0   13 1   19 0   25 0   31 1   37 1   43 1   49 0   55 1
 2 1    8 1   14 0   20 1   26 0   32 1   38 1   44 1   50 0   56 1
 3 1    9 1   15 0   21 0   27 0   33 0   39 1   45 1   51 0   57 0
 4 1   10 1   16 1   22 0   28 0   34 1   40 1   46 1   52 0   58 0
 5 1   11 1   17 1   23 1   29 0   35 1   41 1   47 0   53 1
 6 1   12 0   18 0   24 1   30 0   36 1   42 0   48 0   54 1
;

values [*] :=
 1  558392000          21   42510400          41  837565000
 2 1072480000          22 1045090000          42  872640000
 3  206219000          23  361885000          43  381755000
 4  489401000          24  133416000          44 1034440000
 5  402013000          25  670196000          45  458522000
 6  472433000          26  810143000          46   13517600
 7  588594000          27  836881000          47  343428000
 8  188494000          28 1012170000          48   54633900
 9  746752000          29  591391000          49  919363000
10  948881000          30 1003080000          50  767566000
11  965010000          31          7.57e+08   51  820620000
12   81139100          32 1058560000          52  619812000
13   77628300          33  998473000          53  917225000
14  551031000          34  726967000          54  363357000
15  500631000          35    5388020          55  727573000
16  161752000          36  481596000          56  314060000
17  476743000          37  546317000          57  184203000
18  278422000          38  377770000          58  675332000
19  995056000          39  917533000
20  352226000          40  491775000
;

