_solve_elapsed_time = 148.999

calculated_sum = 16716100000

target_sum = 16716100000

set_len = 62

x [*] :=
 1 0    7 0   13 0   19 1   25 1   31 0   37 0   43 0   49 1   55 0   61 0
 2 1    8 1   14 0   20 1   26 0   32 1   38 0   44 0   50 1   56 0   62 1
 3 1    9 1   15 1   21 0   27 0   33 0   39 1   45 0   51 1   57 0
 4 1   10 1   16 0   22 1   28 1   34 1   40 0   46 0   52 0   58 0
 5 1   11 1   17 1   23 0   29 0   35 0   41 1   47 0   53 1   59 0
 6 0   12 1   18 0   24 0   30 1   36 0   42 1   48 0   54 0   60 0
;

values [*] :=
 1  829891000   14  899888000   27  787530000   40 1052570000   53  416514000
 2  973846000   15  886057000   28  919749000   41   84479100   54  480920000
 3  945295000   16   93733200   29  622404000   42  840825000   55  826386000
 4  746895000   17 1033870000   30  661117000   43 1008450000   56  164593000
 5  980113000   18  703077000   31  423216000   44  422017000   57  374914000
 6 1032360000   19 1005930000   32  189515000   45  502111000   58  780527000
 7  406105000   20  468082000   33  938269000   46  608490000   59  747789000
 8  332374000   21  728614000   34  637846000   47  368139000   60 1061930000
 9  612164000   22  824845000   35  319632000   48  479413000   61 1042730000
10  336265000   23 1051910000   36  350002000   49  962698000   62  646704000
11   84035400   24  282206000   37  777891000   50  168474000
12  887723000   25  500470000   38  358351000   51  191487000
13  218736000   26  824375000   39  378752000   52  361483000
;

