_solve_elapsed_time = 11.3906

calculated_sum = 15417300000

target_sum = 15417300000

set_len = 64

x [*] :=
 1 1    7 1   13 1   19 1   25 0   31 1   37 0   43 0   49 0   55 1   61 1
 2 1    8 1   14 1   20 0   26 1   32 1   38 0   44 0   50 1   56 0   62 0
 3 1    9 0   15 0   21 0   27 1   33 0   39 1   45 0   51 1   57 1   63 1
 4 0   10 0   16 1   22 1   28 1   34 1   40 0   46 0   52 1   58 1   64 1
 5 1   11 0   17 0   23 1   29 1   35 0   41 1   47 0   53 0   59 1
 6 0   12 0   18 1   24 0   30 1   36 1   42 1   48 0   54 0   60 1
;

values [*] :=
 1  171292000   14  381696000   27  460916000   40   96818700   53  703220000
 2  682362000   15  775107000   28  843266000   41  778895000   54  551451000
 3  465159000   16  452068000   29  108197000   42   47456300   55  637634000
 4 1056100000   17  347557000   30  190477000   43  691749000   56  495751000
 5   91459300   18   62301700   31   60104900   44  965937000   57  236139000
 6  665430000   19   25459500   32  190070000   45  707612000   58  487292000
 7  631967000   20  443271000   33  942322000   46  883517000   59  129044000
 8  637830000   21  761732000   34  244330000   47  697872000   60  627142000
 9  728076000   22  406091000   35 1071700000   48  180094000   61  610611000
10  853072000   23  791456000   36  406324000   49  567553000   62  224884000
11  801214000   24 1066430000   37  654049000   50  579524000   63  482640000
12  799493000   25  155860000   38  983061000   51  955116000   64  707017000
13  623486000   26  459749000   39  688057000   52   64684900
;

