_solve_elapsed_time = 8.6337

calculated_sum = 20827500000

target_sum = 20827500000

set_len = 68

x [*] :=
 1 1    8 1   15 1   22 0   29 0   36 1   43 1   50 1   57 0   64 0
 2 0    9 1   16 0   23 0   30 0   37 1   44 0   51 1   58 0   65 0
 3 0   10 1   17 1   24 1   31 0   38 0   45 0   52 0   59 0   66 0
 4 1   11 1   18 1   25 1   32 1   39 0   46 1   53 0   60 1   67 1
 5 1   12 0   19 1   26 1   33 0   40 0   47 1   54 1   61 1   68 1
 6 1   13 1   20 0   27 1   34 1   41 0   48 0   55 1   62 0
 7 1   14 1   21 0   28 0   35 1   42 0   49 1   56 0   63 1
;

values [*] :=
 1   38124400   15  554305000   29  202716000   43  990037000   57  273831000
 2  181783000   16  511813000   30  908950000   44  431601000   58  873669000
 3  195189000   17   62687700   31  562747000   45  595418000   59  716693000
 4  855764000   18  477050000   32  973642000   46  960778000   60  527116000
 5  913294000   19  540743000   33  390099000   47  379832000   61 1007030000
 6  188791000   20  401594000   34   22046400   48  657662000   62  355004000
 7  485629000   21  888289000   35 1051240000   49  137332000   63  748851000
 8  444098000   22  995143000   36  855682000   50  200050000   64  877681000
 9  752055000   23   62682800   37  945741000   51  518370000   65  229100000
10   47248300   24  858024000   38  314790000   52  424073000   66  882895000
11  567507000   25    5214400   39  255460000   53  365181000   67  477310000
12  938589000   26  784619000   40  447933000   54   90849600   68  583636000
13  406241000   27  736350000   41  300263000   55  570291000
14 1069930000   28  428090000   42  879540000   56  697078000
;

