_solve_elapsed_time = 0.220418

calculated_sum = 17836200000

target_sum = 17836200000

set_len = 70

x [*] :=
 1 1    8 1   15 1   22 1   29 0   36 0   43 1   50 1   57 0   64 0
 2 0    9 1   16 1   23 1   30 1   37 1   44 0   51 0   58 0   65 0
 3 1   10 0   17 1   24 1   31 1   38 1   45 1   52 0   59 0   66 1
 4 0   11 0   18 0   25 1   32 1   39 0   46 1   53 0   60 0   67 1
 5 1   12 1   19 1   26 1   33 1   40 0   47 0   54 0   61 0   68 0
 6 1   13 0   20 0   27 1   34 0   41 1   48 1   55 1   62 0   69 0
 7 1   14 1   21 0   28 0   35 1   42 0   49 0   56 0   63 0   70 1
;

values [*] :=
 1  834107000   15  284900000   29  988266000   43    1248430   57  855150000
 2  140723000   16  867396000   30  869472000   44  234595000   58  888651000
 3   70237600   17  546679000   31  779702000   45  527801000   59   43350200
 4  924945000   18  116833000   32   36554300   46 1018130000   60  549800000
 5 1010190000   19   77228100   33  459940000   47  391148000   61  888141000
 6  764949000   20 1018910000   34  793678000   48  572057000   62  970383000
 7  164586000   21  370170000   35  324166000   49  169374000   63  250843000
 8  829340000   22  668937000   36  766212000   50  490404000   64  864884000
 9  317527000   23  844267000   37 1047180000   51  543899000   65  284782000
10  579673000   24  896516000   38 1029050000   52  723988000   66   29187700
11  664561000   25  462841000   39 1008570000   53  754114000   67   65404900
12  929845000   26  350996000   40  445822000   54  237981000   68  819229000
13  681762000   27  280982000   41   57187600   55   47300100   69  778786000
14  202700000   28  150252000   42  862757000   56  315621000   70   77165100
;

