_solve_elapsed_time = 1.17439

calculated_sum = 21832600000

target_sum = 21832600000

set_len = 76

x [*] :=
 1 1    8 0   15 0   22 1   29 1   36 1   43 1   50 1   57 1   64 1   71 1
 2 1    9 1   16 0   23 0   30 1   37 1   44 1   51 1   58 1   65 0   72 0
 3 1   10 1   17 1   24 1   31 1   38 1   45 0   52 0   59 1   66 1   73 1
 4 1   11 0   18 1   25 1   32 0   39 1   46 1   53 0   60 0   67 0   74 0
 5 0   12 1   19 1   26 0   33 0   40 1   47 1   54 1   61 1   68 0   75 1
 6 1   13 0   20 1   27 1   34 1   41 1   48 1   55 0   62 1   69 1   76 1
 7 1   14 0   21 1   28 0   35 1   42 0   49 0   56 1   63 1   70 0
;

values [*] :=
 1  548827000   17  689551000   33 1061380000   49 1026890000   65 1067630000
 2  986412000   18  333180000   34  329006000   50  213952000   66  599709000
 3  241986000   19  188590000   35  553464000   51  176913000   67  295945000
 4  224444000   20   52381400   36  196069000   52 1055300000   68  216657000
 5  917679000   21   12447800   37   31355700   53  170931000   69   32837000
 6  483400000   22  208938000   38  441190000   54  562402000   70  639555000
 7  592201000   23  310573000   39  401715000   55  956873000   71   68014300
 8  102226000   24  395731000   40    2523810   56  665569000   72   80473100
 9  703244000   25  441177000   41  322766000   57   35328100   73  284462000
10  594319000   26  997163000   42   74678900   58  802132000   74  392277000
11  909561000   27  929177000   43  656635000   59  545379000   75  246499000
12  514505000   28  947200000   44  624971000   60  955185000   76  723626000
13   69120800   29  234374000   45  820707000   61  670561000
14  236398000   30  365132000   46  235618000   62  561838000
15  893209000   31  899957000   47 1008430000   63   32819500
16 1044790000   32 1019470000   48  877496000   64  289328000
;

