_solve_elapsed_time = 6.29074

calculated_sum = 22543700000

target_sum = 22543700000

set_len = 86

x [*] :=
 1 1    9 1   17 1   25 1   33 0   41 0   49 1   57 0   65 0   73 0   81 0
 2 1   10 1   18 1   26 1   34 1   42 1   50 0   58 0   66 0   74 0   82 0
 3 0   11 1   19 0   27 1   35 0   43 1   51 0   59 0   67 0   75 0   83 1
 4 1   12 1   20 1   28 1   36 1   44 0   52 0   60 0   68 0   76 0   84 0
 5 0   13 1   21 1   29 1   37 0   45 0   53 0   61 0   69 1   77 0   85 0
 6 1   14 1   22 1   30 1   38 1   46 0   54 0   62 0   70 0   78 0   86 0
 7 1   15 1   23 1   31 1   39 1   47 0   55 0   63 0   71 0   79 0
 8 1   16 0   24 1   32 1   40 0   48 0   56 0   64 0   72 0   80 0
;

values [*] :=
 1  678153000   19  150783000   37  834927000   55  257720000   73  978195000
 2  129579000   20  556013000   38  124330000   56 1020950000   74  553177000
 3 1010250000   21  801589000   39  164019000   57  578995000   75  861945000
 4  175065000   22  303848000   40  467685000   58  996357000   76  861749000
 5  429922000   23  757843000   41  209469000   59  991046000   77 1058210000
 6  999435000   24  959477000   42  115281000   60  285600000   78  530007000
 7 1059200000   25  127302000   43  697905000   61  997469000   79  176678000
 8 1051250000   26  758999000   44  836715000   62  232653000   80  679768000
 9  866255000   27 1028600000   45  638199000   63  210547000   81  653534000
10  103096000   28  700466000   46  468290000   64  306107000   82  652660000
11  939878000   29  322711000   47  465726000   65  539768000   83 1029590000
12  657896000   30  412801000   48  884802000   66   53846900   84 1072260000
13  629505000   31  302683000   49   43744100   67  285785000   85  946498000
14  983655000   32  967007000   50  228075000   68 1062030000   86  998761000
15  935304000   33  279363000   51  682347000   69  107242000
16  298376000   34 1023200000   52  375593000   70  237745000
17  595062000   35 1027610000   53  230845000   71  434309000
18  812809000   36  622906000   54  521833000   72  244868000
;

