_solve_elapsed_time = 16.1487

calculated_sum = 22077300000

target_sum = 22077300000

set_len = 88

x [*] :=
 1 0    9 1   17 0   25 1   33 0   41 1   49 1   57 1   65 0   73 1   81 1
 2 0   10 0   18 1   26 1   34 0   42 0   50 1   58 0   66 1   74 0   82 1
 3 0   11 1   19 0   27 0   35 1   43 0   51 1   59 0   67 0   75 0   83 1
 4 1   12 0   20 0   28 0   36 0   44 0   52 0   60 1   68 1   76 1   84 1
 5 0   13 0   21 0   29 0   37 0   45 0   53 1   61 0   69 1   77 0   85 1
 6 0   14 0   22 1   30 1   38 0   46 0   54 1   62 1   70 1   78 0   86 0
 7 0   15 0   23 1   31 0   39 0   47 0   55 0   63 1   71 0   79 1   87 1
 8 1   16 1   24 0   32 1   40 1   48 1   56 1   64 1   72 0   80 1   88 1
;

values [*] :=
 1  140156000          31  202867000          61  632510000
 2  856877000          32  107250000          62   39705500
 3  299277000          33  630914000          63  490219000
 4  239970000          34  314487000          64  820841000
 5  820591000          35  157275000          65 1027550000
 6  278428000          36  894622000          66   81296100
 7  826898000          37  405287000          67  150051000
 8  982278000          38   55833600          68   30381200
 9  158275000          39  940634000          69  106518000
10  826785000          40 1045830000          70  946609000
11  944951000          41   24351800          71  477447000
12  252349000          42  317017000          72  100936000
13  303799000          43  483707000          73 1043890000
14  860690000          44  464647000          74  983070000
15  408547000          45  550814000          75    6817770
16  124328000          46  112737000          76   28551100
17  595848000          47  277469000          77   59114600
18 1053710000          48  160002000          78  730259000
19  838385000          49  991757000          79  887614000
20  722833000          50 1064030000          80  127227000
21  927248000          51  549493000          81  680999000
22  244826000          52          3.19e+08   82  879080000
23  322673000          53  194290000          83  906826000
24  604910000          54  475044000          84  907295000
25  384069000          55  344086000          85 1049890000
26  223592000          56  627847000          86  409400000
27 1025770000          57 1052050000          87  473071000
28  342571000          58  362291000          88  940778000
29  510599000          59  402373000
30   22682600          60  485906000
;

