_solve_elapsed_time = 33.5379

calculated_sum = 21502900000

target_sum = 21502900000

set_len = 90

x [*] :=
 1 0   10 1   19 0   28 0   37 1   46 0   55 1   64 1   73 0   82 0
 2 1   11 0   20 0   29 1   38 0   47 0   56 0   65 0   74 0   83 0
 3 0   12 0   21 1   30 1   39 1   48 1   57 0   66 0   75 1   84 1
 4 0   13 0   22 1   31 1   40 1   49 0   58 0   67 0   76 1   85 1
 5 1   14 1   23 1   32 0   41 0   50 0   59 1   68 0   77 1   86 0
 6 0   15 0   24 1   33 0   42 1   51 1   60 0   69 1   78 1   87 0
 7 1   16 1   25 1   34 1   43 1   52 0   61 0   70 0   79 0   88 1
 8 0   17 0   26 1   35 1   44 0   53 0   62 0   71 0   80 0   89 0
 9 0   18 0   27 1   36 1   45 1   54 0   63 0   72 0   81 0   90 0
;

values [*] :=
 1  270025000   19  513707000   37   30440500   55  422019000   73   61831400
 2  343230000   20  235897000   38  611716000   56   42812100   74  188351000
 3   91069400   21  622677000   39  629607000   57  522532000   75  572131000
 4   18228000   22 1008190000   40  201783000   58  487766000   76  835708000
 5  362671000   23   52961300   41  658221000   59  259758000   77  588054000
 6  893073000   24  545981000   42  156405000   60  672124000   78  693984000
 7  177694000   25  144102000   43  963474000   61  290798000   79  260984000
 8  504738000   26  394190000   44  629507000   62  268458000   80  496346000
 9  327002000   27  626471000   45  426241000   63  283398000   81  170828000
10  861984000   28   95190400   46  378497000   64  892092000   82  543464000
11  263854000   29  922286000   47  192218000   65  382187000   83  503029000
12 1021970000   30  466959000   48  843666000   66  138287000   84 1035070000
13  728998000   31  156763000   49  759836000   67   31169300   85   43870500
14  437916000   32  374170000   50  189603000   68  482105000   86  200622000
15  978581000   33  260573000   51 1039150000   69  745267000   87  926465000
16  920881000   34  605066000   52  291867000   70  489700000   88 1041730000
17   82420000   35  554637000   53  811096000   71  251290000   89  579660000
18  467620000   36  877763000   54  511211000   72  681257000   90  733003000
;

