_solve_elapsed_time = 19.1986

calculated_sum = 24827200000

target_sum = 24827200000

set_len = 92

x [*] :=
 1 0   10 1   19 1   28 1   37 1   46 1   55 0   64 0   73 0   82 1   91 1
 2 1   11 1   20 1   29 0   38 0   47 1   56 1   65 0   74 0   83 0   92 0
 3 1   12 0   21 1   30 1   39 1   48 1   57 1   66 1   75 1   84 1
 4 0   13 0   22 1   31 0   40 0   49 1   58 1   67 1   76 1   85 0
 5 1   14 1   23 1   32 0   41 1   50 1   59 0   68 0   77 0   86 0
 6 0   15 1   24 1   33 0   42 1   51 1   60 1   69 0   78 1   87 0
 7 1   16 0   25 0   34 1   43 1   52 1   61 0   70 1   79 0   88 0
 8 1   17 0   26 0   35 1   44 0   53 0   62 0   71 1   80 1   89 0
 9 1   18 1   27 1   36 1   45 1   54 0   63 0   72 0   81 1   90 1
;

values [*] :=
 1  150161000           32 1033290000           63  764013000
 2  755069000           33  399441000           64  608979000
 3  202960000           34  460430000           65  725412000
 4  404428000           35  858701000           66 1013520000
 5   50586300           36  497881000           67  220503000
 6 1056390000           37  142083000           68 1058970000
 7  142412000           38  718701000           69  387210000
 8  831287000           39  262778000           70  308641000
 9  882092000           40   51438000           71  992908000
10  735980000           41  135275000           72  653163000
11  924683000           42  130361000           73  549316000
12  654592000           43  112646000           74  604118000
13  620190000           44  157552000           75  185739000
14   13611800           45  308688000           76  143262000
15  944374000           46  919585000           77  892510000
16  623287000           47  521859000           78  761886000
17  609515000           48  948618000           79  208408000
18  128838000           49  742915000           80    8236010
19   23579300           50  488393000           81  796103000
20  133994000           51  949418000           82  438608000
21  117740000           52  843769000           83  610030000
22  280392000           53  725276000           84  847634000
23  214449000           54  530426000           85  510230000
24  118001000           55  750315000           86  989686000
25  544809000           56  466753000           87          1.028e+09
26  667376000           57  419875000           88  410132000
27  216748000           58    7862130           89  758380000
28   70239100           59  681462000           90  881564000
29  510343000           60  455200000           91  817502000
30  950975000           61 1014320000           92  246930000
31  685031000           62  590479000
;

